<?xml version="1.0" encoding="UTF-8"?>
<testsuite name="org.audiveris.omr.jaxb.refs.TestRefs" tests="2" skipped="0" failures="0" errors="0" timestamp="2019-04-22T15:57:20" hostname="MacBook-Air-de-Maria.local" time="0.055">
  <properties/>
  <testcase name="testInSequence" classname="org.audiveris.omr.jaxb.refs.TestRefs" time="0.043"/>
  <testcase name="testDummy" classname="org.audiveris.omr.jaxb.refs.TestRefs" time="0.012"/>
  <system-out><![CDATA[
---
testInSequence:
Marshalling ...
Marshalled   to   data/temp/test-refs/universe.xml
=========================================================
<?xml version="1.0" ?>
<universe>
  <store>
    <fruits>
      <orange name="orange 10" id="O10"></orange>
      <apple name="pomme 1" id="A1"></apple>
      <apple name="pomme 2" id="A2"></apple>
      <apple name="pomme 30" id="A30"></apple>
      <orange name="orange 1" id="O1"></orange>
      <orange name="orange 2" id="O2"></orange>
      <orange name="orange 3" id="O3"></orange>
    </fruits>
  </store>
  <basket>
    <apples>A1 A2 A30</apples>
    <oranges>O10 O1 O2 O3</oranges>
  </basket>
</universe>=========================================================
Unmarshalling ...
Unmarshalled from data/temp/test-refs/universe.xml
==================================
   org.audiveris.omr.jaxb.refs.Orange@1c28cee1 orange: orange 10
==================================
   org.audiveris.omr.jaxb.refs.Apple@63d9ae5c apple: pomme 1
==================================
   org.audiveris.omr.jaxb.refs.Apple@258979f4 apple: pomme 2
==================================
   org.audiveris.omr.jaxb.refs.Apple@a5aa1cb apple: pomme 30
==================================
   org.audiveris.omr.jaxb.refs.Orange@505f39a7 orange: orange 1
==================================
   org.audiveris.omr.jaxb.refs.Orange@7e5ad6be orange: orange 2
==================================
   org.audiveris.omr.jaxb.refs.Orange@10725658 orange: orange 3
+++ End testInSequence(org.audiveris.omr.jaxb.refs.TestRefs)

---
testDummy:
+++ End testDummy(org.audiveris.omr.jaxb.refs.TestRefs)
]]></system-out>
  <system-err><![CDATA[]]></system-err>
</testsuite>
