<?xml version="1.0" encoding="UTF-8"?>
<testsuite name="org.audiveris.omr.moment.LegendreMomentsTest" tests="1" skipped="0" failures="0" errors="0" timestamp="2019-05-16T20:57:09" hostname="MacBook-Air-de-Maria.local" time="0.623">
  <properties/>
  <testcase name="testAllShapes" classname="org.audiveris.omr.moment.LegendreMomentsTest" time="0.623"/>
  <system-out><![CDATA[order:10
LUT_RADIUS:50
shape:DOT_set
shape:HW_REST_set
shape:DAL_SEGNO
shape:DA_CAPO
shape:SEGNO
shape:CODA
shape:BREATH_MARK
shape:CAESURA
shape:FERMATA_ARC
shape:FERMATA_ARC_BELOW
shape:G_CLEF
shape:G_CLEF_SMALL
shape:G_CLEF_8VA
shape:G_CLEF_8VB
shape:C_CLEF
shape:F_CLEF
shape:F_CLEF_SMALL
shape:F_CLEF_8VA
shape:F_CLEF_8VB
shape:PERCUSSION_CLEF
shape:FLAT
shape:NATURAL
shape:SHARP
shape:DOUBLE_SHARP
shape:DOUBLE_FLAT
shape:TIME_ZERO
shape:TIME_ONE
shape:TIME_TWO
shape:TIME_THREE
shape:TIME_FOUR
shape:TIME_FIVE
shape:TIME_SIX
shape:TIME_SEVEN
shape:TIME_EIGHT
shape:TIME_NINE
shape:TIME_TWELVE
shape:TIME_SIXTEEN
shape:COMMON_TIME
shape:CUT_TIME
shape:TIME_FOUR_FOUR
shape:TIME_TWO_TWO
shape:TIME_TWO_FOUR
shape:TIME_THREE_FOUR
shape:TIME_FIVE_FOUR
shape:TIME_THREE_EIGHT
shape:TIME_SIX_EIGHT
shape:OTTAVA_ALTA
shape:OTTAVA_BASSA
shape:LONG_REST
shape:BREVE_REST
shape:QUARTER_REST
shape:EIGHTH_REST
shape:ONE_16TH_REST
shape:ONE_32ND_REST
shape:ONE_64TH_REST
shape:ONE_128TH_REST
shape:FLAG_1
shape:FLAG_1_UP
shape:FLAG_2
shape:FLAG_2_UP
shape:FLAG_3
shape:FLAG_3_UP
shape:FLAG_4
shape:FLAG_4_UP
shape:FLAG_5
shape:FLAG_5_UP
shape:SMALL_FLAG
shape:SMALL_FLAG_SLASH
shape:BREVE
shape:ACCENT
shape:TENUTO
shape:STACCATISSIMO
shape:STRONG_ACCENT
shape:ARPEGGIATO
shape:DYNAMICS_P
shape:DYNAMICS_PP
shape:DYNAMICS_MP
shape:DYNAMICS_F
shape:DYNAMICS_FF
shape:DYNAMICS_MF
shape:DYNAMICS_FP
shape:DYNAMICS_SF
shape:DYNAMICS_SFZ
shape:TR
shape:TURN
shape:TURN_INVERTED
shape:TURN_UP
shape:TURN_SLASH
shape:MORDENT
shape:MORDENT_INVERTED
shape:TUPLET_THREE
shape:TUPLET_SIX
shape:PEDAL_MARK
shape:PEDAL_UP_MARK
shape:DIGIT_0
15:57:10.131 [Test worker] DEBUG org.audiveris.omr.ui.symbol.OmrFont - Using cached font Serif
shape:DIGIT_1
15:57:10.132 [Test worker] DEBUG org.audiveris.omr.ui.symbol.OmrFont - Using cached font Serif
shape:DIGIT_2
15:57:10.133 [Test worker] DEBUG org.audiveris.omr.ui.symbol.OmrFont - Using cached font Serif
shape:DIGIT_3
15:57:10.134 [Test worker] DEBUG org.audiveris.omr.ui.symbol.OmrFont - Using cached font Serif
shape:DIGIT_4
15:57:10.135 [Test worker] DEBUG org.audiveris.omr.ui.symbol.OmrFont - Using cached font Serif
shape:DIGIT_5
15:57:10.137 [Test worker] DEBUG org.audiveris.omr.ui.symbol.OmrFont - Using cached font Serif
shape:ROMAN_I
15:57:10.138 [Test worker] DEBUG org.audiveris.omr.ui.symbol.OmrFont - Using cached font Serif
shape:ROMAN_II
15:57:10.139 [Test worker] DEBUG org.audiveris.omr.ui.symbol.OmrFont - Using cached font Serif
shape:ROMAN_III
15:57:10.140 [Test worker] DEBUG org.audiveris.omr.ui.symbol.OmrFont - Using cached font Serif
shape:ROMAN_IV
15:57:10.141 [Test worker] DEBUG org.audiveris.omr.ui.symbol.OmrFont - Using cached font Serif
shape:ROMAN_V
15:57:10.143 [Test worker] DEBUG org.audiveris.omr.ui.symbol.OmrFont - Using cached font Serif
shape:ROMAN_VI
15:57:10.144 [Test worker] DEBUG org.audiveris.omr.ui.symbol.OmrFont - Using cached font Serif
shape:ROMAN_VII
15:57:10.145 [Test worker] DEBUG org.audiveris.omr.ui.symbol.OmrFont - Using cached font Serif
shape:ROMAN_VIII
15:57:10.146 [Test worker] DEBUG org.audiveris.omr.ui.symbol.OmrFont - Using cached font Serif
shape:ROMAN_IX
15:57:10.148 [Test worker] DEBUG org.audiveris.omr.ui.symbol.OmrFont - Using cached font Serif
shape:ROMAN_X
15:57:10.149 [Test worker] DEBUG org.audiveris.omr.ui.symbol.OmrFont - Using cached font Serif
shape:ROMAN_XI
15:57:10.151 [Test worker] DEBUG org.audiveris.omr.ui.symbol.OmrFont - Using cached font Serif
shape:ROMAN_XII
15:57:10.152 [Test worker] DEBUG org.audiveris.omr.ui.symbol.OmrFont - Using cached font Serif
shape:PLUCK_P
15:57:10.154 [Test worker] DEBUG org.audiveris.omr.ui.symbol.OmrFont - Using cached font Serif
shape:PLUCK_I
15:57:10.155 [Test worker] DEBUG org.audiveris.omr.ui.symbol.OmrFont - Using cached font Serif
shape:PLUCK_M
15:57:10.156 [Test worker] DEBUG org.audiveris.omr.ui.symbol.OmrFont - Using cached font Serif
shape:PLUCK_A
15:57:10.157 [Test worker] DEBUG org.audiveris.omr.ui.symbol.OmrFont - Using cached font Serif
shape:CLUTTER
15:57:10.158 [Test worker] DEBUG org.audiveris.omr.ui.symbol.OmrFont - Using cached font Serif
DOT_set                        BasicLegendreMoments{ 1280 -000 -572 -000 -183 0000 0046 0000 0112 0000 0185 0000 -000 -000 0000 -000 -000 0000 0000 0000 0000 -572 0000 0112 0000 0235 0000 0061 0000 -212 0000 0000 -000 0000 0000 0000 0000 0000 -183 0000 0235 0000 -138 0000 -094 0000 -000 -000 0000 -000 -000 0046 -000 0061 0000 -094 0000 0000 0000 -000 0112 0000 -212 0000 -000 0185}
HW_REST_set                    BasicLegendreMoments{ 0780 0000 -738 -000 0475 0000 -169 -000 -075 -000 0192 -000 0000 -000 0000 -000 0000 0000 0000 -000 0000 -023 0000 0022 0000 -014 -000 0005 -000 0002 0000 -000 -000 -000 0000 -000 -000 0000 -036 0000 0034 0000 -022 0000 0008 0000 -000 -000 -000 0000 0000 -051 0000 0048 0000 -031 0000 -000 -000 0000 -066 0000 0063 0000 0000 -077}
DAL_SEGNO                      BasicLegendreMoments{ 0268 -000 -234 -005 0112 0017 0011 -027 -083 0025 0086 -000 0002 0003 -004 -008 0004 0012 -003 -012 0001 -062 0010 0057 -020 -032 0023 0006 -019 0011 0001 -009 0002 0013 -005 -008 0008 -006 -084 0007 0071 -009 -031 0001 -004 0009 0012 -012 -017 0016 0006 -016 -018 0021 0036 -022 0016 0001 -018 -005 0080 -007 -084 -077 -000 -029}
DA_CAPO                        BasicLegendreMoments{ 0220 0000 -200 -001 0111 0005 -011 -009 -062 0010 0088 -000 -003 0005 0006 -016 -009 0026 0010 -031 -009 -093 0001 0092 -001 -068 0001 0039 -001 -013 0030 -003 -028 0003 0017 0001 -004 -007 -016 0008 0005 -014 0019 0013 -041 0004 0018 -011 -032 0023 0031 0002 -008 0005 0015 -018 -063 -007 0065 0013 0017 0003 -022 0013 -013 -024}
SEGNO                          BasicLegendreMoments{ 0469 -000 -220 0000 -045 -000 -011 0001 0092 -003 0005 0000 0022 -004 -026 0003 0002 0002 0017 -004 -015 -353 -003 0166 0006 0026 -007 0032 0005 -105 0006 -045 -001 0042 0000 0003 -005 -010 0085 0006 -044 -009 0014 0009 -058 -014 0054 0013 -028 -010 -026 0088 -002 -031 -001 -042 0010 -050 -014 -003 -085 -004 0031 0007 0039 -015}
CODA                           BasicLegendreMoments{ 0394 0000 -290 0002 0090 -001 0001 -003 0012 0000 -043 -000 0001 -001 -001 0002 0001 -002 0000 0002 -001 -331 -001 0220 -000 -029 -000 -041 0004 0008 -002 -001 0003 0002 -004 -001 0004 -001 0148 0002 -052 -002 -076 0002 0088 0007 0002 -008 -003 0007 0002 -001 -003 -073 0003 0133 -014 -002 0014 0003 -054 0003 0103 0018 0002 0031}
BREATH_MARK                    BasicLegendreMoments{ 0414 0000 -271 0092 0089 -131 -018 0046 -022 0005 -002 -000 0012 -017 -043 0008 0042 0006 -009 0006 0003 -388 -010 0245 -074 -067 0116 0007 -036 0020 -006 -021 0039 0082 -017 -078 -016 0012 0249 0026 -138 0021 0007 -060 0016 0022 0019 -059 -090 0021 0085 -101 -037 0031 0028 0048 -039 -009 0069 0071 -001 0036 0033 0046 -000 0037}
CAESURA                        BasicLegendreMoments{ 0247 0000 -131 0001 -031 -002 0044 0001 0019 0001 -024 0000 -073 -000 0079 0001 -007 0000 -031 -002 0003 -177 0000 0115 -001 -012 0001 -019 0000 -002 -001 0086 0001 -100 -000 0021 -001 0028 0047 0001 -053 -001 0040 0001 -013 0001 -014 -001 0022 0001 -017 -000 -003 -013 0003 0018 0001 -040 0002 0059 0028 0002 0043 -003 0020 -049}
FERMATA_ARC                    BasicLegendreMoments{ 0299 -000 -264 0017 0138 -056 -019 0096 -045 -107 0049 0000 0000 -000 -000 0001 0001 -001 -001 0001 0002 -110 0052 0096 -105 -043 0132 -013 -126 0051 0000 -000 0000 0001 -001 -001 0001 0001 -015 -022 0042 0049 -083 -070 0114 -002 -001 0001 0001 0001 -001 -060 -055 0015 0094 0071 0002 0002 -001 -003 0051 0028 -042 0000 -000 0000}
FERMATA_ARC_BELOW              BasicLegendreMoments{ 0295 0000 -261 -017 0138 0056 -021 -097 -042 0107 0048 0000 0001 -000 -001 0000 0001 -001 -000 0000 -001 -110 -050 0097 0103 -045 -129 -010 0125 0048 -006 0002 0005 -003 -002 0002 -000 -001 -020 0023 0044 -051 -082 0072 0110 0001 0001 -002 -002 0004 0002 -052 0054 0008 -092 0075 0006 -004 -004 0007 0051 -031 -040 0001 -003 0001}
G_CLEF                         BasicLegendreMoments{ 0194 0000 -067 -008 0012 -005 -056 -004 0018 0030 0008 -000 -003 0005 -005 -006 0009 0006 -006 -004 0004 -202 0002 0064 0005 -008 0009 0056 0001 -016 -001 0006 -010 0010 0012 -021 -011 0012 0172 -007 -043 0002 -005 -016 -043 0002 -010 0013 -013 -016 0029 -131 0013 0016 -011 0020 -005 0014 -013 0014 0088 -018 0009 0008 -018 -050}
G_CLEF_SMALL                   BasicLegendreMoments{ 0206 -000 -071 -013 0012 -006 -055 -002 0020 0032 0006 0000 -002 0005 -005 -006 0010 0005 -006 -003 0005 -215 0002 0069 0011 -007 0010 0055 -002 -018 -000 0005 -011 0011 0013 -021 -011 0013 0183 -007 -046 -003 -006 -017 -042 0002 -009 0014 -015 -017 0029 -139 0014 0017 -007 0022 -004 0012 -015 0016 0093 -020 0010 0007 -016 -053}
G_CLEF_8VA                     BasicLegendreMoments{ 0155 -000 -053 -022 0004 0011 -031 -015 0014 0032 0010 0000 -002 0002 0000 -005 0002 0007 -001 -006 -000 -166 0002 0054 0021 -003 -009 0033 0013 -015 -000 0004 -005 -000 0010 -004 -015 0002 0150 -006 -043 -014 -003 0002 -030 0001 -007 0006 0000 -013 0006 -127 0012 0027 0004 0009 -003 0009 -006 -000 0100 -018 -011 0004 -011 -073}
G_CLEF_8VB                     BasicLegendreMoments{ 0172 -000 -050 0010 0011 -014 -035 0022 0011 -011 -024 -000 -001 0004 -004 -002 0007 -002 -006 0001 0005 -183 0000 0048 -011 -007 0016 0034 -024 -009 -000 0003 -008 0007 0005 -015 0004 0014 0164 -000 -034 0012 -003 -015 -025 0001 -005 0011 -010 -006 0021 -136 0000 0013 -012 0017 -003 0008 -012 0011 0104 -000 0008 0006 -010 -073}
C_CLEF                         BasicLegendreMoments{ 0494 -000 -173 0005 -112 -004 -001 -002 0089 0001 0012 0000 -001 0005 0002 -019 -002 0028 0002 -017 -000 -361 0001 0125 -004 0068 0002 0039 0003 -098 0026 0002 -021 -003 0020 0002 -026 -002 0055 -002 -017 0001 0019 0002 -082 -072 -003 0044 0002 0007 0000 0155 0002 -051 0001 -066 0086 0002 -051 -001 -157 -002 0044 -031 -001 0013}
F_CLEF                         BasicLegendreMoments{ 0237 -000 -182 0034 0076 -072 -021 0060 0000 -019 0009 0000 -011 -021 -002 0028 0026 -006 -025 -007 0017 -191 -004 0147 -012 -054 0038 -001 -038 0010 -002 0018 0037 0002 -051 -041 0017 0044 0072 0010 -056 -027 0003 0030 0038 0011 -015 -039 0005 0057 0028 0014 -014 -012 0049 0031 -029 0009 0040 -015 -027 0013 0026 0050 -008 -002}
F_CLEF_SMALL                   BasicLegendreMoments{ 0254 -000 -190 0037 0072 -077 -014 0062 -002 -016 0006 0000 -011 -023 -004 0032 0029 -008 -025 -008 0015 -204 -004 0153 -014 -047 0041 -010 -040 0012 0000 0017 0038 0006 -057 -047 0019 0046 0078 0010 -056 -028 -005 0030 0048 0005 -013 -037 -001 0059 0037 0013 -014 -015 0051 0039 -021 0007 0035 -009 -029 0013 0030 0046 -006 0001}
F_CLEF_8VA                     BasicLegendreMoments{ 0234 -000 -152 0008 0047 -005 -039 -009 0049 0003 -025 0000 -008 -014 -008 0011 0025 0010 -012 -014 -001 -214 0007 0133 -009 -023 -001 0012 0007 -035 -002 0015 0026 0014 -023 -046 -014 0026 0129 -019 -067 0009 -027 0012 0042 0008 -014 -030 -012 0030 0049 -050 0028 0007 -009 0067 -020 0009 0030 0006 0011 -028 0022 0035 -003 -012}
F_CLEF_8VB                     BasicLegendreMoments{ 0189 0000 -097 0063 0003 -092 0014 0029 -030 0012 0024 0000 -004 -004 0007 0008 -009 -013 0007 0016 -002 -180 -009 0087 -052 -000 0083 -005 -021 0018 -001 0008 0008 -014 -016 0018 0024 -015 0123 0026 -046 0018 -005 -048 -014 0005 -009 -012 0018 0018 -024 -062 -041 0004 0016 0011 -011 0009 0015 -018 0020 0048 0022 0021 -009 -007}
PERCUSSION_CLEF                BasicLegendreMoments{ 0483 -000 -019 -000 -025 0000 -029 0000 -031 0000 -031 -000 0000 -000 -000 -000 0000 0000 -000 -000 -000 -457 0000 0018 -000 0024 -000 0027 -000 0030 0000 0000 0000 0000 -000 -000 -000 -000 0288 -000 -011 -000 -015 0000 -017 0000 0000 0000 -000 -000 0000 -075 0000 0003 0000 0004 0000 -000 -000 0000 -127 -000 0005 0000 0000 0269}
FLAT                           BasicLegendreMoments{ 0130 -000 -082 -037 0040 0039 -019 -013 0008 0002 -019 0000 0007 -011 -005 0013 0006 -009 -009 0006 0007 -135 0000 0084 0039 -039 -040 0018 0011 -007 0002 -016 0022 0010 -027 -012 0019 0020 0113 -000 -068 -033 0028 0032 -010 -006 0022 -029 -014 0036 0016 -082 -000 0046 0024 -014 0015 -027 0028 0014 0046 0001 -022 -025 0028 -012}
NATURAL                        BasicLegendreMoments{ 0248 0000 -123 0005 0024 -007 0032 -023 -079 0030 0058 0000 0022 0001 -000 -003 -010 -002 0001 0003 -000 -253 -001 0129 -006 -025 0007 -036 0025 0084 -001 -046 -001 0001 0007 0021 0005 -002 0201 0003 -109 0006 0021 -006 0035 0005 0062 0001 -001 -010 -028 -128 -006 0081 -006 -015 -012 -068 0000 0001 0048 0007 -049 0021 0061 0027}
SHARP                          BasicLegendreMoments{ 0293 0000 -112 -002 -012 0004 0034 0001 -087 0004 0072 -000 -005 0001 0001 -002 0001 -002 -008 0003 0014 -304 0000 0114 0002 0014 -004 -033 -001 0087 -001 0011 -001 -002 0004 -001 0004 0016 0256 -000 -091 -002 -014 0004 0023 0003 -015 0001 0001 -006 0001 -187 0000 0059 0002 0013 -007 0017 -000 0000 0110 -000 -026 0012 -017 -036}
DOUBLE_SHARP                   BasicLegendreMoments{ 0706 0000 -297 -015 -210 0031 0194 -027 0030 0019 -015 0000 0000 -000 -000 -000 -000 -000 0000 0000 0000 -322 0012 0219 -020 -059 0018 0022 -013 -038 0000 -000 0000 -000 -000 0000 -000 0000 -174 -022 -080 0053 0336 -068 -252 0000 0000 -000 -000 -000 0000 0198 0015 0024 -038 -259 -000 -000 0000 0000 -024 -003 -010 -000 0000 0054}
DOUBLE_FLAT                    BasicLegendreMoments{ 0244 0000 -155 -055 0048 0081 -022 -025 0011 -007 -021 -000 0011 -014 -011 0022 0010 -014 -016 0007 0015 -227 0002 0140 0050 -038 -072 0015 0018 -006 0002 -018 0023 0018 -037 -016 0024 0027 0141 -005 -079 -027 0011 0040 0001 -004 0014 -017 -014 0028 0011 -052 0008 0020 0003 0012 0001 -000 0000 -000 -002 -010 0014 0014 -018 0006}
TIME_ZERO                      BasicLegendreMoments{ 0572 0000 -285 0008 -059 -006 0051 -009 0043 0003 0003 0000 0000 -000 -000 0001 -000 0001 0000 -002 -000 -332 -001 0091 -007 0134 0005 -042 0011 -066 -002 -000 0002 0000 -002 0000 -001 -001 -105 0002 0209 0005 -188 -003 -005 0005 0001 -005 -001 0002 -001 0312 -001 -295 -004 0119 -006 -001 0005 0001 -223 -001 0151 0004 0001 0058}
TIME_ONE                       BasicLegendreMoments{ 0520 -000 -105 0046 -134 -076 -058 0013 0039 0031 0068 -000 0027 0018 -032 -015 0017 -006 -013 0002 0013 -506 0006 0101 -032 0138 0049 0045 -006 -033 -011 -047 -020 0058 0017 -030 0015 0017 0367 -017 -075 -001 -109 0013 -012 0036 0041 -009 -057 0003 0029 -215 0023 0054 0031 0060 -062 -016 0051 0033 0098 -020 -048 0071 -012 -030}
TIME_TWO                       BasicLegendreMoments{ 0584 0000 -220 -014 -201 -011 0177 0087 -016 -102 0010 -000 0002 0002 0003 0008 -006 -024 0000 0023 -002 -424 0000 0155 0031 0130 -027 -082 -052 -022 -021 -009 -006 -011 0010 0036 0036 -019 0078 0012 -017 -062 0005 0080 -080 0056 0015 0012 0026 -049 -079 0131 -042 -067 0095 -072 -067 -008 -015 -037 -122 0067 0059 0039 -009 0021}
TIME_THREE                     BasicLegendreMoments{ 0616 -000 -224 0013 -178 -015 0098 -003 0034 0005 0031 -000 -005 -029 -001 0046 0013 -027 -013 0011 0007 -445 0006 0145 -021 0115 0020 0006 0000 -088 -025 0008 0060 0003 -067 -020 0031 0017 0063 -013 0017 0027 0013 -022 -164 0069 -005 -072 -003 0036 0012 0191 0012 -114 -018 -089 -090 0002 0054 0000 -210 -004 0103 0064 -001 0098}
TIME_FOUR                      BasicLegendreMoments{ 0442 -000 -224 -031 -034 0037 0017 0010 0066 -001 -012 0000 0033 0016 -035 -029 -005 0020 0030 -002 -018 -394 0014 0182 0015 0062 -029 -033 -020 -055 -020 -066 -004 0074 0029 -005 -020 -044 0228 -031 -072 0008 -088 0021 0047 0057 0076 -043 -095 0019 0029 -082 0032 -008 -008 0082 -076 -061 0085 0084 0004 -013 0033 0057 0029 0022}
TIME_FIVE                      BasicLegendreMoments{ 0594 0000 -180 -074 -158 0103 -016 0010 0112 -093 0038 -000 0023 -024 -039 0043 0031 -036 -012 0021 0009 -449 0023 0098 0017 0158 -050 0024 -011 -105 0007 -031 0034 0053 -069 -038 0060 0007 0101 -052 0054 0078 -114 -048 -031 -013 0008 -020 -016 0050 0003 0148 0056 -134 -123 0049 0002 0024 0006 -034 -185 -035 0102 0024 -036 0082}
TIME_SIX                       BasicLegendreMoments{ 0617 0000 -283 -018 -091 0041 0049 -046 0072 0041 -017 -000 0006 0030 -022 -050 0034 0029 -030 -005 0019 -436 0013 0156 -009 0111 -010 -015 0021 -095 0002 0000 -047 0019 0071 -040 -033 0037 0039 -027 0080 0042 -102 -034 -054 -003 -020 0030 0017 -032 0001 0224 0022 -202 -040 0049 -000 0032 0004 -046 -239 -004 0156 0004 -024 0121}
TIME_SEVEN                     BasicLegendreMoments{ 0414 -000 -169 0112 -109 -165 0128 0020 -080 0081 0045 0000 -011 -032 -003 0046 0017 -020 0002 0002 -013 -356 -041 0133 -047 0102 0120 -098 -015 0057 -007 0023 0070 0002 -096 -026 0040 -009 0186 0095 -046 -065 -073 -021 0035 0018 -030 -093 0005 0120 0022 -063 -102 -012 0110 0056 -021 0025 0088 -005 0034 0051 0015 0010 -007 -052}
TIME_EIGHT                     BasicLegendreMoments{ 0619 0000 -265 -001 -059 -001 -050 0004 0109 0002 0037 0000 0002 -006 -023 0010 0042 -008 -029 0007 0001 -431 0012 0164 -021 0022 0023 0129 -020 -144 0000 -008 0011 0043 -016 -070 0011 0043 0026 -023 0035 0040 0045 -043 -215 -001 0016 -011 -049 0016 0061 0227 0014 -143 -024 -081 0001 -025 0008 0046 -210 0008 0106 -002 0026 0050}
TIME_NINE                      BasicLegendreMoments{ 0625 0000 -296 0023 -078 -040 0039 0031 0087 -034 -043 -000 0001 -036 -015 0060 0031 -035 -031 0005 0024 -442 -012 0167 0004 0098 0006 -004 -003 -108 -008 0007 0060 0011 -084 -037 0034 0039 0045 0024 0073 -036 -095 0041 -061 0022 -022 -050 0018 0037 0002 0212 -016 -194 0032 0047 -033 0029 0022 -040 -222 -004 0147 0032 -022 0107}
TIME_TWELVE                    BasicLegendreMoments{ 0533 -000 -384 0003 0052 -013 0164 0033 -163 -054 0041 -000 0003 0002 -013 -009 0026 0023 -028 -037 0010 -220 -006 0153 0016 -009 -023 -084 0019 0080 0009 0002 -005 0007 0000 -023 -003 0028 -168 0007 0120 -020 -017 0036 -040 -008 -008 0001 0006 0013 0011 0170 0006 -110 -014 -003 -038 0009 0034 -003 0009 -022 -010 0102 -014 -080}
TIME_SIXTEEN                   BasicLegendreMoments{ 0559 -000 -414 0002 0090 -007 0109 0009 -092 -002 -028 -000 0003 -001 -017 -001 0042 0009 -060 -018 0056 -247 -002 0181 0002 -036 0000 -047 -004 0031 0016 0009 -015 -008 0009 -011 -004 0029 -141 0009 0092 -015 0008 0012 -066 -023 -021 0030 0041 -027 -049 0136 -015 -065 0022 -056 -030 0008 0010 -016 0055 0004 -072 0122 0007 -123}
COMMON_TIME                    BasicLegendreMoments{ 0415 0000 -236 0050 -018 -097 0055 0058 0014 -001 -007 -000 -020 0021 0043 -038 -048 0028 0033 -013 -016 -283 -006 0131 -034 0052 0073 -037 -032 -045 0040 0033 -063 -071 0061 0078 -021 -049 0010 0015 0063 0001 -094 -014 0003 -109 -027 0101 0057 -038 -056 0152 -017 -165 0021 0102 0133 0010 -092 -018 -143 0011 0135 -077 0006 0061}
CUT_TIME                       BasicLegendreMoments{ 0253 -000 -181 0016 0063 -030 0005 0037 -039 -042 0033 -000 -006 0005 0013 -011 -017 0013 0017 -012 -014 -237 -001 0161 -014 -045 0027 -012 -033 0039 0006 0012 -014 -025 0024 0032 -025 -033 0149 0004 -080 0007 -003 -015 0025 -019 -014 0029 0029 -034 -037 -054 -007 -006 0001 0051 0036 0012 -043 -025 -015 0009 0065 -045 -007 0038}
TIME_FOUR_FOUR                 BasicLegendreMoments{ 0282 0000 -029 -005 -078 -021 0010 0005 -034 0013 0004 -000 0007 0002 0006 0005 -013 -009 0001 -000 -004 -296 0002 0030 0006 0078 0020 -005 -004 0036 -002 -014 -003 -014 -009 0028 0017 -003 0255 -005 -023 -009 -059 -012 -008 0009 0021 0002 0020 0007 -043 -199 0008 0015 0012 0034 -019 -025 0000 -023 0138 -011 -007 0031 0026 -083}
TIME_TWO_TWO                   BasicLegendreMoments{ 0357 -000 -011 -001 -070 -011 -062 -011 -049 0001 0099 0000 0000 0000 0001 0001 0001 0003 -000 -001 -001 -356 0000 0010 0002 0069 0015 0059 0009 0049 -002 -001 -001 -002 -002 -003 -004 0002 0269 0000 -007 -003 -049 -022 -038 0008 0002 0002 0004 0005 0006 -155 -002 0003 0002 0023 -018 -004 -003 -007 0044 0005 0001 0029 0005 0041}
TIME_TWO_FOUR                  BasicLegendreMoments{ 0303 0000 -025 0040 -079 -008 -021 0019 0001 -070 0012 0000 0013 0009 0002 0003 -003 -005 -008 -006 0002 -311 -005 0026 -037 0077 0007 0021 -018 0005 -003 -027 -018 -004 -004 0007 0011 0017 0253 0014 -023 0021 -055 -004 -017 0011 0034 0024 0007 0002 -010 -176 -026 0020 -000 0025 -024 -035 -025 -010 0096 0035 -017 0038 0029 -029}
TIME_THREE_FOUR                BasicLegendreMoments{ 0306 -000 -023 0050 -082 -006 -013 0013 -000 -062 0014 -000 0009 0008 0007 0001 -005 0001 -009 -009 0004 -314 -004 0024 -047 0082 0003 0013 -010 0005 -002 -018 -017 -016 -001 0011 -002 0018 0257 0014 -019 0029 -062 0004 -011 0010 0023 0023 0023 -003 -018 -179 -025 0012 -005 0035 -022 -024 -024 -028 0097 0035 -005 0036 0021 -024}
TIME_FIVE_FOUR                 BasicLegendreMoments{ 0313 -000 0007 0011 -056 -024 0001 0039 -074 0007 -009 -000 0027 0006 0003 0003 -007 0002 -014 -006 0003 -321 -001 -006 -006 0054 0019 0003 -037 0076 -002 -057 -012 -007 -005 0015 -005 0030 0261 0003 0002 -005 -036 -004 -010 0008 0073 0015 0010 0003 -023 -179 -006 0001 0019 0013 -019 -074 -014 -014 0094 0009 -004 0031 0060 -021}
TIME_THREE_EIGHT               BasicLegendreMoments{ 0363 -000 -011 -005 -087 0011 -009 0034 -050 -045 0019 -000 -006 -000 0006 -007 -005 0005 -000 0005 0009 -362 0001 0011 0005 0083 -015 0005 -034 0053 -001 0012 0001 -012 0016 0011 -011 -000 0271 -004 -007 -005 -053 0018 0003 0005 -015 -001 0016 -023 -016 -152 0008 0002 0004 0014 -011 0015 -000 -016 0030 -010 0004 0018 -012 0068}
TIME_SIX_EIGHT                 BasicLegendreMoments{ 0363 0000 -018 0004 -092 -001 0012 0026 -067 -022 0017 0000 0005 0000 -007 0002 -006 -004 0012 0001 0002 -362 0002 0016 -001 0086 -004 -011 -028 0069 0000 -009 -001 0013 -004 0013 0009 -024 0271 -005 -008 -005 -051 0015 0006 -000 0009 0003 -016 0004 -016 -150 0008 -003 0013 0007 0000 -005 -005 0014 0027 -009 0013 0000 -002 0074}
OTTAVA_ALTA                    BasicLegendreMoments{ 0232 0000 -220 0003 0149 -010 -079 0015 0036 -014 -023 0000 -009 -014 0015 0038 -015 -053 0010 0049 -003 -100 -002 0090 0003 -052 -002 0018 0001 -003 0056 0004 -038 -005 -003 -000 0034 0007 -024 -002 0026 0003 -023 -000 0019 -060 0004 0051 -010 -025 0014 0005 0002 -000 -002 -006 -020 -002 0022 0003 0027 0008 -027 0017 -000 -043}
OTTAVA_BASSA                   BasicLegendreMoments{ 0249 -000 -230 0005 0146 -016 -066 0023 0022 -018 -014 0000 -021 -012 0035 0029 -031 -037 0016 0028 -002 -104 -007 0095 0011 -057 -010 0024 0007 -010 0038 0017 -023 -027 -007 0017 0023 0000 -046 0009 0040 -019 -021 0024 0003 -042 0005 0032 -012 -010 0017 0022 -005 -015 0012 0003 -001 -012 0007 0020 0049 0005 -043 -016 0000 -074}
LONG_REST                      BasicLegendreMoments{ 0614 -000 -012 0000 -018 0000 -024 0000 -032 0000 -037 0000 0000 0000 0000 -000 -000 -000 -000 0000 0000 -621 -000 0013 -000 0018 -000 0024 -000 0032 -000 -000 0000 0000 -000 0000 0000 0000 0486 0000 -010 0000 -014 0000 -019 -000 0000 -000 -000 -000 -000 -305 0000 0006 -000 0009 0000 -000 -000 0000 0119 0000 -002 0000 0000 0033}
BREVE_REST                     BasicLegendreMoments{ 1046 0000 -195 0000 -195 0000 -130 -000 -033 -000 0061 -000 0000 0000 0000 0000 -000 0000 0000 0000 -000 -791 0000 0147 -000 0147 -000 0099 0000 0025 0000 -000 -000 -000 -000 -000 -000 0000 0191 0000 -036 0000 -036 0000 -024 0000 0000 -000 0000 -000 -000 0210 0000 -039 0000 -039 -000 0000 0000 0000 -213 -000 0040 0000 -000 -015}
QUARTER_REST                   BasicLegendreMoments{ 0268 -000 -084 -007 -044 -015 0047 0024 -045 -032 0007 0000 -018 -005 0019 -003 0009 0012 -020 -010 0009 -282 0003 0088 0005 0042 0016 -043 -024 0045 0000 0038 0011 -040 0006 -019 -024 0042 0245 -008 -075 0002 -027 -014 0021 -002 -052 -016 0055 -009 0028 -194 0015 0056 -010 0007 0003 0059 0019 -062 0139 -022 -036 -005 -058 -087}
EIGHTH_REST                    BasicLegendreMoments{ 0199 0000 -128 0068 0052 -107 -015 0073 -029 -044 0031 -000 0013 -001 -021 0004 0017 -009 -009 0010 0001 -196 -008 0119 -059 -047 0101 0016 -067 0025 -001 -028 0002 0045 -008 -036 0018 0017 0141 0024 -072 0028 0024 -065 -016 0005 0039 -005 -062 0010 0048 -076 -041 0016 0006 0004 -011 -044 0008 0069 0020 0052 0032 0016 0044 0015}
ONE_16TH_REST                  BasicLegendreMoments{ 0180 0000 -111 0035 0030 -023 0009 -037 -027 0067 0004 -000 -006 0001 0010 -007 -012 0012 0013 -011 -009 -185 -003 0111 -034 -027 0024 -012 0039 0030 0000 0012 -001 -018 0014 0024 -024 -028 0152 0009 -083 0025 0012 -020 0015 -002 -013 0001 0018 -016 -028 -108 -016 0046 -013 0007 0004 0009 0002 -009 0065 0021 -009 -006 -002 -030}
ONE_32ND_REST                  BasicLegendreMoments{ 0153 0000 -084 0017 0003 0001 0022 -031 -014 0007 -012 0000 -013 0001 0017 -006 -011 0005 0002 0004 0006 -160 -001 0086 -017 -003 -000 -021 0031 0012 0000 0028 -001 -035 0012 0022 -011 -005 0136 0004 -071 0014 0001 -002 0013 -002 -037 0000 0044 -015 -028 -105 -007 0049 -009 0002 0004 0039 0001 -043 0071 0009 -026 -007 -035 -041}
ONE_64TH_REST                  BasicLegendreMoments{ 0135 -000 -066 0010 -009 0006 0019 -017 -002 -012 -014 -000 -016 0000 0018 -004 -006 0001 -004 0006 0006 -142 -001 0070 -011 0007 -005 -018 0016 0000 0000 0035 -001 -037 0009 0013 -003 0008 0123 0003 -061 0009 -003 0002 0009 -001 -047 0000 0050 -011 -016 -095 -004 0048 -006 -003 0003 0052 0001 -052 0066 0005 -034 -005 -050 -039}
ONE_128TH_REST                 BasicLegendreMoments{ 0119 -000 -053 0006 -014 0006 0014 -008 0005 -014 -010 -000 -017 0000 0016 -003 -002 -000 -005 0005 0003 -125 -001 0057 -006 0012 -005 -012 0008 -006 0000 0036 -000 -035 0006 0005 0001 0010 0109 0002 -052 0005 -005 0003 0006 -001 -050 0000 0047 -008 -007 -085 -003 0045 -004 -005 0002 0056 0001 -052 0060 0003 -037 -004 -055 -035}
FLAG_1                         BasicLegendreMoments{ 0118 0000 -067 0032 0026 -034 -013 0017 0003 -016 -001 0000 0023 0004 -026 0001 0015 -007 -008 0005 0006 -116 0000 0068 -035 -031 0036 0017 -019 -005 0000 -048 -009 0053 -003 -030 0015 0018 0084 -001 -053 0031 0034 -032 -023 -001 0063 0013 -068 0005 0040 -042 0003 0033 -026 -038 0001 -064 -016 0067 -001 -004 -012 -002 0053 0035}
FLAG_1_UP                      BasicLegendreMoments{ 0128 0000 -069 -030 0016 0032 -002 -018 -007 0019 0008 -000 -028 0003 0032 0002 -018 -006 0008 0004 -005 -124 0000 0069 0032 -021 -035 0007 0020 0005 -000 0058 -006 -066 -005 0036 0013 -018 0084 -001 -050 -028 0028 0033 -016 0001 -074 0010 0083 0007 -047 -033 0001 0027 0023 -035 -003 0073 -013 -079 -016 0000 -004 0004 -056 0051}
FLAG_2                         BasicLegendreMoments{ 0159 -000 -107 0019 0047 -009 -020 -015 0002 0015 0000 -000 0023 0005 -022 -000 0008 -002 -001 -004 -003 -158 0002 0110 -020 -052 0009 0021 0015 -000 0000 -048 -011 0046 0000 -017 0005 0002 0118 -005 -091 0017 0049 -007 -017 -002 0062 0015 -059 0001 0023 -064 0009 0063 -013 -043 0004 -061 -015 0060 0010 -012 -033 -007 0047 0034}
FLAG_2_UP                      BasicLegendreMoments{ 0154 0000 -105 -026 0048 0018 -015 0011 -003 -018 -001 0000 -022 0008 0021 -002 -009 -003 0002 -003 0005 -153 -003 0107 0028 -051 -018 0015 -010 0004 0001 0046 -017 -044 0003 0020 0007 -003 0113 0009 -087 -025 0046 0015 -012 -004 -059 0022 0057 -002 -027 -061 -015 0060 0021 -039 0008 0058 -023 -057 0008 0019 -030 -014 -044 0035}
FLAG_3                         BasicLegendreMoments{ 0130 -000 -083 0018 0030 -007 -001 -008 -009 0004 0007 -000 0010 0002 -008 -000 -001 -001 0004 -001 -004 -137 0000 0088 -020 -032 0007 0001 0008 0010 0000 -021 -005 0017 0000 0001 0002 -010 0121 -001 -078 0019 0030 -007 0001 -001 0031 0008 -023 -000 -002 -096 0002 0063 -018 -026 0001 -037 -011 0028 0066 -003 -045 -003 0040 -034}
FLAG_3_UP                      BasicLegendreMoments{ 0132 0000 -078 -020 0018 0009 0007 0010 -009 -009 0005 -000 -011 0003 0008 -001 0001 -001 -006 -001 0004 -139 -001 0082 0022 -020 -010 -009 -010 0011 0000 0024 -008 -018 0003 -003 0002 0013 0121 0002 -072 -022 0018 0009 0009 -001 -035 0012 0026 -004 0005 -094 -004 0057 0020 -016 0002 0042 -015 -030 0062 0006 -039 -003 -044 -029}
FLAG_4                         BasicLegendreMoments{ 0154 0000 -090 0008 0015 0005 0014 -008 -016 -007 0005 0000 0011 0002 -006 0001 -004 -001 0004 -001 -001 -163 0001 0096 -009 -016 -006 -016 0009 0017 0000 -024 -005 0012 -002 0008 0001 -009 0143 -002 -087 0008 0014 0006 0017 -001 0034 0007 -018 0003 -011 -114 0004 0072 -007 -012 0002 -040 -009 0021 0079 -006 -055 -004 0042 -041}
FLAG_4_UP                      BasicLegendreMoments{ 0154 0000 -093 -011 0019 -007 0013 0015 -011 0001 0001 0000 -011 0003 0006 0001 0002 -001 -004 -002 0001 -162 -001 0099 0012 -021 0007 -015 -016 0013 0000 0024 -007 -014 -002 -005 0002 0009 0142 0003 -089 -011 0018 -007 0015 -002 -034 0010 0020 0003 0007 -111 -007 0073 0011 -015 0004 0040 -013 -024 0075 0010 -054 -007 -041 -037}
FLAG_5                         BasicLegendreMoments{ 0120 -000 -069 0010 0010 0002 0013 -007 -008 -000 -002 -000 0005 0001 -002 0001 -003 -001 0002 -000 0000 -130 0000 0075 -011 -011 -002 -014 0008 0009 0000 -011 -003 0005 -001 0006 0002 -005 0122 -001 -070 0011 0011 0002 0014 -000 0017 0004 -007 0002 -009 -107 0001 0062 -011 -010 0001 -021 -005 0009 0089 -002 -052 -002 0025 -068}
FLAG_5_UP                      BasicLegendreMoments{ 0122 0000 -067 -014 0008 0003 0011 0006 -002 0001 -005 -000 -006 0002 0003 0000 0003 -002 -003 0001 -001 -132 -000 0073 0015 -009 -003 -012 -007 0003 0000 0013 -004 -006 -001 -007 0003 0006 0122 0001 -068 -015 0008 0002 0012 -000 -019 0006 0008 0001 0010 -107 -002 0060 0014 -007 0001 0024 -009 -010 0088 0003 -049 -002 -028 -066}
SMALL_FLAG                     BasicLegendreMoments{ 0130 0000 -071 0033 0021 -032 -007 0014 -002 -017 0002 0000 0027 0003 -031 0003 0017 -007 -008 0004 0005 -127 -000 0070 -035 -026 0035 0012 -016 0000 -000 -055 -006 0063 -007 -035 0016 0017 0090 0001 -053 0031 0032 -033 -021 0001 0072 0009 -080 0010 0045 -041 -001 0030 -026 -037 -002 -072 -012 0077 -007 0001 -007 0004 0059 0044}
SMALL_FLAG_SLASH               BasicLegendreMoments{ 0169 -000 -098 0028 0028 -021 -003 0005 -013 -016 0015 -000 0026 -002 -026 0012 0008 -017 -000 0012 0001 -164 -000 0097 -030 -034 0024 0009 -006 0011 0000 -054 0003 0053 -026 -016 0036 0001 0114 0001 -072 0028 0039 -025 -019 -001 0069 -001 -066 0033 0020 -050 -002 0039 -024 -044 0001 -068 -004 0061 -012 0002 -008 -002 0053 0056}
BREVE                          BasicLegendreMoments{ 0483 0000 -447 -000 0274 0001 -091 -002 -033 0002 0076 -000 -001 -002 0001 0005 -002 -008 0002 0007 -002 -027 -000 0042 0001 -057 -001 0054 0001 -022 0054 0001 -045 -003 0017 0004 0007 -005 -169 0000 0153 -001 -092 0001 0040 0017 -002 -013 0005 0001 -007 -022 0000 -006 -000 0060 -059 0003 0046 -007 -051 -000 0067 -064 -004 0086}
ACCENT                         BasicLegendreMoments{ 0252 -000 -225 0000 0120 0000 -015 -001 -047 0003 0054 0000 -001 -034 0001 0093 -001 -136 0000 0136 -000 -126 0001 0117 -002 -068 0000 0006 0002 0051 0013 -000 0022 0000 -087 0001 0138 -001 -022 -002 0008 0003 0014 -002 -016 -005 0001 0003 -001 0005 -001 0024 -000 -015 -000 -005 -017 0002 0004 -004 0014 0000 -006 -003 -004 -011}
TENUTO                         BasicLegendreMoments{ 0348 0000 -379 0000 0359 0000 -327 0000 0284 0000 -234 -000 0000 0000 0000 -000 0000 0000 0000 0000 0000 0038 0000 -041 0000 0039 0000 -036 0000 0031 0000 0000 0000 0000 -000 0000 0000 0000 0056 0000 -061 0000 0058 0000 -053 -000 0000 0000 0000 -000 0000 0076 0000 -083 0000 0079 -000 0000 0000 0000 0099 0000 -108 -000 0000 0123}
STACCATISSIMO                  BasicLegendreMoments{ 0480 0000 -328 0083 0088 -129 0041 0048 -095 0035 0053 -000 0003 0000 -004 0005 0006 -007 -009 0003 0006 -433 -036 0287 -030 -078 0089 -019 -033 0066 -002 -005 0001 0003 -009 -008 0013 0017 0255 0090 -146 -066 0034 -004 -017 0007 0003 -001 0004 0009 0003 -095 -117 0015 0118 0020 -008 -002 -001 -011 0017 0097 0054 0003 0003 -010}
STRONG_ACCENT                  BasicLegendreMoments{ 0283 0000 -165 -022 -001 0017 0039 0024 -008 -025 -015 0000 0018 0000 -020 -004 0005 0005 0004 0002 -002 -262 0028 0156 -012 -011 -008 -024 -014 0008 -006 -042 0006 0047 0006 -013 -012 -008 0163 -074 -102 0073 0026 -014 -008 0022 0063 -021 -074 0000 0025 -062 0107 0040 -120 -028 -039 -075 0044 0089 0000 -107 0009 0047 0072 0015}
ARPEGGIATO                     BasicLegendreMoments{ 0127 -000 -001 -000 -009 -002 -021 0000 -004 0001 0036 -000 -002 -000 -003 -000 -001 0000 0003 -000 0005 -140 0000 0001 0000 0009 0002 0023 -000 0004 -000 0004 0000 0006 0000 0003 -000 -008 0137 -000 -001 -000 -009 -002 -021 0000 -007 -000 -009 -000 -005 -130 0000 0001 0000 0009 -000 0009 0000 0012 0122 -000 -001 0000 -011 -112}
DYNAMICS_P                     BasicLegendreMoments{ 0396 0000 -254 0046 0028 -085 0035 0024 0013 0072 -023 -000 -077 -039 0088 0059 -017 -017 -023 -018 0003 -300 0007 0204 -028 -036 0033 -026 0015 -003 0022 0112 0038 -128 -080 0023 0036 0043 0085 -014 -074 0002 0033 0037 0003 -071 -065 0025 0072 0035 -003 0050 0020 -020 -009 -016 0115 0001 -086 0008 -060 -033 0036 -113 0025 0013}
DYNAMICS_PP                    BasicLegendreMoments{ 0372 -000 -333 0014 0185 -045 -043 0071 -032 -064 0034 0000 -034 -012 0060 0030 -055 -037 0026 0026 0003 -162 0002 0147 -007 -086 0016 0025 -020 0010 0007 0005 -005 -010 0000 0009 0004 -005 -070 0002 0065 -004 -040 0004 0014 0013 0050 0004 -087 -032 0080 0048 -008 -052 0009 0044 -069 -043 0053 0074 0024 0013 -016 0074 0012 -004}
DYNAMICS_MP                    BasicLegendreMoments{ 0347 -000 -330 0014 0225 -044 -118 0066 0042 -056 0000 -000 0009 0005 -016 -012 0014 0016 -006 -014 -001 -169 -023 0147 0032 -077 -012 0017 -016 0010 -018 -020 0008 0034 0010 -031 -022 0016 -035 0039 0054 -065 -074 0055 0074 0028 0025 -016 -044 -009 0040 0022 -025 -034 0039 0045 -019 -022 0006 0037 0027 0008 -021 0019 0016 0020}
DYNAMICS_F                     BasicLegendreMoments{ 0274 -000 -123 0022 -065 -041 0062 0023 0019 0004 -019 0000 -103 -010 0099 0007 0016 0012 -062 -014 0010 -212 0003 0135 -017 -011 0029 -028 -020 0012 0000 0148 0014 -147 -010 -010 -016 0077 0085 -006 -127 0005 0116 -003 -025 -003 -084 -005 0099 0005 -027 -034 0004 0109 0004 -134 0008 0008 -007 -039 0059 -000 -083 -014 -001 -076}
DYNAMICS_FF                    BasicLegendreMoments{ 0365 -000 -250 0013 0014 -037 0116 0050 -082 -036 -015 -000 -088 -006 0126 0011 -061 -006 -034 -005 0070 -231 0001 0179 -010 -055 0023 -029 -029 0038 0000 0075 0005 -109 -010 0058 0005 0021 0046 0001 -047 -001 0036 0001 -018 -002 0014 0004 -019 -006 0007 0004 -007 -034 0010 0068 0004 -027 -008 0047 -032 0010 0079 -003 -002 0084}
DYNAMICS_MF                    BasicLegendreMoments{ 0305 -000 -269 0006 0147 -019 -047 0027 0007 -022 -009 0000 -032 0024 0052 -060 -036 0078 0001 -062 0024 -178 -041 0160 0060 -094 -028 0039 -023 -013 0003 0021 -019 -034 0044 0025 -059 -005 0009 0065 -002 -101 -007 0066 0008 0007 0018 -017 -028 0028 0020 0016 -039 -036 0063 0059 -021 -018 0029 0033 0004 0017 0019 -006 0004 0011}
DYNAMICS_FP                    BasicLegendreMoments{ 0303 0000 -251 -001 0107 -001 0006 0012 -039 -027 0016 0000 -024 -016 0042 0042 -038 -059 0017 0053 0006 -185 0025 0147 -038 -053 0024 -013 -003 0022 -015 0004 0023 -008 -035 0009 0042 -006 0012 -033 0012 0049 -045 -026 0050 0019 0043 -006 -074 -019 0065 0028 0008 -059 -008 0093 -010 -046 -004 0082 -009 0006 0039 0037 0022 0021}
DYNAMICS_SF                    BasicLegendreMoments{ 0320 0000 -232 0007 0055 -016 0029 0016 -011 -005 -015 0000 -067 0022 0090 -049 -034 0049 -026 -020 0033 -234 -037 0183 0040 -068 0005 0002 -043 0005 0023 0090 -033 -120 0044 0048 -045 0030 0064 0065 -067 -080 0052 0014 -026 -041 -048 0010 0065 0027 -028 0024 -042 -012 0059 -005 0006 0013 0037 -017 -034 0009 0033 0052 -010 0031}
DYNAMICS_SFZ                   BasicLegendreMoments{ 0354 0000 -299 0002 0144 -005 -029 0006 -008 -003 0006 0000 -046 -003 0067 0007 -036 -006 -012 -002 0031 -194 0005 0153 -008 -053 0007 -016 -002 0026 0020 0071 -017 -100 0008 0042 -005 0040 -036 -014 0042 0024 -043 -019 0042 -036 -058 0037 0079 -031 -027 0072 0018 -048 -031 0005 0015 0033 -021 -052 0015 -010 -045 0007 -012 -062}
TR                             BasicLegendreMoments{ 0374 -000 -320 0007 0157 -027 -022 0056 -031 -075 0024 0000 -015 -008 0029 0017 -034 -016 0031 0001 -027 -262 -016 0209 0030 -073 -030 -026 0013 0045 0037 0011 -021 -018 -008 0016 0021 -010 0089 0014 -050 -034 -024 0052 0063 -054 0006 0035 -016 0003 0024 -024 0019 0001 -025 0034 0013 -014 0001 0026 -017 -039 0027 -005 0026 0063}
TURN                           BasicLegendreMoments{ 0415 0000 -391 -001 0248 0003 -079 -006 -062 0007 0141 -000 0008 0001 -016 -002 0021 0003 -023 -003 0022 -049 0007 0045 -014 -026 0016 0005 -014 0011 0001 -021 0000 0042 -002 -053 0004 0052 -093 -003 0063 0006 0016 -008 -102 -003 0025 0000 -050 0005 0060 -022 -003 0048 0005 -091 -003 -022 0005 0045 -040 -002 0043 0003 0018 0002}
TURN_INVERTED                  BasicLegendreMoments{ 0415 -000 -391 0001 0248 -003 -079 0006 -062 -007 0141 -000 -008 0001 0016 -002 -021 0003 0023 -003 -022 -049 -007 0045 0014 -026 -016 0005 0014 0011 0001 0021 0000 -042 -002 0053 0004 -052 -093 0003 0063 -006 0016 0008 -102 -003 -025 0000 0050 0005 -060 -022 0003 0048 -005 -091 -003 0022 0005 -045 -040 0002 0043 0003 -018 0002}
TURN_UP                        BasicLegendreMoments{ 0383 -000 -051 -002 -088 -004 -031 -003 -024 0010 0014 0000 -008 -005 0020 0002 -024 0004 0021 -001 -015 -365 -000 0049 0003 0062 0004 0055 0003 0026 0001 0017 0010 -041 -005 0049 -007 -044 0238 -000 -031 -003 0010 -003 -094 -002 -022 -012 0052 0007 -060 -086 0001 0011 0004 -090 0004 0024 0011 -050 -047 -001 0006 -006 -021 0126}
TURN_SLASH                     BasicLegendreMoments{ 0408 0000 -380 -001 0234 0002 -066 -004 -067 0005 0138 -000 0007 -001 -015 0002 0020 -004 -023 0006 0023 -115 0005 0100 -010 -049 0010 -000 -008 0028 -000 -018 0000 0036 0001 -046 -002 0046 -071 -003 0060 0005 -017 -006 -041 0001 0023 0000 -045 -003 0056 -039 -004 0052 0008 -073 -003 -020 0004 0041 0028 0002 -019 0006 0017 0003}
MORDENT                        BasicLegendreMoments{ 0395 0000 -405 0000 0332 -001 -235 0003 0139 -004 -062 -000 -002 0000 0006 -001 -009 0002 0013 -003 -017 -117 -002 0118 0004 -092 -005 0059 0006 -028 0002 -015 -003 0031 0003 -042 -003 0046 -058 -000 0060 0001 -050 0000 0038 0002 -023 -002 0046 0002 -058 0077 0004 -070 -008 0036 -007 0045 0007 -093 -089 -001 0082 -002 -013 0010}
MORDENT_INVERTED               BasicLegendreMoments{ 0368 -000 -362 0003 0272 -007 -181 0010 0116 -007 -072 0000 0001 -001 -002 0003 0002 -004 -001 0005 -002 -218 0001 0200 -004 -126 0010 0061 -013 -027 0002 -006 -000 0013 -002 -018 0003 0020 0027 0002 -002 -001 -042 -003 0066 -008 -004 0006 0009 -001 -010 0004 -006 -026 0010 0054 0017 0027 -013 -057 0004 0006 0014 -022 -027 -010}
TUPLET_THREE                   BasicLegendreMoments{ 0430 -000 -161 -022 -133 0023 0080 0021 0053 -037 -021 0000 -085 -017 0090 0032 -009 -020 -026 -005 0002 -349 0019 0133 -000 0087 -018 -021 -015 -079 -031 0116 0045 -107 -047 -011 0018 0035 0151 -029 -063 0012 0001 0017 -067 0082 -042 -071 0002 0034 0062 -025 -001 0018 0027 -041 -092 -057 0070 0118 0005 0047 -008 0039 0097 -020}
TUPLET_SIX                     BasicLegendreMoments{ 0573 0000 -233 -039 -074 0040 -029 0006 0098 0003 -006 0000 -059 0029 0025 -030 0049 -003 -034 0008 -007 -448 0004 0160 0016 0073 -006 0042 -027 -092 -002 0089 -048 -025 0047 -091 0009 0044 0121 -012 0007 0027 -056 -051 -057 0005 -051 0037 -021 -031 0091 0145 0019 -135 -054 0037 -007 -023 -012 0077 -229 -019 0161 0004 0074 0155}
PEDAL_MARK                     BasicLegendreMoments{ 0311 0000 -274 -006 0141 0017 -010 -021 -067 0004 0077 -000 0039 -007 -071 0017 0070 -020 -046 0014 0019 -147 0004 0129 -001 -066 -011 0006 0025 0028 0010 -028 0005 0046 -027 -038 0038 0016 -038 0001 0036 -004 -025 0011 0013 -017 -007 0009 0019 0006 -031 0030 -009 -029 0014 0023 0018 -003 -022 0004 0015 0006 -015 -016 0015 -006}
PEDAL_UP_MARK                  BasicLegendreMoments{ 0588 0000 -404 0004 0064 -004 0074 -006 -006 0014 -078 0000 -002 0002 0001 -005 0004 0005 -008 -003 0006 -370 0002 0213 -008 0034 0008 -097 0005 0013 -001 0005 -002 -003 0006 -006 -007 0013 0008 -003 0066 0008 -118 -007 0054 0002 -006 0001 0005 -005 0004 0102 -001 -116 -000 0061 0000 0005 -002 -005 -002 0006 0014 0000 -003 -082}
DIGIT_0                        BasicLegendreMoments{ 0449 -000 -174 -002 -075 0000 -001 0007 0043 -000 0034 0000 -001 -000 0001 0004 0000 -005 -001 0001 -001 -285 -005 0050 0006 0108 0001 0019 -010 -057 0007 0001 -004 -002 -006 -001 0011 0003 -059 0014 0163 -011 -124 -005 -053 -020 -001 0012 0003 0008 0001 0284 -019 -263 0011 0080 0028 0001 -016 -004 -267 0016 0178 -022 -001 0092}
DIGIT_1                        BasicLegendreMoments{ 0362 -000 0021 -008 -037 -021 -082 -026 -065 -008 -001 -000 0009 -007 0003 0002 -008 0008 -008 0003 0002 -385 0005 -011 0013 0039 0022 0077 0022 0060 -001 -017 0014 -005 -004 0015 -016 0016 0346 -016 -014 -020 -035 -018 -047 0004 0019 -018 0005 0004 -017 -290 0026 0042 0028 0030 -009 -013 0017 -003 0231 -032 -061 0014 0004 -176}
DIGIT_2                        BasicLegendreMoments{ 0389 0000 0042 0053 -211 -057 -096 -041 0091 0049 0080 -000 -014 -039 0016 0035 -014 0006 0019 0003 -008 -333 0016 -033 -036 0162 0017 0103 0040 -075 -019 0030 0074 -050 -057 0042 -010 -023 0159 -040 0010 -001 -039 0056 -092 0057 -042 -084 0093 0046 -074 -008 0049 0006 0028 -056 -084 0045 0071 -118 -058 -032 -004 0071 -037 0052}
DIGIT_3                        BasicLegendreMoments{ 0353 -000 -061 0053 -079 -006 -095 -102 0079 0034 0021 0000 -002 -054 -037 0027 0030 0046 0028 -018 -011 -318 0013 0070 -042 0053 -010 0100 0077 -089 -024 -002 0100 0057 -037 -040 -089 -041 0186 -033 -065 0020 0004 0029 -089 0076 0011 -107 -035 0010 0008 -066 0043 0044 -015 -041 -120 -018 0082 -006 -002 -038 -010 0119 0014 0028}
DIGIT_4                        BasicLegendreMoments{ 0373 0000 -209 -045 -002 0084 0037 -059 -035 0028 0075 0000 -011 0030 0015 -042 -017 0011 0023 0016 -015 -331 0017 0166 0013 0031 -048 -044 0030 0022 -036 0013 -029 -010 0067 0010 -015 -026 0193 -039 -063 0036 -070 -012 0046 0112 -002 -019 -018 -052 0024 -084 0040 -004 -049 0079 -172 -006 0068 0036 0031 -021 0014 0172 -001 -006}
DIGIT_5                        BasicLegendreMoments{ 0324 0000 -092 0081 -058 -065 -054 -047 0096 0002 -037 -000 -018 -020 -033 0001 0072 0018 -028 0016 -005 -298 0013 0090 -085 0046 0056 0052 0049 -092 -006 0028 0039 0068 0001 -134 -032 0052 0175 -033 -062 0073 -014 -028 -038 0021 -014 -044 -087 -008 0137 -042 0047 0025 -055 -012 -037 -014 0037 0083 -052 -044 0013 0042 0036 0087}
ROMAN_I                        BasicLegendreMoments{ 0401 0000 0085 0000 -004 0000 -107 0000 -138 -000 -084 0000 -000 -018 -000 -003 -000 0011 -000 0011 0000 -415 -000 -059 -000 0017 -000 0099 -000 0117 -004 -000 0032 0000 0004 0000 -020 0000 0350 0000 -009 0000 -039 0000 -059 0016 -000 -032 -000 -001 -000 -272 0000 0074 0000 0058 -030 0000 0021 -000 0203 -000 -108 0039 0000 -152}
ROMAN_II                       BasicLegendreMoments{ 0504 0000 -142 0000 -184 -000 0008 -000 0163 0000 0021 -000 -000 -011 0000 0013 -000 0005 -000 -012 0000 -320 0000 0105 -000 0103 0000 -015 0000 -089 -003 0000 0007 -000 -006 0000 -002 -000 -054 0000 0015 0000 0020 -000 -001 -003 0000 0015 -000 -016 0000 0299 -000 -150 0000 -045 0026 0000 -032 0000 -320 -000 0207 -040 -000 0193}
ROMAN_III                      BasicLegendreMoments{ 0447 0000 -279 0000 -033 -000 0162 0000 -050 0000 -110 0000 0000 -004 -000 0009 -000 -007 0000 -001 -000 -144 -000 0094 -000 0002 0000 -046 -000 0019 0022 -000 -016 0000 0003 -000 0005 0000 -156 -000 0106 -000 -006 0000 -046 -046 0000 0037 -000 -013 0000 0017 -000 -019 -000 0014 0020 0000 -009 0000 0251 0000 -195 0030 0000 -274}
ROMAN_IV                       BasicLegendreMoments{ 0289 0000 -226 0010 0066 -026 0053 0026 -073 0001 0021 -000 -010 -011 0012 0022 0002 -019 -015 -000 0014 -145 -007 0119 0008 -048 -000 -009 -007 0027 0022 -012 -002 0028 -028 -038 0038 0032 -059 -016 0039 0023 0002 -012 -025 -011 0038 0003 -067 0012 0063 0101 0061 -078 -101 0023 -070 -017 0055 0027 -036 -065 0025 0132 -017 -025}
ROMAN_V                        BasicLegendreMoments{ 0281 0000 -181 0021 0005 -034 0065 0000 -032 0039 -019 0000 0010 0003 -014 -005 0008 0002 -002 0000 -000 -219 -047 0143 0048 -016 -002 -029 -012 0012 0012 -026 -016 0037 0013 -022 -001 0004 0076 0106 -044 -140 0010 0062 -019 -035 0042 0039 -060 -026 0036 0018 -117 -036 0162 0030 0053 -046 -061 0063 -035 0080 0066 -048 0033 0014}
ROMAN_VI                       BasicLegendreMoments{ 0283 0000 -223 0009 0068 -025 0049 0026 -073 -001 0024 0000 0018 0010 -026 -021 0013 0017 0007 -000 -013 -129 -015 0105 0023 -038 -014 -014 0001 0027 -011 0002 -008 -010 0034 0022 -040 -023 -093 0008 0075 -020 -025 0029 -012 -002 -045 0010 0081 -023 -078 0137 0030 -114 -045 0049 0051 0051 -037 -087 -027 -052 0018 -072 -022 -084}
ROMAN_VII                      BasicLegendreMoments{ 0253 -000 -227 0003 0122 -011 -011 0018 -060 -018 0072 0000 0012 0005 -022 -014 0020 0018 -008 -015 -006 -090 -010 0080 0017 -041 -015 0001 0006 0023 -027 0002 0017 -005 0006 0012 -027 -017 -077 -005 0074 0008 -051 -008 0025 0029 -010 -026 0021 0013 -027 0031 0026 -031 -050 0026 -005 -015 0008 0029 0071 -010 -067 0033 0032 -059}
ROMAN_VIII                     BasicLegendreMoments{ 0224 0000 -215 0001 0146 -005 -061 0010 -014 -014 0059 -000 0008 0003 -016 -008 0018 0013 -013 -014 0005 -067 -007 0063 0013 -040 -014 0012 0010 0011 -026 0002 0022 -004 -009 0007 -006 -010 -053 -004 0055 0008 -045 -010 0031 0017 -001 -019 0002 0017 -002 -017 0009 0016 -018 -010 0011 -014 -008 0030 0063 0011 -063 0005 0006 0003}
ROMAN_IX                       BasicLegendreMoments{ 0396 0000 -261 -006 -009 0016 0149 -017 -087 0004 -055 0000 0012 -002 -020 0004 0016 0000 -006 -008 -002 -151 0012 0117 -018 -036 0012 -020 0001 0026 -011 -008 0029 0011 -048 -007 0043 0002 -124 -021 0080 0037 0006 -033 -053 0056 -013 -080 0024 0098 -024 0085 0015 -095 -023 0086 -097 0024 0104 -042 0077 -006 -021 0062 -023 -137}
ROMAN_X                        BasicLegendreMoments{ 0409 -000 -160 -019 -138 0031 0094 -003 0082 -017 -053 0000 0022 -005 -028 0006 0009 0001 0009 -003 -011 -289 0009 0175 -005 0002 -009 -041 0012 -005 -005 -042 0007 0054 -005 -018 0002 -017 0058 -019 -142 0038 0177 -030 -066 0007 0048 -007 -061 0006 0021 0063 0016 0072 -044 -205 0001 -044 0010 0054 -075 -003 -007 -002 0036 0061}
ROMAN_XI                       BasicLegendreMoments{ 0358 0000 -252 -005 0019 0013 0126 -016 -104 0007 -015 -000 0004 -002 -007 0006 0006 -007 -001 0007 -005 -129 -008 0102 0014 -033 -014 -019 0009 0028 0023 -008 -035 0015 0045 -014 -038 0005 -118 0020 0084 -032 -006 0024 -044 -085 0004 0101 -009 -103 0011 0064 -024 -070 0043 0062 0110 0009 -110 -014 0099 0015 -052 -033 -019 -131}
ROMAN_XII                      BasicLegendreMoments{ 0311 0000 -264 -002 0113 0005 0035 -009 -112 0010 0096 0000 0001 -001 -001 0003 0001 -005 -000 0007 -001 -084 -005 0075 0009 -039 -011 0002 0009 0019 -012 0001 0003 -002 0016 0002 -031 -001 -112 0009 0104 -017 -064 0018 0021 -003 -008 0008 0016 -018 -017 0039 -003 -050 0006 0059 -002 0013 0012 -025 0030 -009 -022 0062 -005 0052}
PLUCK_P                        BasicLegendreMoments{ 0349 -000 -145 0073 -047 -046 0034 -107 -021 0095 0008 -000 -039 -041 0022 0040 0007 0002 0012 -002 -010 -291 -009 0109 -047 0058 0021 -038 0108 0019 0020 0071 0057 -035 -066 -024 -007 -011 0115 0021 -017 -008 -062 0026 0035 -067 -071 -020 0025 0048 0048 0050 -024 -062 0045 0052 0115 0047 -046 -003 -136 0014 0094 -128 -017 0136}
PLUCK_I                        BasicLegendreMoments{ 0225 0000 -047 -089 0016 -023 -018 0074 0008 0002 0013 0000 0003 0002 -001 -004 -002 -000 -000 0003 0004 -244 0002 0053 0097 -020 0022 0019 -079 -007 0000 -006 -005 0003 0008 0003 0001 0001 0229 -007 -052 -092 0025 -015 -017 -002 0007 0006 -003 -009 -003 -206 0013 0050 0083 -030 0003 -006 -006 0001 0177 -019 -047 -006 0003 -146}
PLUCK_M                        BasicLegendreMoments{ 0524 0000 -382 0007 0057 -019 0161 0021 -151 -003 -007 0000 0019 -009 -031 0023 0022 -028 0000 0019 -019 -124 0025 0085 -039 -001 0024 -054 0005 0048 0026 -003 -022 0003 0010 -001 0001 -002 -171 -007 0135 0012 -044 -009 -024 -024 -008 0025 0013 -020 -011 -065 -036 0064 0051 -044 -055 -024 0062 0038 0265 0026 -240 0088 0035 -164}
PLUCK_A                        BasicLegendreMoments{ 0537 -000 -279 -064 -075 0089 0124 0025 -005 -100 -061 0000 0006 -012 0005 0016 -029 -001 0040 -011 -037 -383 0030 0192 0019 0046 -059 -051 -031 -022 -013 0003 0035 -026 -039 0050 0005 -048 0043 -058 -001 0042 0002 0002 -064 0048 -024 -063 0048 0050 -039 0186 0040 -130 -041 -013 -082 0035 0076 -046 -208 0010 0142 0077 -029 0111}
CLUTTER                        BasicLegendreMoments{ 0198 -000 -093 0095 0037 -079 0005 -004 -059 0003 0007 0000 0000 -010 -008 0012 0007 -010 0000 0009 0000 -196 -009 0082 -088 -030 0069 -006 0017 0060 -004 0002 0025 0014 -028 -012 0021 -003 0145 0025 -042 0052 0010 -032 0008 0015 -008 -045 -011 0043 0008 -085 -044 -005 -011 0014 -030 0018 0065 0001 0034 0057 0041 0043 -027 -005}

                        G_CLEF =>                   G_CLEF_SMALL 0.136                      G_CLEF_8VB 0.562                      G_CLEF_8VA 0.596                      ARPEGGIATO 1.036                       FLAG_5_UP 1.103 
                  G_CLEF_SMALL =>                         G_CLEF 0.136                      G_CLEF_8VB 0.621                      G_CLEF_8VA 0.649                      ARPEGGIATO 1.104                       FLAG_5_UP 1.152 
                        FLAG_1 =>                     SMALL_FLAG 0.239                SMALL_FLAG_SLASH 0.675                          FLAG_2 0.813                          FLAG_3 1.143                          FLAG_5 1.444 
                    SMALL_FLAG =>                         FLAG_1 0.239                SMALL_FLAG_SLASH 0.619                          FLAG_2 0.940                          FLAG_3 1.201                     EIGHTH_REST 1.447 
                        F_CLEF =>                   F_CLEF_SMALL 0.243                      F_CLEF_8VA 1.398                     DOUBLE_FLAT 1.687                         CLUTTER 1.757                      F_CLEF_8VB 1.774 
                  F_CLEF_SMALL =>                         F_CLEF 0.243                      F_CLEF_8VA 1.399                     DOUBLE_FLAT 1.714                         CLUTTER 1.808                      F_CLEF_8VB 1.824 
                 ONE_64TH_REST =>                 ONE_128TH_REST 0.254                   ONE_32ND_REST 0.414                       FLAG_3_UP 0.660                       FLAG_5_UP 0.740                       FLAG_4_UP 0.837 
                ONE_128TH_REST =>                  ONE_64TH_REST 0.254                   ONE_32ND_REST 0.648                       FLAG_3_UP 0.677                       FLAG_5_UP 0.742                          FLAG_5 0.899 
                 TIME_TWO_FOUR =>                TIME_THREE_FOUR 0.321                  TIME_FOUR_FOUR 1.013                  TIME_FIVE_FOUR 1.043                    TIME_TWO_TWO 1.291                TIME_THREE_EIGHT 1.406 
               TIME_THREE_FOUR =>                  TIME_TWO_FOUR 0.321                  TIME_FOUR_FOUR 0.969                  TIME_FIVE_FOUR 1.092                TIME_THREE_EIGHT 1.281                    TIME_TWO_TWO 1.323 
                     FLAG_3_UP =>                      FLAG_4_UP 0.396                       FLAG_5_UP 0.456                   ONE_64TH_REST 0.660                  ONE_128TH_REST 0.677                   ONE_32ND_REST 0.787 
                     FLAG_4_UP =>                      FLAG_3_UP 0.396                       FLAG_5_UP 0.513                   ONE_32ND_REST 0.729                          FLAG_4 0.768                   ONE_64TH_REST 0.837 
                 ONE_32ND_REST =>                  ONE_64TH_REST 0.414                  ONE_128TH_REST 0.648                       FLAG_4_UP 0.729                       FLAG_3_UP 0.787                   ONE_16TH_REST 0.820 
                        FLAG_4 =>                         FLAG_5 0.424                          FLAG_3 0.443                       FLAG_4_UP 0.768                       FLAG_5_UP 0.842                   ONE_32ND_REST 0.977 
                        FLAG_5 =>                         FLAG_4 0.424                       FLAG_5_UP 0.480                          FLAG_3 0.483                       FLAG_3_UP 0.840                       FLAG_4_UP 0.853 
                        FLAG_3 =>                         FLAG_4 0.443                          FLAG_5 0.483                          FLAG_2 0.821                       FLAG_5_UP 0.872                       FLAG_3_UP 0.921 
                     FLAG_5_UP =>                      FLAG_3_UP 0.456                          FLAG_5 0.480                       FLAG_4_UP 0.513                   ONE_64TH_REST 0.740                  ONE_128TH_REST 0.742 
                    G_CLEF_8VB =>                         G_CLEF 0.562                    G_CLEF_SMALL 0.621                      G_CLEF_8VA 0.666                      ARPEGGIATO 0.794                       FLAG_5_UP 1.001 
              TIME_THREE_EIGHT =>                 TIME_SIX_EIGHT 0.583                    TIME_TWO_TWO 0.871                 TIME_THREE_FOUR 1.281                  TIME_FOUR_FOUR 1.292                  TIME_FIVE_FOUR 1.327 
                TIME_SIX_EIGHT =>               TIME_THREE_EIGHT 0.583                    TIME_TWO_TWO 0.944                  TIME_FOUR_FOUR 1.250                  TIME_FIVE_FOUR 1.280                 TIME_THREE_FOUR 1.393 
                    G_CLEF_8VA =>                         G_CLEF 0.596                    G_CLEF_SMALL 0.649                      G_CLEF_8VB 0.666                      ARPEGGIATO 0.777                       FLAG_5_UP 0.810 
              SMALL_FLAG_SLASH =>                     SMALL_FLAG 0.619                          FLAG_1 0.675                          FLAG_2 0.725                          FLAG_3 1.093                          FLAG_4 1.321 
                          TURN =>                     TURN_SLASH 0.631                   TURN_INVERTED 1.149                       DAL_SEGNO 1.948                      ROMAN_VIII 2.011                           BREVE 2.111 
                    TURN_SLASH =>                           TURN 0.631                   TURN_INVERTED 1.633                      PEDAL_MARK 1.734                      ROMAN_VIII 1.744                       DAL_SEGNO 1.801 
                        FLAG_2 =>               SMALL_FLAG_SLASH 0.725                          FLAG_1 0.813                          FLAG_3 0.821                      SMALL_FLAG 0.940                          FLAG_4 1.060 
                   OTTAVA_ALTA =>                   OTTAVA_BASSA 0.752                      ROMAN_VIII 1.458                         DA_CAPO 1.465                          ACCENT 1.498                       ROMAN_VII 1.839 
                  OTTAVA_BASSA =>                    OTTAVA_ALTA 0.752                      ROMAN_VIII 1.461                         DA_CAPO 1.587                       ROMAN_VII 1.684                          ACCENT 1.710 
                    ARPEGGIATO =>                     G_CLEF_8VA 0.777                      G_CLEF_8VB 0.794                          FLAG_5 0.919                       FLAG_5_UP 0.946                          G_CLEF 1.036 
                 ONE_16TH_REST =>                  ONE_32ND_REST 0.820                       FLAG_4_UP 1.076                          FLAG_4 1.135                          FLAG_3 1.174                          FLAG_5 1.183 
                     ROMAN_VII =>                     ROMAN_VIII 0.866                       ROMAN_XII 1.300                       DAL_SEGNO 1.435                    OTTAVA_BASSA 1.684                         DA_CAPO 1.689 
                    ROMAN_VIII =>                      ROMAN_VII 0.866                       DAL_SEGNO 1.198                     OTTAVA_ALTA 1.458                    OTTAVA_BASSA 1.461                         DA_CAPO 1.507 
                  TIME_TWO_TWO =>               TIME_THREE_EIGHT 0.871                  TIME_SIX_EIGHT 0.944                  TIME_FOUR_FOUR 1.225                  TIME_FIVE_FOUR 1.276                   TIME_TWO_FOUR 1.291 
                     FLAG_2_UP =>                      FLAG_3_UP 0.879                       FLAG_1_UP 0.976                       FLAG_4_UP 1.036                   ONE_64TH_REST 1.123                  ONE_128TH_REST 1.168 
                TIME_FOUR_FOUR =>                TIME_THREE_FOUR 0.969                   TIME_TWO_FOUR 1.013                  TIME_FIVE_FOUR 1.084                    TIME_TWO_TWO 1.225                  TIME_SIX_EIGHT 1.250 
                     FLAG_1_UP =>                      FLAG_2_UP 0.976                       FLAG_3_UP 1.214                  ONE_128TH_REST 1.255                   ONE_64TH_REST 1.288                       FLAG_5_UP 1.463 
                    F_CLEF_8VB =>                        CLUTTER 1.037                   ONE_16TH_REST 1.291                     EIGHTH_REST 1.357                   ONE_32ND_REST 1.465                       FLAG_4_UP 1.528 
                       CLUTTER =>                     F_CLEF_8VB 1.037                     EIGHTH_REST 1.546                   ONE_16TH_REST 1.605                      F_CLEF_8VA 1.748                          F_CLEF 1.757 
                TIME_FIVE_FOUR =>                  TIME_TWO_FOUR 1.043                  TIME_FOUR_FOUR 1.084                 TIME_THREE_FOUR 1.092                    TIME_TWO_TWO 1.276                  TIME_SIX_EIGHT 1.280 
                          FLAT =>                         FLAG_3 1.049                     DOUBLE_FLAT 1.082                          FLAG_5 1.125                       FLAG_3_UP 1.185                       FLAG_5_UP 1.200 
                   DOUBLE_FLAT =>                           FLAT 1.082                      F_CLEF_8VA 1.238                      G_CLEF_8VA 1.657                          F_CLEF 1.687                    G_CLEF_SMALL 1.693 
                 TURN_INVERTED =>                           TURN 1.149                      TURN_SLASH 1.633                           BREVE 2.007                      ROMAN_VIII 2.071                       ROMAN_XII 2.117 
                       NATURAL =>                         FLAG_4 1.182                           SHARP 1.225                          FLAG_3 1.384                          FLAG_5 1.431                   ONE_16TH_REST 1.446 
                     DAL_SEGNO =>                     ROMAN_VIII 1.198                         DA_CAPO 1.414                       ROMAN_VII 1.435                       ROMAN_XII 1.487                      PEDAL_MARK 1.707 
                         SHARP =>                        NATURAL 1.225                    QUARTER_REST 1.262                       FLAG_5_UP 1.356                       FLAG_4_UP 1.370                  TIME_FOUR_FOUR 1.437 
                    F_CLEF_8VA =>                    DOUBLE_FLAT 1.238                          F_CLEF 1.398                    F_CLEF_SMALL 1.399                          G_CLEF 1.447                    G_CLEF_SMALL 1.455 
                       DIGIT_1 =>                        ROMAN_I 1.248                    TIME_TWO_TWO 1.522                  TIME_FOUR_FOUR 1.602                  TIME_FIVE_FOUR 1.773                  TIME_SIX_EIGHT 1.892 
                       ROMAN_I =>                        DIGIT_1 1.248                    TIME_TWO_TWO 1.922                       LONG_REST 1.967                           SHARP 2.193                  TIME_FOUR_FOUR 2.255 
                  QUARTER_REST =>                          SHARP 1.262                   ONE_64TH_REST 1.511                   ONE_32ND_REST 1.557                       FLAG_4_UP 1.563                  ONE_128TH_REST 1.570 
               PERCUSSION_CLEF =>                      LONG_REST 1.268                    TIME_TWO_TWO 1.348                  TIME_SIX_EIGHT 1.396                TIME_THREE_EIGHT 1.467                         TURN_UP 1.536 
                     LONG_REST =>                PERCUSSION_CLEF 1.268                    TIME_TWO_TWO 1.602                  TIME_SIX_EIGHT 1.781                TIME_THREE_EIGHT 1.804                      ARPEGGIATO 1.936 
                     TIME_ZERO =>                        DIGIT_0 1.285                        ROMAN_II 1.969                        TIME_SIX 2.178                   PEDAL_UP_MARK 2.339                       TIME_NINE 2.391 
                       DIGIT_0 =>                      TIME_ZERO 1.285                        ROMAN_II 1.569                          C_CLEF 2.204                        TIME_SIX 2.428                       TIME_NINE 2.485 
                     ROMAN_XII =>                      ROMAN_VII 1.300                       DAL_SEGNO 1.487                      PEDAL_MARK 1.575                      ROMAN_VIII 1.595                         DA_CAPO 1.726 
                   EIGHTH_REST =>                     F_CLEF_8VB 1.357                SMALL_FLAG_SLASH 1.394                      SMALL_FLAG 1.447                          FLAG_1 1.460                         CLUTTER 1.546 
                       DA_CAPO =>                      DAL_SEGNO 1.414                     OTTAVA_ALTA 1.465                      ROMAN_VIII 1.507                    OTTAVA_BASSA 1.587                          ACCENT 1.604 
                      CUT_TIME =>                  ONE_16TH_REST 1.419                      F_CLEF_8VB 1.773                   ONE_32ND_REST 1.790                       FLAG_4_UP 1.821                       FLAG_2_UP 1.844 
                       PLUCK_I =>                     G_CLEF_8VA 1.425                      G_CLEF_8VB 1.469                    G_CLEF_SMALL 1.547                          G_CLEF 1.604                       FLAG_5_UP 1.633 
                         SEGNO =>                         C_CLEF 1.448                         ROMAN_X 1.991                            CODA 2.091                          FLAG_2 2.212                 PERCUSSION_CLEF 2.236 
                        C_CLEF =>                          SEGNO 1.448                        ROMAN_II 1.803                         DIGIT_0 2.204                 PERCUSSION_CLEF 2.355                         TURN_UP 2.390 
                       MORDENT =>               MORDENT_INVERTED 1.465                   TURN_INVERTED 2.199                           BREVE 2.220                      TURN_SLASH 2.375                     DYNAMICS_MP 2.378 
              MORDENT_INVERTED =>                        MORDENT 1.465                            CODA 1.941                     DYNAMICS_MP 1.966                      PEDAL_MARK 2.173                     OTTAVA_ALTA 2.190 
                       TURN_UP =>               TIME_THREE_EIGHT 1.489                    TIME_TWO_TWO 1.520                 PERCUSSION_CLEF 1.536                  TIME_SIX_EIGHT 1.563                  TIME_FOUR_FOUR 1.872 
                        ACCENT =>                    OTTAVA_ALTA 1.498                         DA_CAPO 1.604                      PEDAL_MARK 1.622                    OTTAVA_BASSA 1.710                      ROMAN_VIII 1.803 
                      ROMAN_II =>                        DIGIT_0 1.569                          C_CLEF 1.803                       TIME_ZERO 1.969                           SEGNO 2.396                      TIME_THREE 2.496 
                    PEDAL_MARK =>                      ROMAN_XII 1.575                          ACCENT 1.622                       DAL_SEGNO 1.707                       ROMAN_VII 1.732                      TURN_SLASH 1.734 
                   TIME_TWELVE =>                   TIME_SIXTEEN 1.591                   PEDAL_UP_MARK 2.133                       ROMAN_XII 2.363                        ROMAN_IX 2.490                        ROMAN_IV 2.495 
                  TIME_SIXTEEN =>                    TIME_TWELVE 1.591                   PEDAL_UP_MARK 2.115                       ROMAN_III 2.312                       ROMAN_XII 2.362                        ROMAN_XI 2.394 
                       CAESURA =>                  ONE_64TH_REST 1.594                  ONE_128TH_REST 1.606                   ONE_32ND_REST 1.624                          FLAG_5 1.648                       FLAG_5_UP 1.675 
                   DYNAMICS_PP =>                    DYNAMICS_FP 1.653                     DYNAMICS_MP 1.757                    OTTAVA_BASSA 1.908                      TURN_SLASH 2.071                     OTTAVA_ALTA 2.075 
                   DYNAMICS_FP =>                    DYNAMICS_PP 1.653                          ACCENT 1.978                     OTTAVA_ALTA 2.023                        ROMAN_IV 2.046                    OTTAVA_BASSA 2.103 
                   DYNAMICS_FF =>                        CAESURA 1.675                     DYNAMICS_SF 2.041                        CUT_TIME 2.129                              TR 2.221                            CODA 2.237 
                          CODA =>                  PEDAL_UP_MARK 1.726                      F_CLEF_8VA 1.847                              TR 1.927                MORDENT_INVERTED 1.941                        CUT_TIME 2.043 
                 PEDAL_UP_MARK =>                           CODA 1.726                    TIME_SIXTEEN 2.115                     TIME_TWELVE 2.133                MORDENT_INVERTED 2.227                       TIME_ZERO 2.339 
                   DYNAMICS_MP =>                    DYNAMICS_PP 1.757                     DYNAMICS_MF 1.848                      TURN_SLASH 1.926                MORDENT_INVERTED 1.966                      ROMAN_VIII 1.974 
                      TIME_SIX =>                      TIME_NINE 1.788                      TUPLET_SIX 1.985                       TIME_ZERO 2.178                         DIGIT_0 2.428                      TIME_EIGHT 2.430 
                     TIME_NINE =>                       TIME_SIX 1.788                      TIME_THREE 1.957                       TIME_ZERO 2.391                       TIME_FIVE 2.429                         DIGIT_0 2.485 
                    DYNAMICS_F =>                        CAESURA 1.788                       FLAG_4_UP 2.156                   ONE_32ND_REST 2.221                   ONE_64TH_REST 2.251                  ONE_128TH_REST 2.294 
                 STRONG_ACCENT =>                         FLAG_2 1.823                SMALL_FLAG_SLASH 1.828                      SMALL_FLAG 1.977                         NATURAL 2.008                          FLAG_1 2.020 
                      ROMAN_VI =>                      ROMAN_VII 1.842                       ROMAN_XII 1.880                        ROMAN_IV 2.199                        ROMAN_XI 2.203                        CUT_TIME 2.256 
                   DYNAMICS_MF =>                    DYNAMICS_MP 1.848                     DYNAMICS_SF 1.905                    OTTAVA_BASSA 1.978                         DA_CAPO 2.114                              TR 2.266 
                     ROMAN_III =>                        PLUCK_M 1.880                        ROMAN_XI 2.031                        ROMAN_IX 2.310                    TIME_SIXTEEN 2.312                       ROMAN_XII 2.337 
                       PLUCK_M =>                      ROMAN_III 1.880                    TIME_SIXTEEN 2.400                     TIME_TWELVE 2.500                      TURN_SLASH 2.859                       ROMAN_XII 2.929 
                  DYNAMICS_SFZ =>                   OTTAVA_BASSA 1.892                     OTTAVA_ALTA 2.043                      PEDAL_MARK 2.051                         CAESURA 2.133                       ROMAN_VII 2.158 
                   DYNAMICS_SF =>                    DYNAMICS_MF 1.905                     DYNAMICS_FF 2.041                         CAESURA 2.046                        CUT_TIME 2.268                          F_CLEF 2.278 
                            TR =>                           CODA 1.927                        CUT_TIME 1.968                    OTTAVA_BASSA 1.974                     DYNAMICS_FF 2.221                     DYNAMICS_PP 2.224 
             FERMATA_ARC_BELOW =>                     ROMAN_VIII 1.943                       ROMAN_XII 2.024                       ROMAN_VII 2.109                     FERMATA_ARC 2.151                       DAL_SEGNO 2.177 
                    TIME_THREE =>                      TIME_NINE 1.957                      TIME_EIGHT 2.098                          C_CLEF 2.453                         PLUCK_A 2.455                        ROMAN_II 2.496 
                      ROMAN_XI =>                      ROMAN_XII 1.962                       ROMAN_III 2.031                        ROMAN_VI 2.203                       DAL_SEGNO 2.217                        ROMAN_IX 2.261 
                    TUPLET_SIX =>                       TIME_SIX 1.985                      TIME_EIGHT 2.275                          C_CLEF 2.688                           SEGNO 2.780                       TIME_FIVE 2.789 
                       ROMAN_X =>                          SEGNO 1.991                   STRONG_ACCENT 2.240                          FLAG_2 2.278                SMALL_FLAG_SLASH 2.284                          FLAG_1 2.490 
                         BREVE =>                  TURN_INVERTED 2.007                       ROMAN_XII 2.023                            TURN 2.111                         MORDENT 2.220                      TURN_SLASH 2.257 
                   BREATH_MARK =>                    EIGHTH_REST 2.014                   STACCATISSIMO 2.159                         CLUTTER 2.411                    F_CLEF_SMALL 2.479                          F_CLEF 2.527 
                   FERMATA_ARC =>                     ROMAN_VIII 2.030                       DAL_SEGNO 2.126               FERMATA_ARC_BELOW 2.151                       ROMAN_XII 2.230                       ROMAN_VII 2.290 
                      ROMAN_IV =>                    DYNAMICS_FP 2.046                         DA_CAPO 2.073                      PEDAL_MARK 2.087                     DYNAMICS_PP 2.174                       ROMAN_VII 2.185 
                    TIME_EIGHT =>                     TIME_THREE 2.098                      TUPLET_SIX 2.275                           SEGNO 2.392                        TIME_SIX 2.430                          C_CLEF 2.515 
                     TIME_FOUR =>                        DIGIT_4 2.150                   STRONG_ACCENT 2.241                           SEGNO 2.343                            CODA 2.466                      F_CLEF_8VA 2.530 
                       DIGIT_4 =>                      TIME_FOUR 2.150                           SHARP 2.587                            CODA 2.606                      F_CLEF_8VA 2.653                   STRONG_ACCENT 2.735 
                 STACCATISSIMO =>                    BREATH_MARK 2.159                      F_CLEF_8VB 2.611                           SHARP 2.636                     EIGHTH_REST 2.650                            CODA 2.657 
                   HW_REST_set =>                  TURN_INVERTED 2.221                            TURN 2.221                           BREVE 2.282                      TURN_SLASH 2.342                      ROMAN_VIII 2.792 
                      ROMAN_IX =>                      ROMAN_XII 2.255                        ROMAN_XI 2.261                       ROMAN_III 2.310                       ROMAN_VII 2.372                        ROMAN_IV 2.373 
                       DIGIT_3 =>                        DIGIT_5 2.362                         DIGIT_2 2.477                      F_CLEF_8VA 2.735                    TIME_TWO_TWO 2.813                         TURN_UP 2.838 
                       DIGIT_5 =>                        DIGIT_3 2.362                      F_CLEF_8VA 2.391                   STRONG_ACCENT 2.653                      SMALL_FLAG 2.694                    G_CLEF_SMALL 2.737 
                      TIME_ONE =>                  TIME_TWO_FOUR 2.389                 TIME_THREE_FOUR 2.485                    TIME_TWO_TWO 2.542                  TIME_FOUR_FOUR 2.606                           SHARP 2.608 
                    DYNAMICS_P =>                        CAESURA 2.411                     DYNAMICS_FF 2.443                     DYNAMICS_SF 2.450                         PLUCK_P 2.530                    F_CLEF_SMALL 2.655 
                     TIME_FIVE =>                      TIME_NINE 2.429                      TIME_THREE 2.518                        TIME_SIX 2.558                      TIME_EIGHT 2.764                      TUPLET_SIX 2.789 
                       ROMAN_V =>                       CUT_TIME 2.436                          FLAG_2 2.462                         CAESURA 2.495                SMALL_FLAG_SLASH 2.542                     EIGHTH_REST 2.560 
                  TUPLET_THREE =>                        CAESURA 2.452                      F_CLEF_8VA 2.760                       TIME_FOUR 2.794                   STRONG_ACCENT 2.921                           SEGNO 2.946 
                       PLUCK_A =>                     TIME_THREE 2.455                       TIME_NINE 2.649                        TIME_TWO 2.782                        TIME_SIX 2.902                       TIME_FIVE 2.970 
                       DIGIT_2 =>                        DIGIT_3 2.477                         TURN_UP 2.566                    TIME_TWO_TWO 3.006                TIME_THREE_EIGHT 3.201                  TIME_SIX_EIGHT 3.361 
                       PLUCK_P =>                     DYNAMICS_P 2.530                    F_CLEF_SMALL 2.826                        CUT_TIME 2.916                          F_CLEF 2.916                            CODA 2.942 
                        TENUTO =>               MORDENT_INVERTED 2.598                         MORDENT 2.631                            CODA 3.033                      ROMAN_VIII 3.056                       ROMAN_XII 3.095 
                  DOUBLE_SHARP =>                        ROMAN_X 2.602                      TIME_EIGHT 3.188                          C_CLEF 3.202                      TIME_THREE 3.209                           SEGNO 3.255 
                      TIME_TWO =>                     TIME_THREE 2.627                          C_CLEF 2.692                           SEGNO 2.729                         PLUCK_A 2.782                       TIME_NINE 3.162 
                    BREVE_REST =>                         C_CLEF 2.628                 PERCUSSION_CLEF 2.687                           SEGNO 2.824                       LONG_REST 2.888                    TIME_TWO_TWO 2.992 
                    TIME_SEVEN =>                  STACCATISSIMO 2.681                         CLUTTER 2.682                      F_CLEF_8VB 2.769                    F_CLEF_SMALL 2.916                          F_CLEF 2.967 
                   COMMON_TIME =>                         C_CLEF 2.762                        CUT_TIME 2.872                         DIGIT_0 2.887                         PLUCK_P 3.029                       TIME_ZERO 3.119 
                       DOT_set =>                     BREVE_REST 3.599                       TIME_ZERO 3.997                   PEDAL_UP_MARK 4.120                          C_CLEF 4.143                        ROMAN_II 4.214 
]]></system-out>
  <system-err><![CDATA[]]></system-err>
</testsuite>
