<?xml version="1.0" encoding="UTF-8"?>
<testsuite name="org.audiveris.omr.image.WatershedGrayLevelTest" tests="1" skipped="0" failures="0" errors="0" timestamp="2019-05-16T20:57:10" hostname="MacBook-Air-de-Maria.local" time="0.044">
  <properties/>
  <testcase name="testProcess" classname="org.audiveris.omr.image.WatershedGrayLevelTest" time="0.044"/>
  <system-out><![CDATA[process
input:
      0                                       1                                       2                                    
      0   1   2   3   4   5   6   7   8   9   0   1   2   3   4   5   6   7   8   9   0   1   2   3   4   5   6   7   8   9
      -   -   -   -   -   -   -   -   -   -   -   -   -   -   -   -   -   -   -   -   -   -   -   -   -   -   -   -   -   -
 0: 255 255 255 255 255 255 255 255 255 255 255 255 255 255 255 255 255 255 255 255 255 255 255 255 255 255 255 255 255 255
 1: 255 255 255 255 255 255 255 255 255 255 255 255 255 255   0   0 255 255   0   0   0 255 255 255 255 255 255 255 255 255
 2: 255 255 255 255 255 255 255 255 255 255 255   0   0   0   0   0   0 255   0   0   0   0   0   0 255 255 255 255 255 255
 3: 255 255 255 255 255 255 255 255 255   0   0   0   0   0   0   0   0 255   0   0   0   0   0   0   0 255 255 255 255 255
 4: 255 255 255 255 255 255 255   0   0   0   0   0   0   0   0   0   0 255   0   0   0   0   0   0   0 255 255 255 255 255
 5: 255 255 255 255 255 255   0   0   0   0   0   0   0   0   0   0   0   0   0   0   0   0   0   0   0 255 255 255 255 255
 6: 255 255 255 255 255   0   0   0   0   0   0   0   0   0   0   0   0   0   0   0   0   0   0   0   0   0 255 255 255 255
 7: 255 255 255 255 255   0   0   0   0   0   0   0   0   0   0   0   0   0   0   0   0   0   0   0   0   0 255 255 255 255
 8: 255 255 255 255 255   0   0   0   0   0   0   0   0   0   0   0   0   0   0   0   0   0   0   0   0 255 255 255 255 255
 9: 255 255 255 255 255   0   0   0   0   0   0   0   0   0   0   0   0   0   0   0   0   0   0   0   0 255 255 255 255 255
10: 255 255 255 255   0   0   0   0   0   0   0   0   0   0   0   0   0   0   0   0   0   0   0   0   0 255 255 255 255 255
11: 255 255 255 255 255   0   0   0   0   0   0   0   0   0   0   0   0   0   0   0   0   0   0   0 255 255 255 255 255 255
12: 255 255 255 255 255   0   0   0   0   0   0   0   0   0   0   0   0   0   0   0   0   0   0 255 255 255 255 255 255 255
13: 255 255 255 255 255 255   0   0   0   0   0   0   0   0   0   0   0   0   0   0   0   0 255 255 255 255 255 255 255 255
14: 255 255 255 255 255 255 255 255 255   0   0   0   0   0   0   0   0   0   0   0   0   0   0 255 255 255 255 255 255 255
15: 255 255 255 255 255 255 255 255 255   0   0   0   0   0   0   0   0   0   0   0   0   0   0   0 255 255 255 255 255 255
16: 255 255 255 255 255 255 255   0   0   0   0   0   0   0   0   0   0   0   0   0   0   0   0   0   0 255 255 255 255 255
17: 255 255 255 255 255 255   0   0   0   0   0   0   0   0   0   0   0   0   0   0   0   0   0   0   0 255 255 255 255 255
18: 255 255 255 255 255   0   0   0   0   0   0   0   0   0   0   0   0   0   0   0   0   0   0   0   0   0 255 255 255 255
19: 255 255 255 255 255   0   0   0   0   0   0   0   0   0   0   0   0   0   0   0   0   0   0   0   0   0 255 255 255 255
20: 255 255 255 255   0   0   0   0   0   0   0   0   0   0   0   0   0   0   0   0   0   0   0   0   0   0   0 255 255 255
21: 255 255 255 255   0   0   0   0   0   0   0   0   0   0   0   0   0   0   0   0   0   0   0   0   0   0   0 255 255 255
22: 255 255 255 255 255   0   0   0   0   0   0   0   0   0   0   0   0   0   0   0   0   0   0   0   0   0   0 255 255 255
23: 255 255 255 255 255 255   0   0   0   0   0   0   0   0   0   0   0   0   0   0   0   0   0   0   0   0   0 255 255 255
24: 255 255 255 255 255 255 255   0   0   0   0   0   0   0   0   0   0   0   0   0   0   0   0   0   0   0 255 255 255 255
25: 255 255 255 255 255 255 255 255   0   0   0   0   0   0   0   0   0   0   0   0   0   0   0   0   0 255 255 255 255 255
26: 255 255 255 255 255 255 255 255 255   0   0   0   0   0   0   0   0   0   0   0   0   0   0 255 255 255 255 255 255 255
27: 255 255 255 255 255 255 255 255 255 255 255   0   0   0   0   0   0   0   0   0 255 255 255 255 255 255 255 255 255 255
Dists:
      0                                       1                                       2                                    
      0   1   2   3   4   5   6   7   8   9   0   1   2   3   4   5   6   7   8   9   0   1   2   3   4   5   6   7   8   9
      -   -   -   -   -   -   -   -   -   -   -   -   -   -   -   -   -   -   -   -   -   -   -   -   -   -   -   -   -   -
 0:   0   0   0   0   0   0   0   0   0   0   0   0   0   0   0   0   0   0   0   0   0   0   0   0   0   0   0   0   0   0
 1:   0   0   0   0   0   0   0   0   0   0   0   0   0   0   3   3   0   0   3   3   3   0   0   0   0   0   0   0   0   0
 2:   0   0   0   0   0   0   0   0   0   0   0   3   3   3   4   4   3   0   3   6   4   3   3   3   0   0   0   0   0   0
 3:   0   0   0   0   0   0   0   0   0   3   3   4   6   6   7   6   3   0   3   6   7   6   6   4   3   0   0   0   0   0
 4:   0   0   0   0   0   0   0   3   3   4   6   7   8   9   9   6   3   0   3   6   9   9   8   6   3   0   0   0   0   0
 5:   0   0   0   0   0   0   3   4   6   7   8  10  11  12  10   7   4   3   4   7  10  12   9   6   3   0   0   0   0   0
 6:   0   0   0   0   0   3   4   7   8  10  11  12  14  14  11   8   7   6   7   8  11  13  10   7   4   3   0   0   0   0
 7:   0   0   0   0   0   3   6   8  11  12  14  15  16  15  12  11  10   9  10  11  12  13  10   7   4   3   0   0   0   0
 8:   0   0   0   0   0   3   6   9  12  15  16  18  19  16  15  14  13  12  13  14  15  12   9   6   3   0   0   0   0   0
 9:   0   0   0   0   0   3   6   9  12  15  17  18  19  19  18  17  16  15  16  15  12  11   8   6   3   0   0   0   0   0
10:   0   0   0   0   3   4   7  10  12  13  14  15  16  19  21  20  19  18  15  12  11   8   7   4   3   0   0   0   0   0
11:   0   0   0   0   0   3   6   8   9  10  11  12  15  18  21  23  20  17  14  11   8   7   4   3   0   0   0   0   0   0
12:   0   0   0   0   0   3   4   6   6   7   8  11  14  17  20  22  19  16  13  10   7   4   3   0   0   0   0   0   0   0
13:   0   0   0   0   0   0   3   3   3   4   7  10  13  16  19  21  18  15  12   9   6   3   0   0   0   0   0   0   0   0
14:   0   0   0   0   0   0   0   0   0   3   6   9  12  15  18  21  19  16  13  10   7   4   3   0   0   0   0   0   0   0
15:   0   0   0   0   0   0   0   0   0   3   6   9  12  15  18  21  20  17  14  11   8   7   4   3   0   0   0   0   0   0
16:   0   0   0   0   0   0   0   3   3   4   7  10  13  16  19  22  21  18  15  12  11   8   7   4   3   0   0   0   0   0
17:   0   0   0   0   0   0   3   4   6   7   8  11  14  17  20  23  22  19  16  15  12  11   8   6   3   0   0   0   0   0
18:   0   0   0   0   0   3   4   7   8  10  11  12  15  18  21  24  23  20  19  16  15  12  10   7   4   3   0   0   0   0
19:   0   0   0   0   0   3   6   8  11  12  14  15  16  19  22  25  24  23  20  19  16  14  11   8   6   3   0   0   0   0
20:   0   0   0   0   3   4   7  10  12  15  16  18  19  20  23  26  25  24  23  20  18  15  12  10   7   4   3   0   0   0
21:   0   0   0   0   3   4   7   8  11  12  15  16  19  20  22  23  22  21  20  19  18  16  14  11   8   6   3   0   0   0
22:   0   0   0   0   0   3   4   7   8  11  12  15  16  18  19  20  19  18  17  16  15  14  12  11   8   6   3   0   0   0
23:   0   0   0   0   0   0   3   4   7   8  11  12  14  15  16  19  16  15  14  13  12  11  10   8   7   4   3   0   0   0
24:   0   0   0   0   0   0   0   3   4   7   8  10  11  12  15  18  15  12  11  10   9   8   7   6   4   3   0   0   0   0
25:   0   0   0   0   0   0   0   0   3   4   6   7   8  11  14  17  14  11   8   7   6   6   4   3   3   0   0   0   0   0
26:   0   0   0   0   0   0   0   0   0   3   3   4   7  10  13  16  13  10   7   4   3   3   3   0   0   0   0   0   0   0
27:   0   0   0   0   0   0   0   0   0   0   0   3   6   9  12  15  12   9   6   3   0   0   0   0   0   0   0   0   0   0
watershed:
     0                             1                             2                           
     0  1  2  3  4  5  6  7  8  9  0  1  2  3  4  5  6  7  8  9  0  1  2  3  4  5  6  7  8  9
     -  -  -  -  -  -  -  -  -  -  -  -  -  -  -  -  -  -  -  -  -  -  -  -  -  -  -  -  -  -
 0:                                                                                          
 1:                                                                                          
 2:                                                                                          
 3:                                                                                          
 4:                                                                                          
 5:                                                                                          
 6:                                                                                          
 7:                                                                                          
 8:                                                                                          
 9:                                                                                          
10:                                                                                          
11:                                                                                          
12:                                                                                          
13:                                                                 X  X  X  X  X  X  X  X  X
14:  X  X  X  X  X  X  X  X  X  X  X  X  X  X  X  X  X  X  X  X  X  X                        
15:                                                                                          
16:                                                                                          
17:                                                                                          
18:                                                                                          
19:                                                                                          
20:                                                                                          
21:                                                                                          
22:                                                                                          
23:                                                                                          
24:                                                                                          
25:                                                                                          
26:                                                                                          
27:                                                                                          
regions
      0                                       1                                       2                                    
      0   1   2   3   4   5   6   7   8   9   0   1   2   3   4   5   6   7   8   9   0   1   2   3   4   5   6   7   8   9
      -   -   -   -   -   -   -   -   -   -   -   -   -   -   -   -   -   -   -   -   -   -   -   -   -   -   -   -   -   -
 0: 255 255 255 255 255 255 255 255 255 255 255 255 255 255 255 255 255 255 255 255 255 255 255 255 255 255 255 255 255 255
 1: 255 255 255 255 255 255 255 255 255 255 255 255 255 255   0   0 255 255   0   0   0 255 255 255 255 255 255 255 255 255
 2: 255 255 255 255 255 255 255 255 255 255 255   0   0   0   0   0   0 255   0   0   0   0   0   0 255 255 255 255 255 255
 3: 255 255 255 255 255 255 255 255 255   0   0   0   0   0   0   0   0 255   0   0   0   0   0   0   0 255 255 255 255 255
 4: 255 255 255 255 255 255 255   0   0   0   0   0   0   0   0   0   0 255   0   0   0   0   0   0   0 255 255 255 255 255
 5: 255 255 255 255 255 255   0   0   0   0   0   0   0   0   0   0   0   0   0   0   0   0   0   0   0 255 255 255 255 255
 6: 255 255 255 255 255   0   0   0   0   0   0   0   0   0   0   0   0   0   0   0   0   0   0   0   0   0 255 255 255 255
 7: 255 255 255 255 255   0   0   0   0   0   0   0   0   0   0   0   0   0   0   0   0   0   0   0   0   0 255 255 255 255
 8: 255 255 255 255 255   0   0   0   0   0   0   0   0   0   0   0   0   0   0   0   0   0   0   0   0 255 255 255 255 255
 9: 255 255 255 255 255   0   0   0   0   0   0   0   0   0   0   0   0   0   0   0   0   0   0   0   0 255 255 255 255 255
10: 255 255 255 255   0   0   0   0   0   0   0   0   0   0   0   0   0   0   0   0   0   0   0   0   0 255 255 255 255 255
11: 255 255 255 255 255   0   0   0   0   0   0   0   0   0   0   0   0   0   0   0   0   0   0   0 255 255 255 255 255 255
12: 255 255 255 255 255   0   0   0   0   0   0   0   0   0   0   0   0   0   0   0   0   0   0 255 255 255 255 255 255 255
13: 255 255 255 255 255 255   0   0   0   0   0   0   0   0   0   0   0   0   0   0   0 255 255 255 255 255 255 255 255 255
14: 255 255 255 255 255 255 255 255 255 255 255 255 255 255 255 255 255 255 255 255 255 255   0 255 255 255 255 255 255 255
15: 255 255 255 255 255 255 255 255 255   0   0   0   0   0   0   0   0   0   0   0   0   0   0   0 255 255 255 255 255 255
16: 255 255 255 255 255 255 255   0   0   0   0   0   0   0   0   0   0   0   0   0   0   0   0   0   0 255 255 255 255 255
17: 255 255 255 255 255 255   0   0   0   0   0   0   0   0   0   0   0   0   0   0   0   0   0   0   0 255 255 255 255 255
18: 255 255 255 255 255   0   0   0   0   0   0   0   0   0   0   0   0   0   0   0   0   0   0   0   0   0 255 255 255 255
19: 255 255 255 255 255   0   0   0   0   0   0   0   0   0   0   0   0   0   0   0   0   0   0   0   0   0 255 255 255 255
20: 255 255 255 255   0   0   0   0   0   0   0   0   0   0   0   0   0   0   0   0   0   0   0   0   0   0   0 255 255 255
21: 255 255 255 255   0   0   0   0   0   0   0   0   0   0   0   0   0   0   0   0   0   0   0   0   0   0   0 255 255 255
22: 255 255 255 255 255   0   0   0   0   0   0   0   0   0   0   0   0   0   0   0   0   0   0   0   0   0   0 255 255 255
23: 255 255 255 255 255 255   0   0   0   0   0   0   0   0   0   0   0   0   0   0   0   0   0   0   0   0   0 255 255 255
24: 255 255 255 255 255 255 255   0   0   0   0   0   0   0   0   0   0   0   0   0   0   0   0   0   0   0 255 255 255 255
25: 255 255 255 255 255 255 255 255   0   0   0   0   0   0   0   0   0   0   0   0   0   0   0   0   0 255 255 255 255 255
26: 255 255 255 255 255 255 255 255 255   0   0   0   0   0   0   0   0   0   0   0   0   0   0 255 255 255 255 255 255 255
27: 255 255 255 255 255 255 255 255 255 255 255   0   0   0   0   0   0   0   0   0 255 255 255 255 255 255 255 255 255 255
]]></system-out>
  <system-err><![CDATA[]]></system-err>
</testsuite>
