<?xml version="1.0" encoding="UTF-8"?>
<testsuite name="org.audiveris.omr.math.HistogramTest" tests="14" skipped="0" failures="0" errors="0" timestamp="2019-05-16T20:57:10" hostname="MacBook-Air-de-Maria.local" time="0.007">
  <properties/>
  <testcase name="testSize" classname="org.audiveris.omr.math.HistogramTest" time="0.003"/>
  <testcase name="testBucketSet" classname="org.audiveris.omr.math.HistogramTest" time="0.001"/>
  <testcase name="testClear" classname="org.audiveris.omr.math.HistogramTest" time="0.0"/>
  <testcase name="testDataString" classname="org.audiveris.omr.math.HistogramTest" time="0.0"/>
  <testcase name="testEntrySet" classname="org.audiveris.omr.math.HistogramTest" time="0.0"/>
  <testcase name="testFirstBucket" classname="org.audiveris.omr.math.HistogramTest" time="0.0"/>
  <testcase name="testGetCount" classname="org.audiveris.omr.math.HistogramTest" time="0.0"/>
  <testcase name="testGetMaxBucket" classname="org.audiveris.omr.math.HistogramTest" time="0.0"/>
  <testcase name="testGetMaxCount" classname="org.audiveris.omr.math.HistogramTest" time="0.0"/>
  <testcase name="testGetTotalCount" classname="org.audiveris.omr.math.HistogramTest" time="0.0"/>
  <testcase name="testIncreaseCount" classname="org.audiveris.omr.math.HistogramTest" time="0.001"/>
  <testcase name="testLastBucket" classname="org.audiveris.omr.math.HistogramTest" time="0.0"/>
  <testcase name="testPrint" classname="org.audiveris.omr.math.HistogramTest" time="0.0"/>
  <testcase name="testValues" classname="org.audiveris.omr.math.HistogramTest" time="0.001"/>
  <system-out><![CDATA[size
bucketSet
clear
entrySet
firstBucket
getCount
getMaxBucket
getMaxCount
getTotalCount
increaseCount
lastBucket
print
[3=2 4=10 5=12 8=3 10=6 11=0]
values
]]></system-out>
  <system-err><![CDATA[]]></system-err>
</testsuite>
