<?xml version="1.0" encoding="UTF-8"?>
<testsuite name="org.audiveris.omr.CLITest" tests="12" skipped="0" failures="0" errors="0" timestamp="2019-04-22T15:57:20" hostname="MacBook-Air-de-Maria.local" time="0.177">
  <properties/>
  <testcase name="testPrintCommandLine" classname="org.audiveris.omr.CLITest" time="0.001"/>
  <testcase name="testOption" classname="org.audiveris.omr.CLITest" time="0.002"/>
  <testcase name="testRun" classname="org.audiveris.omr.CLITest" time="0.002"/>
  <testcase name="testRunError" classname="org.audiveris.omr.CLITest" time="0.001"/>
  <testcase name="testStep" classname="org.audiveris.omr.CLITest" time="0.145"/>
  <testcase name="testPrintUsage" classname="org.audiveris.omr.CLITest" time="0.01"/>
  <testcase name="testSome" classname="org.audiveris.omr.CLITest" time="0.001"/>
  <testcase name="testSheets" classname="org.audiveris.omr.CLITest" time="0.001"/>
  <testcase name="testSheetsRange" classname="org.audiveris.omr.CLITest" time="0.001"/>
  <testcase name="testSheetsRange2" classname="org.audiveris.omr.CLITest" time="0.0"/>
  <testcase name="testStepEmpty" classname="org.audiveris.omr.CLITest" time="0.003"/>
  <testcase name="testVoid" classname="org.audiveris.omr.CLITest" time="0.001"/>
  <system-out><![CDATA[
+++ printCommandLine
10:57:20.754 [Test worker] INFO org.audiveris.omr.CLI - Command line parameters: AudiverisTest null

+++ testOption
10:57:20.757 [Test worker] INFO org.audiveris.omr.CLI - CLI args: [-option, omr.toto  :  totoValue, -option, omr.ui.tata=tataValue, -option, keyWithNoValue, -option, myKey : my value]

+++ testRun
10:57:20.759 [Test worker] INFO org.audiveris.omr.CLI - CLI args: [-run, org.audiveris.omr.step.RunClass]

+++ testRunError
10:57:20.762 [Test worker] INFO org.audiveris.omr.CLI - CLI args: [-run, fooBar]
java.lang.ClassNotFoundException: fooBar
java.lang.ClassNotFoundException: fooBar

+++ testStep
10:57:20.763 [Test worker] INFO org.audiveris.omr.CLI - CLI args: [-step, PAGE]

+++ printUsage
10:57:20.917 [Test worker] INFO org.audiveris.omr.CLI - 
AudiverisTest Version:
   5.1.0

Syntax:
    audiveris [OPTIONS] [--] [INPUT_FILES]

@file:
    Content of file to be extended in line

Options:
 -annotate                              : (advanced) Annotate book symbols
                                          (default: false)
 -batch                                 : Run with no graphic user interface
                                          (default: false)
 -export                                : Export MusicXML (default: false)
 -force                                 : Force step/transcribe re-processing
                                          (default: false)
 -help                                  : Display general help then stop
                                          (default: false)
 -option key=value                      : Define an application constant
 -output <output-folder>                : Define base output folder
 -print                                 : Print out book (default: false)
 -run <qualified-class-name>            : (advanced) Run provided class on
                                          valid sheets
 -sample                                : (advanced) Sample all book symbols
                                          (default: false)
 -save                                  : Save book on every successful batch
                                          step (default: false)
 -sheets int[]                          : Select specific sheets numbers and
                                          ranges (like 2-5)
 -step [LOAD | BINARY | SCALE | GRID |  : Define a specific target step
 HEADERS | STEM_SEEDS | BEAMS |            
 LEDGERS | HEADS | STEMS | REDUCTION |     
 CUE_BEAMS | TEXTS | MEASURES | CHORDS     
 | CURVES | SYMBOLS | LINKS | RHYTHMS      
 | PAGE]                                   
 -transcribe                            : Transcribe whole book (default: false)

Input file extensions:
    .omr        : book file  (input/output)
    [any other] : image file (input)

Sheet steps are in order:
    LOAD       : Load the sheet (gray) picture
    BINARY     : Binarize the sheet picture
    SCALE      : Compute sheet line thickness, interline, beam thickness
    GRID       : Retrieve staff lines, barlines, systems & parts
    HEADERS    : Retrieve Clef-Key-Time systems headers
    STEM_SEEDS : Retrieve stem thickness & seeds for stems
    BEAMS      : Retrieve beams
    LEDGERS    : Retrieve ledgers
    HEADS      : Retrieve note heads & whole notes
    STEMS      : Build stems connected to heads & beams
    REDUCTION  : Reduce conflicts in heads, stems & beams
    CUE_BEAMS  : Retrieve cue beams
    TEXTS      : Call OCR on textual items
    MEASURES   : Retrieve raw measures from groups of bar lines
    CHORDS     : Gather notes heads into chords
    CURVES     : Retrieve slurs, wedges & endings
    SYMBOLS    : Retrieve fixed-shape symbols
    LINKS      : Link and reduce symbols
    RHYTHMS    : Handle rhythms within measures
    PAGE       : Connect systems within page


+++ testSome
10:57:20.920 [Test worker] INFO org.audiveris.omr.CLI - CLI args: [-help, -batch, -sheets, 5 2,  3, -step, PAGE, myScript.xml, my Input.pdf]

+++ testSheets
10:57:20.922 [Test worker] INFO org.audiveris.omr.CLI - CLI args: [-sheets, 3, 4, 6, 11 14]

+++ testSheetsRange
10:57:20.923 [Test worker] INFO org.audiveris.omr.CLI - CLI args: [-sheets, 1, 3-6, 10]

+++ testSheetsRange2
10:57:20.925 [Test worker] INFO org.audiveris.omr.CLI - CLI args: [-sheets, 1, 4 - 6, 20]

+++ testStepEmpty
10:57:20.928 [Test worker] INFO org.audiveris.omr.CLI - CLI args: [-step]
Option "-step" takes an operand
Option "-step" takes an operand

+++ testVoid
10:57:20.930 [Test worker] INFO org.audiveris.omr.CLI - CLI args: []
]]></system-out>
  <system-err><![CDATA[]]></system-err>
</testsuite>
