<?xml version="1.0" encoding="UTF-8"?>
<testsuite name="org.audiveris.omr.jaxb.itf.TestCompound" tests="2" skipped="0" failures="0" errors="0" timestamp="2019-04-22T15:57:20" hostname="MacBook-Air-de-Maria.local" time="0.046">
  <properties/>
  <testcase name="testInSequence" classname="org.audiveris.omr.jaxb.itf.TestCompound" time="0.039"/>
  <testcase name="testDummy" classname="org.audiveris.omr.jaxb.itf.TestCompound" time="0.007"/>
  <system-out><![CDATA[
---
testInSequence:
compound.index: MyBasicIndex{my-index-name MyGlyph{First id:1} MySymbol{w:100 id:2} MyGlyph{Second id:3} MyGlyph{Third id:4} MySymbol{w:200 id:5}}
Marshalling ...
Marshalled   to   data/temp/test-itf/itf-compound.xml
=========================================================
<?xml version="1.0" ?>
<myCompound>
  <topGlyph>1</topGlyph>
  <bottomGlyph>3</bottomGlyph>
  <leftSymbol>2</leftSymbol>
  <rightSymbol>5</rightSymbol>
  <index name="my-index-name" last-id="5">
    <entities>
      <glyph name="First" id="1"></glyph>
      <symbol weight="100" id="2"></symbol>
      <glyph name="Second" id="3"></glyph>
      <glyph name="Third" id="4"></glyph>
      <symbol weight="200" id="5"></symbol>
    </entities>
  </index>
</myCompound>=========================================================
Unmarshalling ...
Unmarshalled from data/temp/test-itf/itf-compound.xml
compound.index: MyBasicIndex{my-index-name MyGlyph{First id:1} MySymbol{w:100 id:2} MyGlyph{Second id:3} MyGlyph{Third id:4} MySymbol{w:200 id:5}}
+++ End testInSequence(org.audiveris.omr.jaxb.itf.TestCompound)

---
testDummy:
+++ End testDummy(org.audiveris.omr.jaxb.itf.TestCompound)
]]></system-out>
  <system-err><![CDATA[]]></system-err>
</testsuite>
