<?xml version="1.0" encoding="UTF-8"?>
<testsuite name="org.audiveris.omr.jaxb.facade.TestFacade" tests="2" skipped="0" failures="0" errors="0" timestamp="2019-05-16T20:57:11" hostname="MacBook-Air-de-Maria.local" time="0.054">
  <properties/>
  <testcase name="testInSequence" classname="org.audiveris.omr.jaxb.facade.TestFacade" time="0.042"/>
  <testcase name="testDummy" classname="org.audiveris.omr.jaxb.facade.TestFacade" time="0.012"/>
  <system-out><![CDATA[
---
testInSequence:
Marshalling ...
Marshalled   to   data/temp/test-facade/facade-data.xml
<?xml version="1.0" ?>
<myClass name="TheName" last-id="5">
  <origin x="10" y="20"></origin>
  <box x="2" y="3" w="40" h="50"></box>
  <entities>
    <entry>
      <key>560</key>
      <value>String for 560</value>
    </entry>
    <entry>
      <key>780</key>
      <value>String for 780</value>
    </entry>
  </entities>
</myClass>================================================================
Unmarshalling ...
Unmarshalled from data/temp/test-facade/facade-data.xml
Map class: class java.util.concurrent.ConcurrentHashMap
+++ End testInSequence(org.audiveris.omr.jaxb.facade.TestFacade)

---
testDummy:
+++ End testDummy(org.audiveris.omr.jaxb.facade.TestFacade)
]]></system-out>
  <system-err><![CDATA[]]></system-err>
</testsuite>
