<?xml version="1.0" encoding="UTF-8"?>
<testsuite name="org.audiveris.omr.math.PoorManAlgebraTest" tests="3" skipped="0" failures="0" errors="0" timestamp="2019-04-22T15:57:19" hostname="MacBook-Air-de-Maria.local" time="0.014">
  <properties/>
  <testcase name="testNd4jcreateScalar" classname="org.audiveris.omr.math.PoorManAlgebraTest" time="0.005"/>
  <testcase name="testNd4jcreateVector" classname="org.audiveris.omr.math.PoorManAlgebraTest" time="0.002"/>
  <testcase name="testNd4jcreateMatrix" classname="org.audiveris.omr.math.PoorManAlgebraTest" time="0.006"/>
  <system-out><![CDATA[10:57:19.907 [Test worker] INFO org.audiveris.omr.math.PoorManAlgebraTest - scalar:{123,00}
10:57:19.912 [Test worker] INFO org.audiveris.omr.math.PoorManAlgebraTest - vector:[1,00, 2,00, 3,00, 4,00, 5,00, 6,00, 7,00, 8,00, 9,00, 10,00]
10:57:19.915 [Test worker] INFO org.audiveris.omr.math.PoorManAlgebraTest - matrix:[
 [1,00, 2,00, 3,00, 4,00, 5,00, 6,00, 7,00, 8,00, 9,00, 10,00]
 [10,00, 20,00, 30,00, 40,00, 50,00, 60,00, 70,00, 80,00, 90,00, 100,00]
 [100,00, 200,00, 300,00, 400,00, 500,00, 600,00, 700,00, 800,00, 900,00, 1000,00]
]
10:57:19.915 [Test worker] INFO org.audiveris.omr.math.PoorManAlgebraTest - means:[37,00, 74,00, 111,00, 148,00, 185,00, 222,00, 259,00, 296,00, 333,00, 370,00]
10:57:19.916 [Test worker] INFO org.audiveris.omr.math.PoorManAlgebraTest - stds:[54,74, 109,49, 164,23, 218,98, 273,72, 328,47, 383,21, 437,96, 492,70, 547,45]
10:57:19.916 [Test worker] INFO org.audiveris.omr.math.PoorManAlgebraTest - matrix:[
 [1,00, 2,00, 3,00, 4,00, 5,00, 6,00, 7,00, 8,00, 9,00, 10,00]
 [10,00, 20,00, 30,00, 40,00, 50,00, 60,00, 70,00, 80,00, 90,00, 100,00]
 [100,00, 200,00, 300,00, 400,00, 500,00, 600,00, 700,00, 800,00, 900,00, 1000,00]
]
10:57:19.916 [Test worker] INFO org.audiveris.omr.math.PoorManAlgebraTest - after subiRowVector matrix:[
 [-36,00, -72,00, -108,00, -144,00, -180,00, -216,00, -252,00, -288,00, -324,00, -360,00]
 [-27,00, -54,00, -81,00, -108,00, -135,00, -162,00, -189,00, -216,00, -243,00, -270,00]
 [63,00, 126,00, 189,00, 252,00, 315,00, 378,00, 441,00, 504,00, 567,00, 630,00]
]
10:57:19.917 [Test worker] INFO org.audiveris.omr.math.PoorManAlgebraTest - after diviRowVector matrix:[
 [-0,66, -0,66, -0,66, -0,66, -0,66, -0,66, -0,66, -0,66, -0,66, -0,66]
 [-0,49, -0,49, -0,49, -0,49, -0,49, -0,49, -0,49, -0,49, -0,49, -0,49]
 [1,15, 1,15, 1,15, 1,15, 1,15, 1,15, 1,15, 1,15, 1,15, 1,15]
]
]]></system-out>
  <system-err><![CDATA[]]></system-err>
</testsuite>
