<?xml version="1.0" encoding="UTF-8"?>
<testsuite name="org.audiveris.omr.sig.GradesTest" tests="1" skipped="0" failures="0" errors="0" timestamp="2019-05-16T20:57:10" hostname="MacBook-Air-de-Maria.local" time="0.001">
  <properties/>
  <testcase name="testContextual_3args_2" classname="org.audiveris.omr.sig.GradesTest" time="0.001"/>
  <system-out><![CDATA[contextual
]]></system-out>
  <system-err><![CDATA[]]></system-err>
</testsuite>
