<?xml version="1.0" encoding="UTF-8"?>
<testsuite name="org.audiveris.omr.util.BaseTestCase" tests="1" skipped="0" failures="0" errors="0" timestamp="2019-04-22T15:57:19" hostname="MacBook-Air-de-Maria.local" time="0.002">
  <properties/>
  <testcase name="testDummy" classname="org.audiveris.omr.util.BaseTestCase" time="0.002"/>
  <system-out><![CDATA[
---
testDummy:
+++ End testDummy(org.audiveris.omr.util.BaseTestCase)
]]></system-out>
  <system-err><![CDATA[]]></system-err>
</testsuite>
