<?xml version="1.0" encoding="UTF-8"?>
<testsuite name="org.audiveris.omr.math.BasicLineCheck" tests="2" skipped="0" failures="0" errors="0" timestamp="2019-04-22T15:57:19" hostname="MacBook-Air-de-Maria.local" time="0.001">
  <properties/>
  <testcase name="testPlaceHolder" classname="org.audiveris.omr.math.BasicLineCheck" time="0.0"/>
  <testcase name="testDummy" classname="org.audiveris.omr.math.BasicLineCheck" time="0.001"/>
  <system-out><![CDATA[
---
testPlaceHolder:
BaseTestCase. testPlaceHolder
+++ End testPlaceHolder(org.audiveris.omr.math.BasicLineCheck)

---
testDummy:
+++ End testDummy(org.audiveris.omr.math.BasicLineCheck)
]]></system-out>
  <system-err><![CDATA[]]></system-err>
</testsuite>
