<?xml version="1.0" encoding="UTF-8"?>
<testsuite name="org.audiveris.omr.ui.symbol.AlignmentTest" tests="1" skipped="0" failures="0" errors="0" timestamp="2019-05-16T20:57:07" hostname="MacBook-Air-de-Maria.local" time="0.069">
  <properties/>
  <testcase name="testToPoint" classname="org.audiveris.omr.ui.symbol.AlignmentTest" time="0.069"/>
  <system-out><![CDATA[toPoint
[TOP,LEFT] + java.awt.Point[x=0,y=0] = java.awt.Point[x=-6,y=-26]  [TOP,LEFT] =? [TOP,LEFT]
[TOP,LEFT] + java.awt.Point[x=25,y=0] = java.awt.Point[x=19,y=-26]  [TOP,CENTER] =? [TOP,CENTER]
[TOP,LEFT] + java.awt.Point[x=50,y=0] = java.awt.Point[x=44,y=-26]  [TOP,RIGHT] =? [TOP,RIGHT]
[TOP,LEFT] + java.awt.Point[x=6,y=0] = java.awt.Point[x=0,y=-26]  [TOP,XORIGIN] =? [TOP,XORIGIN]
[TOP,LEFT] + java.awt.Point[x=0,y=19] = java.awt.Point[x=-6,y=-7]  [MIDDLE,LEFT] =? [MIDDLE,LEFT]
[TOP,LEFT] + java.awt.Point[x=25,y=19] = java.awt.Point[x=19,y=-7]  [MIDDLE,CENTER] =? [MIDDLE,CENTER]
[TOP,LEFT] + java.awt.Point[x=50,y=19] = java.awt.Point[x=44,y=-7]  [MIDDLE,RIGHT] =? [MIDDLE,RIGHT]
[TOP,LEFT] + java.awt.Point[x=6,y=19] = java.awt.Point[x=0,y=-7]  [MIDDLE,XORIGIN] =? [MIDDLE,XORIGIN]
[TOP,LEFT] + java.awt.Point[x=0,y=38] = java.awt.Point[x=-6,y=12]  [BOTTOM,LEFT] =? [BOTTOM,LEFT]
[TOP,LEFT] + java.awt.Point[x=25,y=38] = java.awt.Point[x=19,y=12]  [BOTTOM,CENTER] =? [BOTTOM,CENTER]
[TOP,LEFT] + java.awt.Point[x=50,y=38] = java.awt.Point[x=44,y=12]  [BOTTOM,RIGHT] =? [BOTTOM,RIGHT]
[TOP,LEFT] + java.awt.Point[x=6,y=38] = java.awt.Point[x=0,y=12]  [BOTTOM,XORIGIN] =? [BOTTOM,XORIGIN]
[TOP,LEFT] + java.awt.Point[x=0,y=26] = java.awt.Point[x=-6,y=0]  [BASELINE,LEFT] =? [BASELINE,LEFT]
[TOP,LEFT] + java.awt.Point[x=25,y=26] = java.awt.Point[x=19,y=0]  [BASELINE,CENTER] =? [BASELINE,CENTER]
[TOP,LEFT] + java.awt.Point[x=50,y=26] = java.awt.Point[x=44,y=0]  [BASELINE,RIGHT] =? [BASELINE,RIGHT]
[TOP,LEFT] + java.awt.Point[x=6,y=26] = java.awt.Point[x=0,y=0]  [BASELINE,XORIGIN] =? [BASELINE,XORIGIN]

[TOP,CENTER] + java.awt.Point[x=-25,y=0] = java.awt.Point[x=-6,y=-26]  [TOP,LEFT] =? [TOP,LEFT]
[TOP,CENTER] + java.awt.Point[x=0,y=0] = java.awt.Point[x=19,y=-26]  [TOP,CENTER] =? [TOP,CENTER]
[TOP,CENTER] + java.awt.Point[x=25,y=0] = java.awt.Point[x=44,y=-26]  [TOP,RIGHT] =? [TOP,RIGHT]
[TOP,CENTER] + java.awt.Point[x=-19,y=0] = java.awt.Point[x=0,y=-26]  [TOP,XORIGIN] =? [TOP,XORIGIN]
[TOP,CENTER] + java.awt.Point[x=-25,y=19] = java.awt.Point[x=-6,y=-7]  [MIDDLE,LEFT] =? [MIDDLE,LEFT]
[TOP,CENTER] + java.awt.Point[x=0,y=19] = java.awt.Point[x=19,y=-7]  [MIDDLE,CENTER] =? [MIDDLE,CENTER]
[TOP,CENTER] + java.awt.Point[x=25,y=19] = java.awt.Point[x=44,y=-7]  [MIDDLE,RIGHT] =? [MIDDLE,RIGHT]
[TOP,CENTER] + java.awt.Point[x=-19,y=19] = java.awt.Point[x=0,y=-7]  [MIDDLE,XORIGIN] =? [MIDDLE,XORIGIN]
[TOP,CENTER] + java.awt.Point[x=-25,y=38] = java.awt.Point[x=-6,y=12]  [BOTTOM,LEFT] =? [BOTTOM,LEFT]
[TOP,CENTER] + java.awt.Point[x=0,y=38] = java.awt.Point[x=19,y=12]  [BOTTOM,CENTER] =? [BOTTOM,CENTER]
[TOP,CENTER] + java.awt.Point[x=25,y=38] = java.awt.Point[x=44,y=12]  [BOTTOM,RIGHT] =? [BOTTOM,RIGHT]
[TOP,CENTER] + java.awt.Point[x=-19,y=38] = java.awt.Point[x=0,y=12]  [BOTTOM,XORIGIN] =? [BOTTOM,XORIGIN]
[TOP,CENTER] + java.awt.Point[x=-25,y=26] = java.awt.Point[x=-6,y=0]  [BASELINE,LEFT] =? [BASELINE,LEFT]
[TOP,CENTER] + java.awt.Point[x=0,y=26] = java.awt.Point[x=19,y=0]  [BASELINE,CENTER] =? [BASELINE,CENTER]
[TOP,CENTER] + java.awt.Point[x=25,y=26] = java.awt.Point[x=44,y=0]  [BASELINE,RIGHT] =? [BASELINE,RIGHT]
[TOP,CENTER] + java.awt.Point[x=-19,y=26] = java.awt.Point[x=0,y=0]  [BASELINE,XORIGIN] =? [BASELINE,XORIGIN]

[TOP,RIGHT] + java.awt.Point[x=-50,y=0] = java.awt.Point[x=-6,y=-26]  [TOP,LEFT] =? [TOP,LEFT]
[TOP,RIGHT] + java.awt.Point[x=-25,y=0] = java.awt.Point[x=19,y=-26]  [TOP,CENTER] =? [TOP,CENTER]
[TOP,RIGHT] + java.awt.Point[x=0,y=0] = java.awt.Point[x=44,y=-26]  [TOP,RIGHT] =? [TOP,RIGHT]
[TOP,RIGHT] + java.awt.Point[x=-44,y=0] = java.awt.Point[x=0,y=-26]  [TOP,XORIGIN] =? [TOP,XORIGIN]
[TOP,RIGHT] + java.awt.Point[x=-50,y=19] = java.awt.Point[x=-6,y=-7]  [MIDDLE,LEFT] =? [MIDDLE,LEFT]
[TOP,RIGHT] + java.awt.Point[x=-25,y=19] = java.awt.Point[x=19,y=-7]  [MIDDLE,CENTER] =? [MIDDLE,CENTER]
[TOP,RIGHT] + java.awt.Point[x=0,y=19] = java.awt.Point[x=44,y=-7]  [MIDDLE,RIGHT] =? [MIDDLE,RIGHT]
[TOP,RIGHT] + java.awt.Point[x=-44,y=19] = java.awt.Point[x=0,y=-7]  [MIDDLE,XORIGIN] =? [MIDDLE,XORIGIN]
[TOP,RIGHT] + java.awt.Point[x=-50,y=38] = java.awt.Point[x=-6,y=12]  [BOTTOM,LEFT] =? [BOTTOM,LEFT]
[TOP,RIGHT] + java.awt.Point[x=-25,y=38] = java.awt.Point[x=19,y=12]  [BOTTOM,CENTER] =? [BOTTOM,CENTER]
[TOP,RIGHT] + java.awt.Point[x=0,y=38] = java.awt.Point[x=44,y=12]  [BOTTOM,RIGHT] =? [BOTTOM,RIGHT]
[TOP,RIGHT] + java.awt.Point[x=-44,y=38] = java.awt.Point[x=0,y=12]  [BOTTOM,XORIGIN] =? [BOTTOM,XORIGIN]
[TOP,RIGHT] + java.awt.Point[x=-50,y=26] = java.awt.Point[x=-6,y=0]  [BASELINE,LEFT] =? [BASELINE,LEFT]
[TOP,RIGHT] + java.awt.Point[x=-25,y=26] = java.awt.Point[x=19,y=0]  [BASELINE,CENTER] =? [BASELINE,CENTER]
[TOP,RIGHT] + java.awt.Point[x=0,y=26] = java.awt.Point[x=44,y=0]  [BASELINE,RIGHT] =? [BASELINE,RIGHT]
[TOP,RIGHT] + java.awt.Point[x=-44,y=26] = java.awt.Point[x=0,y=0]  [BASELINE,XORIGIN] =? [BASELINE,XORIGIN]

[TOP,XORIGIN] + java.awt.Point[x=-6,y=0] = java.awt.Point[x=-6,y=-26]  [TOP,LEFT] =? [TOP,LEFT]
[TOP,XORIGIN] + java.awt.Point[x=19,y=0] = java.awt.Point[x=19,y=-26]  [TOP,CENTER] =? [TOP,CENTER]
[TOP,XORIGIN] + java.awt.Point[x=44,y=0] = java.awt.Point[x=44,y=-26]  [TOP,RIGHT] =? [TOP,RIGHT]
[TOP,XORIGIN] + java.awt.Point[x=0,y=0] = java.awt.Point[x=0,y=-26]  [TOP,XORIGIN] =? [TOP,XORIGIN]
[TOP,XORIGIN] + java.awt.Point[x=-6,y=19] = java.awt.Point[x=-6,y=-7]  [MIDDLE,LEFT] =? [MIDDLE,LEFT]
[TOP,XORIGIN] + java.awt.Point[x=19,y=19] = java.awt.Point[x=19,y=-7]  [MIDDLE,CENTER] =? [MIDDLE,CENTER]
[TOP,XORIGIN] + java.awt.Point[x=44,y=19] = java.awt.Point[x=44,y=-7]  [MIDDLE,RIGHT] =? [MIDDLE,RIGHT]
[TOP,XORIGIN] + java.awt.Point[x=0,y=19] = java.awt.Point[x=0,y=-7]  [MIDDLE,XORIGIN] =? [MIDDLE,XORIGIN]
[TOP,XORIGIN] + java.awt.Point[x=-6,y=38] = java.awt.Point[x=-6,y=12]  [BOTTOM,LEFT] =? [BOTTOM,LEFT]
[TOP,XORIGIN] + java.awt.Point[x=19,y=38] = java.awt.Point[x=19,y=12]  [BOTTOM,CENTER] =? [BOTTOM,CENTER]
[TOP,XORIGIN] + java.awt.Point[x=44,y=38] = java.awt.Point[x=44,y=12]  [BOTTOM,RIGHT] =? [BOTTOM,RIGHT]
[TOP,XORIGIN] + java.awt.Point[x=0,y=38] = java.awt.Point[x=0,y=12]  [BOTTOM,XORIGIN] =? [BOTTOM,XORIGIN]
[TOP,XORIGIN] + java.awt.Point[x=-6,y=26] = java.awt.Point[x=-6,y=0]  [BASELINE,LEFT] =? [BASELINE,LEFT]
[TOP,XORIGIN] + java.awt.Point[x=19,y=26] = java.awt.Point[x=19,y=0]  [BASELINE,CENTER] =? [BASELINE,CENTER]
[TOP,XORIGIN] + java.awt.Point[x=44,y=26] = java.awt.Point[x=44,y=0]  [BASELINE,RIGHT] =? [BASELINE,RIGHT]
[TOP,XORIGIN] + java.awt.Point[x=0,y=26] = java.awt.Point[x=0,y=0]  [BASELINE,XORIGIN] =? [BASELINE,XORIGIN]

[MIDDLE,LEFT] + java.awt.Point[x=0,y=-19] = java.awt.Point[x=-6,y=-26]  [TOP,LEFT] =? [TOP,LEFT]
[MIDDLE,LEFT] + java.awt.Point[x=25,y=-19] = java.awt.Point[x=19,y=-26]  [TOP,CENTER] =? [TOP,CENTER]
[MIDDLE,LEFT] + java.awt.Point[x=50,y=-19] = java.awt.Point[x=44,y=-26]  [TOP,RIGHT] =? [TOP,RIGHT]
[MIDDLE,LEFT] + java.awt.Point[x=6,y=-19] = java.awt.Point[x=0,y=-26]  [TOP,XORIGIN] =? [TOP,XORIGIN]
[MIDDLE,LEFT] + java.awt.Point[x=0,y=0] = java.awt.Point[x=-6,y=-7]  [MIDDLE,LEFT] =? [MIDDLE,LEFT]
[MIDDLE,LEFT] + java.awt.Point[x=25,y=0] = java.awt.Point[x=19,y=-7]  [MIDDLE,CENTER] =? [MIDDLE,CENTER]
[MIDDLE,LEFT] + java.awt.Point[x=50,y=0] = java.awt.Point[x=44,y=-7]  [MIDDLE,RIGHT] =? [MIDDLE,RIGHT]
[MIDDLE,LEFT] + java.awt.Point[x=6,y=0] = java.awt.Point[x=0,y=-7]  [MIDDLE,XORIGIN] =? [MIDDLE,XORIGIN]
[MIDDLE,LEFT] + java.awt.Point[x=0,y=19] = java.awt.Point[x=-6,y=12]  [BOTTOM,LEFT] =? [BOTTOM,LEFT]
[MIDDLE,LEFT] + java.awt.Point[x=25,y=19] = java.awt.Point[x=19,y=12]  [BOTTOM,CENTER] =? [BOTTOM,CENTER]
[MIDDLE,LEFT] + java.awt.Point[x=50,y=19] = java.awt.Point[x=44,y=12]  [BOTTOM,RIGHT] =? [BOTTOM,RIGHT]
[MIDDLE,LEFT] + java.awt.Point[x=6,y=19] = java.awt.Point[x=0,y=12]  [BOTTOM,XORIGIN] =? [BOTTOM,XORIGIN]
[MIDDLE,LEFT] + java.awt.Point[x=0,y=7] = java.awt.Point[x=-6,y=0]  [BASELINE,LEFT] =? [BASELINE,LEFT]
[MIDDLE,LEFT] + java.awt.Point[x=25,y=7] = java.awt.Point[x=19,y=0]  [BASELINE,CENTER] =? [BASELINE,CENTER]
[MIDDLE,LEFT] + java.awt.Point[x=50,y=7] = java.awt.Point[x=44,y=0]  [BASELINE,RIGHT] =? [BASELINE,RIGHT]
[MIDDLE,LEFT] + java.awt.Point[x=6,y=7] = java.awt.Point[x=0,y=0]  [BASELINE,XORIGIN] =? [BASELINE,XORIGIN]

[MIDDLE,CENTER] + java.awt.Point[x=-25,y=-19] = java.awt.Point[x=-6,y=-26]  [TOP,LEFT] =? [TOP,LEFT]
[MIDDLE,CENTER] + java.awt.Point[x=0,y=-19] = java.awt.Point[x=19,y=-26]  [TOP,CENTER] =? [TOP,CENTER]
[MIDDLE,CENTER] + java.awt.Point[x=25,y=-19] = java.awt.Point[x=44,y=-26]  [TOP,RIGHT] =? [TOP,RIGHT]
[MIDDLE,CENTER] + java.awt.Point[x=-19,y=-19] = java.awt.Point[x=0,y=-26]  [TOP,XORIGIN] =? [TOP,XORIGIN]
[MIDDLE,CENTER] + java.awt.Point[x=-25,y=0] = java.awt.Point[x=-6,y=-7]  [MIDDLE,LEFT] =? [MIDDLE,LEFT]
[MIDDLE,CENTER] + java.awt.Point[x=0,y=0] = java.awt.Point[x=19,y=-7]  [MIDDLE,CENTER] =? [MIDDLE,CENTER]
[MIDDLE,CENTER] + java.awt.Point[x=25,y=0] = java.awt.Point[x=44,y=-7]  [MIDDLE,RIGHT] =? [MIDDLE,RIGHT]
[MIDDLE,CENTER] + java.awt.Point[x=-19,y=0] = java.awt.Point[x=0,y=-7]  [MIDDLE,XORIGIN] =? [MIDDLE,XORIGIN]
[MIDDLE,CENTER] + java.awt.Point[x=-25,y=19] = java.awt.Point[x=-6,y=12]  [BOTTOM,LEFT] =? [BOTTOM,LEFT]
[MIDDLE,CENTER] + java.awt.Point[x=0,y=19] = java.awt.Point[x=19,y=12]  [BOTTOM,CENTER] =? [BOTTOM,CENTER]
[MIDDLE,CENTER] + java.awt.Point[x=25,y=19] = java.awt.Point[x=44,y=12]  [BOTTOM,RIGHT] =? [BOTTOM,RIGHT]
[MIDDLE,CENTER] + java.awt.Point[x=-19,y=19] = java.awt.Point[x=0,y=12]  [BOTTOM,XORIGIN] =? [BOTTOM,XORIGIN]
[MIDDLE,CENTER] + java.awt.Point[x=-25,y=7] = java.awt.Point[x=-6,y=0]  [BASELINE,LEFT] =? [BASELINE,LEFT]
[MIDDLE,CENTER] + java.awt.Point[x=0,y=7] = java.awt.Point[x=19,y=0]  [BASELINE,CENTER] =? [BASELINE,CENTER]
[MIDDLE,CENTER] + java.awt.Point[x=25,y=7] = java.awt.Point[x=44,y=0]  [BASELINE,RIGHT] =? [BASELINE,RIGHT]
[MIDDLE,CENTER] + java.awt.Point[x=-19,y=7] = java.awt.Point[x=0,y=0]  [BASELINE,XORIGIN] =? [BASELINE,XORIGIN]

[MIDDLE,RIGHT] + java.awt.Point[x=-50,y=-19] = java.awt.Point[x=-6,y=-26]  [TOP,LEFT] =? [TOP,LEFT]
[MIDDLE,RIGHT] + java.awt.Point[x=-25,y=-19] = java.awt.Point[x=19,y=-26]  [TOP,CENTER] =? [TOP,CENTER]
[MIDDLE,RIGHT] + java.awt.Point[x=0,y=-19] = java.awt.Point[x=44,y=-26]  [TOP,RIGHT] =? [TOP,RIGHT]
[MIDDLE,RIGHT] + java.awt.Point[x=-44,y=-19] = java.awt.Point[x=0,y=-26]  [TOP,XORIGIN] =? [TOP,XORIGIN]
[MIDDLE,RIGHT] + java.awt.Point[x=-50,y=0] = java.awt.Point[x=-6,y=-7]  [MIDDLE,LEFT] =? [MIDDLE,LEFT]
[MIDDLE,RIGHT] + java.awt.Point[x=-25,y=0] = java.awt.Point[x=19,y=-7]  [MIDDLE,CENTER] =? [MIDDLE,CENTER]
[MIDDLE,RIGHT] + java.awt.Point[x=0,y=0] = java.awt.Point[x=44,y=-7]  [MIDDLE,RIGHT] =? [MIDDLE,RIGHT]
[MIDDLE,RIGHT] + java.awt.Point[x=-44,y=0] = java.awt.Point[x=0,y=-7]  [MIDDLE,XORIGIN] =? [MIDDLE,XORIGIN]
[MIDDLE,RIGHT] + java.awt.Point[x=-50,y=19] = java.awt.Point[x=-6,y=12]  [BOTTOM,LEFT] =? [BOTTOM,LEFT]
[MIDDLE,RIGHT] + java.awt.Point[x=-25,y=19] = java.awt.Point[x=19,y=12]  [BOTTOM,CENTER] =? [BOTTOM,CENTER]
[MIDDLE,RIGHT] + java.awt.Point[x=0,y=19] = java.awt.Point[x=44,y=12]  [BOTTOM,RIGHT] =? [BOTTOM,RIGHT]
[MIDDLE,RIGHT] + java.awt.Point[x=-44,y=19] = java.awt.Point[x=0,y=12]  [BOTTOM,XORIGIN] =? [BOTTOM,XORIGIN]
[MIDDLE,RIGHT] + java.awt.Point[x=-50,y=7] = java.awt.Point[x=-6,y=0]  [BASELINE,LEFT] =? [BASELINE,LEFT]
[MIDDLE,RIGHT] + java.awt.Point[x=-25,y=7] = java.awt.Point[x=19,y=0]  [BASELINE,CENTER] =? [BASELINE,CENTER]
[MIDDLE,RIGHT] + java.awt.Point[x=0,y=7] = java.awt.Point[x=44,y=0]  [BASELINE,RIGHT] =? [BASELINE,RIGHT]
[MIDDLE,RIGHT] + java.awt.Point[x=-44,y=7] = java.awt.Point[x=0,y=0]  [BASELINE,XORIGIN] =? [BASELINE,XORIGIN]

[MIDDLE,XORIGIN] + java.awt.Point[x=-6,y=-19] = java.awt.Point[x=-6,y=-26]  [TOP,LEFT] =? [TOP,LEFT]
[MIDDLE,XORIGIN] + java.awt.Point[x=19,y=-19] = java.awt.Point[x=19,y=-26]  [TOP,CENTER] =? [TOP,CENTER]
[MIDDLE,XORIGIN] + java.awt.Point[x=44,y=-19] = java.awt.Point[x=44,y=-26]  [TOP,RIGHT] =? [TOP,RIGHT]
[MIDDLE,XORIGIN] + java.awt.Point[x=0,y=-19] = java.awt.Point[x=0,y=-26]  [TOP,XORIGIN] =? [TOP,XORIGIN]
[MIDDLE,XORIGIN] + java.awt.Point[x=-6,y=0] = java.awt.Point[x=-6,y=-7]  [MIDDLE,LEFT] =? [MIDDLE,LEFT]
[MIDDLE,XORIGIN] + java.awt.Point[x=19,y=0] = java.awt.Point[x=19,y=-7]  [MIDDLE,CENTER] =? [MIDDLE,CENTER]
[MIDDLE,XORIGIN] + java.awt.Point[x=44,y=0] = java.awt.Point[x=44,y=-7]  [MIDDLE,RIGHT] =? [MIDDLE,RIGHT]
[MIDDLE,XORIGIN] + java.awt.Point[x=0,y=0] = java.awt.Point[x=0,y=-7]  [MIDDLE,XORIGIN] =? [MIDDLE,XORIGIN]
[MIDDLE,XORIGIN] + java.awt.Point[x=-6,y=19] = java.awt.Point[x=-6,y=12]  [BOTTOM,LEFT] =? [BOTTOM,LEFT]
[MIDDLE,XORIGIN] + java.awt.Point[x=19,y=19] = java.awt.Point[x=19,y=12]  [BOTTOM,CENTER] =? [BOTTOM,CENTER]
[MIDDLE,XORIGIN] + java.awt.Point[x=44,y=19] = java.awt.Point[x=44,y=12]  [BOTTOM,RIGHT] =? [BOTTOM,RIGHT]
[MIDDLE,XORIGIN] + java.awt.Point[x=0,y=19] = java.awt.Point[x=0,y=12]  [BOTTOM,XORIGIN] =? [BOTTOM,XORIGIN]
[MIDDLE,XORIGIN] + java.awt.Point[x=-6,y=7] = java.awt.Point[x=-6,y=0]  [BASELINE,LEFT] =? [BASELINE,LEFT]
[MIDDLE,XORIGIN] + java.awt.Point[x=19,y=7] = java.awt.Point[x=19,y=0]  [BASELINE,CENTER] =? [BASELINE,CENTER]
[MIDDLE,XORIGIN] + java.awt.Point[x=44,y=7] = java.awt.Point[x=44,y=0]  [BASELINE,RIGHT] =? [BASELINE,RIGHT]
[MIDDLE,XORIGIN] + java.awt.Point[x=0,y=7] = java.awt.Point[x=0,y=0]  [BASELINE,XORIGIN] =? [BASELINE,XORIGIN]

[BOTTOM,LEFT] + java.awt.Point[x=0,y=-38] = java.awt.Point[x=-6,y=-26]  [TOP,LEFT] =? [TOP,LEFT]
[BOTTOM,LEFT] + java.awt.Point[x=25,y=-38] = java.awt.Point[x=19,y=-26]  [TOP,CENTER] =? [TOP,CENTER]
[BOTTOM,LEFT] + java.awt.Point[x=50,y=-38] = java.awt.Point[x=44,y=-26]  [TOP,RIGHT] =? [TOP,RIGHT]
[BOTTOM,LEFT] + java.awt.Point[x=6,y=-38] = java.awt.Point[x=0,y=-26]  [TOP,XORIGIN] =? [TOP,XORIGIN]
[BOTTOM,LEFT] + java.awt.Point[x=0,y=-19] = java.awt.Point[x=-6,y=-7]  [MIDDLE,LEFT] =? [MIDDLE,LEFT]
[BOTTOM,LEFT] + java.awt.Point[x=25,y=-19] = java.awt.Point[x=19,y=-7]  [MIDDLE,CENTER] =? [MIDDLE,CENTER]
[BOTTOM,LEFT] + java.awt.Point[x=50,y=-19] = java.awt.Point[x=44,y=-7]  [MIDDLE,RIGHT] =? [MIDDLE,RIGHT]
[BOTTOM,LEFT] + java.awt.Point[x=6,y=-19] = java.awt.Point[x=0,y=-7]  [MIDDLE,XORIGIN] =? [MIDDLE,XORIGIN]
[BOTTOM,LEFT] + java.awt.Point[x=0,y=0] = java.awt.Point[x=-6,y=12]  [BOTTOM,LEFT] =? [BOTTOM,LEFT]
[BOTTOM,LEFT] + java.awt.Point[x=25,y=0] = java.awt.Point[x=19,y=12]  [BOTTOM,CENTER] =? [BOTTOM,CENTER]
[BOTTOM,LEFT] + java.awt.Point[x=50,y=0] = java.awt.Point[x=44,y=12]  [BOTTOM,RIGHT] =? [BOTTOM,RIGHT]
[BOTTOM,LEFT] + java.awt.Point[x=6,y=0] = java.awt.Point[x=0,y=12]  [BOTTOM,XORIGIN] =? [BOTTOM,XORIGIN]
[BOTTOM,LEFT] + java.awt.Point[x=0,y=-12] = java.awt.Point[x=-6,y=0]  [BASELINE,LEFT] =? [BASELINE,LEFT]
[BOTTOM,LEFT] + java.awt.Point[x=25,y=-12] = java.awt.Point[x=19,y=0]  [BASELINE,CENTER] =? [BASELINE,CENTER]
[BOTTOM,LEFT] + java.awt.Point[x=50,y=-12] = java.awt.Point[x=44,y=0]  [BASELINE,RIGHT] =? [BASELINE,RIGHT]
[BOTTOM,LEFT] + java.awt.Point[x=6,y=-12] = java.awt.Point[x=0,y=0]  [BASELINE,XORIGIN] =? [BASELINE,XORIGIN]

[BOTTOM,CENTER] + java.awt.Point[x=-25,y=-38] = java.awt.Point[x=-6,y=-26]  [TOP,LEFT] =? [TOP,LEFT]
[BOTTOM,CENTER] + java.awt.Point[x=0,y=-38] = java.awt.Point[x=19,y=-26]  [TOP,CENTER] =? [TOP,CENTER]
[BOTTOM,CENTER] + java.awt.Point[x=25,y=-38] = java.awt.Point[x=44,y=-26]  [TOP,RIGHT] =? [TOP,RIGHT]
[BOTTOM,CENTER] + java.awt.Point[x=-19,y=-38] = java.awt.Point[x=0,y=-26]  [TOP,XORIGIN] =? [TOP,XORIGIN]
[BOTTOM,CENTER] + java.awt.Point[x=-25,y=-19] = java.awt.Point[x=-6,y=-7]  [MIDDLE,LEFT] =? [MIDDLE,LEFT]
[BOTTOM,CENTER] + java.awt.Point[x=0,y=-19] = java.awt.Point[x=19,y=-7]  [MIDDLE,CENTER] =? [MIDDLE,CENTER]
[BOTTOM,CENTER] + java.awt.Point[x=25,y=-19] = java.awt.Point[x=44,y=-7]  [MIDDLE,RIGHT] =? [MIDDLE,RIGHT]
[BOTTOM,CENTER] + java.awt.Point[x=-19,y=-19] = java.awt.Point[x=0,y=-7]  [MIDDLE,XORIGIN] =? [MIDDLE,XORIGIN]
[BOTTOM,CENTER] + java.awt.Point[x=-25,y=0] = java.awt.Point[x=-6,y=12]  [BOTTOM,LEFT] =? [BOTTOM,LEFT]
[BOTTOM,CENTER] + java.awt.Point[x=0,y=0] = java.awt.Point[x=19,y=12]  [BOTTOM,CENTER] =? [BOTTOM,CENTER]
[BOTTOM,CENTER] + java.awt.Point[x=25,y=0] = java.awt.Point[x=44,y=12]  [BOTTOM,RIGHT] =? [BOTTOM,RIGHT]
[BOTTOM,CENTER] + java.awt.Point[x=-19,y=0] = java.awt.Point[x=0,y=12]  [BOTTOM,XORIGIN] =? [BOTTOM,XORIGIN]
[BOTTOM,CENTER] + java.awt.Point[x=-25,y=-12] = java.awt.Point[x=-6,y=0]  [BASELINE,LEFT] =? [BASELINE,LEFT]
[BOTTOM,CENTER] + java.awt.Point[x=0,y=-12] = java.awt.Point[x=19,y=0]  [BASELINE,CENTER] =? [BASELINE,CENTER]
[BOTTOM,CENTER] + java.awt.Point[x=25,y=-12] = java.awt.Point[x=44,y=0]  [BASELINE,RIGHT] =? [BASELINE,RIGHT]
[BOTTOM,CENTER] + java.awt.Point[x=-19,y=-12] = java.awt.Point[x=0,y=0]  [BASELINE,XORIGIN] =? [BASELINE,XORIGIN]

[BOTTOM,RIGHT] + java.awt.Point[x=-50,y=-38] = java.awt.Point[x=-6,y=-26]  [TOP,LEFT] =? [TOP,LEFT]
[BOTTOM,RIGHT] + java.awt.Point[x=-25,y=-38] = java.awt.Point[x=19,y=-26]  [TOP,CENTER] =? [TOP,CENTER]
[BOTTOM,RIGHT] + java.awt.Point[x=0,y=-38] = java.awt.Point[x=44,y=-26]  [TOP,RIGHT] =? [TOP,RIGHT]
[BOTTOM,RIGHT] + java.awt.Point[x=-44,y=-38] = java.awt.Point[x=0,y=-26]  [TOP,XORIGIN] =? [TOP,XORIGIN]
[BOTTOM,RIGHT] + java.awt.Point[x=-50,y=-19] = java.awt.Point[x=-6,y=-7]  [MIDDLE,LEFT] =? [MIDDLE,LEFT]
[BOTTOM,RIGHT] + java.awt.Point[x=-25,y=-19] = java.awt.Point[x=19,y=-7]  [MIDDLE,CENTER] =? [MIDDLE,CENTER]
[BOTTOM,RIGHT] + java.awt.Point[x=0,y=-19] = java.awt.Point[x=44,y=-7]  [MIDDLE,RIGHT] =? [MIDDLE,RIGHT]
[BOTTOM,RIGHT] + java.awt.Point[x=-44,y=-19] = java.awt.Point[x=0,y=-7]  [MIDDLE,XORIGIN] =? [MIDDLE,XORIGIN]
[BOTTOM,RIGHT] + java.awt.Point[x=-50,y=0] = java.awt.Point[x=-6,y=12]  [BOTTOM,LEFT] =? [BOTTOM,LEFT]
[BOTTOM,RIGHT] + java.awt.Point[x=-25,y=0] = java.awt.Point[x=19,y=12]  [BOTTOM,CENTER] =? [BOTTOM,CENTER]
[BOTTOM,RIGHT] + java.awt.Point[x=0,y=0] = java.awt.Point[x=44,y=12]  [BOTTOM,RIGHT] =? [BOTTOM,RIGHT]
[BOTTOM,RIGHT] + java.awt.Point[x=-44,y=0] = java.awt.Point[x=0,y=12]  [BOTTOM,XORIGIN] =? [BOTTOM,XORIGIN]
[BOTTOM,RIGHT] + java.awt.Point[x=-50,y=-12] = java.awt.Point[x=-6,y=0]  [BASELINE,LEFT] =? [BASELINE,LEFT]
[BOTTOM,RIGHT] + java.awt.Point[x=-25,y=-12] = java.awt.Point[x=19,y=0]  [BASELINE,CENTER] =? [BASELINE,CENTER]
[BOTTOM,RIGHT] + java.awt.Point[x=0,y=-12] = java.awt.Point[x=44,y=0]  [BASELINE,RIGHT] =? [BASELINE,RIGHT]
[BOTTOM,RIGHT] + java.awt.Point[x=-44,y=-12] = java.awt.Point[x=0,y=0]  [BASELINE,XORIGIN] =? [BASELINE,XORIGIN]

[BOTTOM,XORIGIN] + java.awt.Point[x=-6,y=-38] = java.awt.Point[x=-6,y=-26]  [TOP,LEFT] =? [TOP,LEFT]
[BOTTOM,XORIGIN] + java.awt.Point[x=19,y=-38] = java.awt.Point[x=19,y=-26]  [TOP,CENTER] =? [TOP,CENTER]
[BOTTOM,XORIGIN] + java.awt.Point[x=44,y=-38] = java.awt.Point[x=44,y=-26]  [TOP,RIGHT] =? [TOP,RIGHT]
[BOTTOM,XORIGIN] + java.awt.Point[x=0,y=-38] = java.awt.Point[x=0,y=-26]  [TOP,XORIGIN] =? [TOP,XORIGIN]
[BOTTOM,XORIGIN] + java.awt.Point[x=-6,y=-19] = java.awt.Point[x=-6,y=-7]  [MIDDLE,LEFT] =? [MIDDLE,LEFT]
[BOTTOM,XORIGIN] + java.awt.Point[x=19,y=-19] = java.awt.Point[x=19,y=-7]  [MIDDLE,CENTER] =? [MIDDLE,CENTER]
[BOTTOM,XORIGIN] + java.awt.Point[x=44,y=-19] = java.awt.Point[x=44,y=-7]  [MIDDLE,RIGHT] =? [MIDDLE,RIGHT]
[BOTTOM,XORIGIN] + java.awt.Point[x=0,y=-19] = java.awt.Point[x=0,y=-7]  [MIDDLE,XORIGIN] =? [MIDDLE,XORIGIN]
[BOTTOM,XORIGIN] + java.awt.Point[x=-6,y=0] = java.awt.Point[x=-6,y=12]  [BOTTOM,LEFT] =? [BOTTOM,LEFT]
[BOTTOM,XORIGIN] + java.awt.Point[x=19,y=0] = java.awt.Point[x=19,y=12]  [BOTTOM,CENTER] =? [BOTTOM,CENTER]
[BOTTOM,XORIGIN] + java.awt.Point[x=44,y=0] = java.awt.Point[x=44,y=12]  [BOTTOM,RIGHT] =? [BOTTOM,RIGHT]
[BOTTOM,XORIGIN] + java.awt.Point[x=0,y=0] = java.awt.Point[x=0,y=12]  [BOTTOM,XORIGIN] =? [BOTTOM,XORIGIN]
[BOTTOM,XORIGIN] + java.awt.Point[x=-6,y=-12] = java.awt.Point[x=-6,y=0]  [BASELINE,LEFT] =? [BASELINE,LEFT]
[BOTTOM,XORIGIN] + java.awt.Point[x=19,y=-12] = java.awt.Point[x=19,y=0]  [BASELINE,CENTER] =? [BASELINE,CENTER]
[BOTTOM,XORIGIN] + java.awt.Point[x=44,y=-12] = java.awt.Point[x=44,y=0]  [BASELINE,RIGHT] =? [BASELINE,RIGHT]
[BOTTOM,XORIGIN] + java.awt.Point[x=0,y=-12] = java.awt.Point[x=0,y=0]  [BASELINE,XORIGIN] =? [BASELINE,XORIGIN]

[BASELINE,LEFT] + java.awt.Point[x=0,y=-26] = java.awt.Point[x=-6,y=-26]  [TOP,LEFT] =? [TOP,LEFT]
[BASELINE,LEFT] + java.awt.Point[x=25,y=-26] = java.awt.Point[x=19,y=-26]  [TOP,CENTER] =? [TOP,CENTER]
[BASELINE,LEFT] + java.awt.Point[x=50,y=-26] = java.awt.Point[x=44,y=-26]  [TOP,RIGHT] =? [TOP,RIGHT]
[BASELINE,LEFT] + java.awt.Point[x=6,y=-26] = java.awt.Point[x=0,y=-26]  [TOP,XORIGIN] =? [TOP,XORIGIN]
[BASELINE,LEFT] + java.awt.Point[x=0,y=-7] = java.awt.Point[x=-6,y=-7]  [MIDDLE,LEFT] =? [MIDDLE,LEFT]
[BASELINE,LEFT] + java.awt.Point[x=25,y=-7] = java.awt.Point[x=19,y=-7]  [MIDDLE,CENTER] =? [MIDDLE,CENTER]
[BASELINE,LEFT] + java.awt.Point[x=50,y=-7] = java.awt.Point[x=44,y=-7]  [MIDDLE,RIGHT] =? [MIDDLE,RIGHT]
[BASELINE,LEFT] + java.awt.Point[x=6,y=-7] = java.awt.Point[x=0,y=-7]  [MIDDLE,XORIGIN] =? [MIDDLE,XORIGIN]
[BASELINE,LEFT] + java.awt.Point[x=0,y=12] = java.awt.Point[x=-6,y=12]  [BOTTOM,LEFT] =? [BOTTOM,LEFT]
[BASELINE,LEFT] + java.awt.Point[x=25,y=12] = java.awt.Point[x=19,y=12]  [BOTTOM,CENTER] =? [BOTTOM,CENTER]
[BASELINE,LEFT] + java.awt.Point[x=50,y=12] = java.awt.Point[x=44,y=12]  [BOTTOM,RIGHT] =? [BOTTOM,RIGHT]
[BASELINE,LEFT] + java.awt.Point[x=6,y=12] = java.awt.Point[x=0,y=12]  [BOTTOM,XORIGIN] =? [BOTTOM,XORIGIN]
[BASELINE,LEFT] + java.awt.Point[x=0,y=0] = java.awt.Point[x=-6,y=0]  [BASELINE,LEFT] =? [BASELINE,LEFT]
[BASELINE,LEFT] + java.awt.Point[x=25,y=0] = java.awt.Point[x=19,y=0]  [BASELINE,CENTER] =? [BASELINE,CENTER]
[BASELINE,LEFT] + java.awt.Point[x=50,y=0] = java.awt.Point[x=44,y=0]  [BASELINE,RIGHT] =? [BASELINE,RIGHT]
[BASELINE,LEFT] + java.awt.Point[x=6,y=0] = java.awt.Point[x=0,y=0]  [BASELINE,XORIGIN] =? [BASELINE,XORIGIN]

[BASELINE,CENTER] + java.awt.Point[x=-25,y=-26] = java.awt.Point[x=-6,y=-26]  [TOP,LEFT] =? [TOP,LEFT]
[BASELINE,CENTER] + java.awt.Point[x=0,y=-26] = java.awt.Point[x=19,y=-26]  [TOP,CENTER] =? [TOP,CENTER]
[BASELINE,CENTER] + java.awt.Point[x=25,y=-26] = java.awt.Point[x=44,y=-26]  [TOP,RIGHT] =? [TOP,RIGHT]
[BASELINE,CENTER] + java.awt.Point[x=-19,y=-26] = java.awt.Point[x=0,y=-26]  [TOP,XORIGIN] =? [TOP,XORIGIN]
[BASELINE,CENTER] + java.awt.Point[x=-25,y=-7] = java.awt.Point[x=-6,y=-7]  [MIDDLE,LEFT] =? [MIDDLE,LEFT]
[BASELINE,CENTER] + java.awt.Point[x=0,y=-7] = java.awt.Point[x=19,y=-7]  [MIDDLE,CENTER] =? [MIDDLE,CENTER]
[BASELINE,CENTER] + java.awt.Point[x=25,y=-7] = java.awt.Point[x=44,y=-7]  [MIDDLE,RIGHT] =? [MIDDLE,RIGHT]
[BASELINE,CENTER] + java.awt.Point[x=-19,y=-7] = java.awt.Point[x=0,y=-7]  [MIDDLE,XORIGIN] =? [MIDDLE,XORIGIN]
[BASELINE,CENTER] + java.awt.Point[x=-25,y=12] = java.awt.Point[x=-6,y=12]  [BOTTOM,LEFT] =? [BOTTOM,LEFT]
[BASELINE,CENTER] + java.awt.Point[x=0,y=12] = java.awt.Point[x=19,y=12]  [BOTTOM,CENTER] =? [BOTTOM,CENTER]
[BASELINE,CENTER] + java.awt.Point[x=25,y=12] = java.awt.Point[x=44,y=12]  [BOTTOM,RIGHT] =? [BOTTOM,RIGHT]
[BASELINE,CENTER] + java.awt.Point[x=-19,y=12] = java.awt.Point[x=0,y=12]  [BOTTOM,XORIGIN] =? [BOTTOM,XORIGIN]
[BASELINE,CENTER] + java.awt.Point[x=-25,y=0] = java.awt.Point[x=-6,y=0]  [BASELINE,LEFT] =? [BASELINE,LEFT]
[BASELINE,CENTER] + java.awt.Point[x=0,y=0] = java.awt.Point[x=19,y=0]  [BASELINE,CENTER] =? [BASELINE,CENTER]
[BASELINE,CENTER] + java.awt.Point[x=25,y=0] = java.awt.Point[x=44,y=0]  [BASELINE,RIGHT] =? [BASELINE,RIGHT]
[BASELINE,CENTER] + java.awt.Point[x=-19,y=0] = java.awt.Point[x=0,y=0]  [BASELINE,XORIGIN] =? [BASELINE,XORIGIN]

[BASELINE,RIGHT] + java.awt.Point[x=-50,y=-26] = java.awt.Point[x=-6,y=-26]  [TOP,LEFT] =? [TOP,LEFT]
[BASELINE,RIGHT] + java.awt.Point[x=-25,y=-26] = java.awt.Point[x=19,y=-26]  [TOP,CENTER] =? [TOP,CENTER]
[BASELINE,RIGHT] + java.awt.Point[x=0,y=-26] = java.awt.Point[x=44,y=-26]  [TOP,RIGHT] =? [TOP,RIGHT]
[BASELINE,RIGHT] + java.awt.Point[x=-44,y=-26] = java.awt.Point[x=0,y=-26]  [TOP,XORIGIN] =? [TOP,XORIGIN]
[BASELINE,RIGHT] + java.awt.Point[x=-50,y=-7] = java.awt.Point[x=-6,y=-7]  [MIDDLE,LEFT] =? [MIDDLE,LEFT]
[BASELINE,RIGHT] + java.awt.Point[x=-25,y=-7] = java.awt.Point[x=19,y=-7]  [MIDDLE,CENTER] =? [MIDDLE,CENTER]
[BASELINE,RIGHT] + java.awt.Point[x=0,y=-7] = java.awt.Point[x=44,y=-7]  [MIDDLE,RIGHT] =? [MIDDLE,RIGHT]
[BASELINE,RIGHT] + java.awt.Point[x=-44,y=-7] = java.awt.Point[x=0,y=-7]  [MIDDLE,XORIGIN] =? [MIDDLE,XORIGIN]
[BASELINE,RIGHT] + java.awt.Point[x=-50,y=12] = java.awt.Point[x=-6,y=12]  [BOTTOM,LEFT] =? [BOTTOM,LEFT]
[BASELINE,RIGHT] + java.awt.Point[x=-25,y=12] = java.awt.Point[x=19,y=12]  [BOTTOM,CENTER] =? [BOTTOM,CENTER]
[BASELINE,RIGHT] + java.awt.Point[x=0,y=12] = java.awt.Point[x=44,y=12]  [BOTTOM,RIGHT] =? [BOTTOM,RIGHT]
[BASELINE,RIGHT] + java.awt.Point[x=-44,y=12] = java.awt.Point[x=0,y=12]  [BOTTOM,XORIGIN] =? [BOTTOM,XORIGIN]
[BASELINE,RIGHT] + java.awt.Point[x=-50,y=0] = java.awt.Point[x=-6,y=0]  [BASELINE,LEFT] =? [BASELINE,LEFT]
[BASELINE,RIGHT] + java.awt.Point[x=-25,y=0] = java.awt.Point[x=19,y=0]  [BASELINE,CENTER] =? [BASELINE,CENTER]
[BASELINE,RIGHT] + java.awt.Point[x=0,y=0] = java.awt.Point[x=44,y=0]  [BASELINE,RIGHT] =? [BASELINE,RIGHT]
[BASELINE,RIGHT] + java.awt.Point[x=-44,y=0] = java.awt.Point[x=0,y=0]  [BASELINE,XORIGIN] =? [BASELINE,XORIGIN]

[BASELINE,XORIGIN] + java.awt.Point[x=-6,y=-26] = java.awt.Point[x=-6,y=-26]  [TOP,LEFT] =? [TOP,LEFT]
[BASELINE,XORIGIN] + java.awt.Point[x=19,y=-26] = java.awt.Point[x=19,y=-26]  [TOP,CENTER] =? [TOP,CENTER]
[BASELINE,XORIGIN] + java.awt.Point[x=44,y=-26] = java.awt.Point[x=44,y=-26]  [TOP,RIGHT] =? [TOP,RIGHT]
[BASELINE,XORIGIN] + java.awt.Point[x=0,y=-26] = java.awt.Point[x=0,y=-26]  [TOP,XORIGIN] =? [TOP,XORIGIN]
[BASELINE,XORIGIN] + java.awt.Point[x=-6,y=-7] = java.awt.Point[x=-6,y=-7]  [MIDDLE,LEFT] =? [MIDDLE,LEFT]
[BASELINE,XORIGIN] + java.awt.Point[x=19,y=-7] = java.awt.Point[x=19,y=-7]  [MIDDLE,CENTER] =? [MIDDLE,CENTER]
[BASELINE,XORIGIN] + java.awt.Point[x=44,y=-7] = java.awt.Point[x=44,y=-7]  [MIDDLE,RIGHT] =? [MIDDLE,RIGHT]
[BASELINE,XORIGIN] + java.awt.Point[x=0,y=-7] = java.awt.Point[x=0,y=-7]  [MIDDLE,XORIGIN] =? [MIDDLE,XORIGIN]
[BASELINE,XORIGIN] + java.awt.Point[x=-6,y=12] = java.awt.Point[x=-6,y=12]  [BOTTOM,LEFT] =? [BOTTOM,LEFT]
[BASELINE,XORIGIN] + java.awt.Point[x=19,y=12] = java.awt.Point[x=19,y=12]  [BOTTOM,CENTER] =? [BOTTOM,CENTER]
[BASELINE,XORIGIN] + java.awt.Point[x=44,y=12] = java.awt.Point[x=44,y=12]  [BOTTOM,RIGHT] =? [BOTTOM,RIGHT]
[BASELINE,XORIGIN] + java.awt.Point[x=0,y=12] = java.awt.Point[x=0,y=12]  [BOTTOM,XORIGIN] =? [BOTTOM,XORIGIN]
[BASELINE,XORIGIN] + java.awt.Point[x=-6,y=0] = java.awt.Point[x=-6,y=0]  [BASELINE,LEFT] =? [BASELINE,LEFT]
[BASELINE,XORIGIN] + java.awt.Point[x=19,y=0] = java.awt.Point[x=19,y=0]  [BASELINE,CENTER] =? [BASELINE,CENTER]
[BASELINE,XORIGIN] + java.awt.Point[x=44,y=0] = java.awt.Point[x=44,y=0]  [BASELINE,RIGHT] =? [BASELINE,RIGHT]
[BASELINE,XORIGIN] + java.awt.Point[x=0,y=0] = java.awt.Point[x=0,y=0]  [BASELINE,XORIGIN] =? [BASELINE,XORIGIN]

]]></system-out>
  <system-err><![CDATA[]]></system-err>
</testsuite>
