<?xml version="1.0" encoding="UTF-8"?>
<testsuite name="org.audiveris.omr.image.ChamferMatchingTest" tests="1" skipped="0" failures="0" errors="0" timestamp="2019-04-22T15:57:19" hostname="MacBook-Air-de-Maria.local" time="0.159">
  <properties/>
  <testcase name="testMatch" classname="org.audiveris.omr.image.ChamferMatchingTest" time="0.159"/>
  <system-out><![CDATA[match
10:57:19.968 [Test worker] DEBUG org.audiveris.omr.ui.symbol.OmrFont - Using cached font MusicalSymbols
NOTEHEAD_BLACK  distances
      0                                       1                                       2
      0   1   2   3   4   5   6   7   8   9   0   1   2   3   4   5   6   7   8   9   0
      -   -   -   -   -   -   -   -   -   -   -   -   -   -   -   -   -   -   -   -   -
 0:   0   0   0   0   0   0   0   0   0   0   0   0   0   0   0   0   0   0   0   0   0
 1:   0   3   3   3   3   3   3   3   3   3   3   3   3   3   3   3   3   3   3   3   0
 2:   0   3   6   6   6   6   4   3   3   3   0   0   0   0   0   0   3   3   4   3   0
 3:   0   3   6   8   7   4   3   0   0   0   0   0   0   0   0   0   0   0   3   3   0
 4:   0   3   6   7   4   3   0   0   0   0   0   0   0   0   0   0   0   0   3   3   0
 5:   0   3   6   4   3   0   0   0   0   0   0   0   0   0   0   0   0   0   0   3   0
 6:   0   3   4   3   0   0   0   0   0   0   0   0   0   0   0   0   0   0   0   3   0
 7:   0   3   3   0   0   0   0   0   0   0   0   0   0   0   0   0   0   0   0   3   0
 8:   0   3   0   0   0   0   0   0   0   0   0   0   0   0   0   0   0   0   0   3   0
 9:   0   3   0   0   0   0   0   0   0   0   0   0   0   0   0   0   0   0   3   3   0
10:   0   3   0   0   0   0   0   0   0   0   0   0   0   0   0   0   0   0   3   3   0
11:   0   3   0   0   0   0   0   0   0   0   0   0   0   0   0   0   0   3   4   3   0
12:   0   3   0   0   0   0   0   0   0   0   0   0   0   0   0   0   3   4   6   3   0
13:   0   3   3   0   0   0   0   0   0   0   0   0   0   0   0   3   4   7   6   3   0
14:   0   3   3   0   0   0   0   0   0   0   0   0   0   0   3   4   7   8   6   3   0
15:   0   3   4   3   3   0   0   0   0   0   0   3   3   3   4   6   6   6   6   3   0
16:   0   3   3   3   3   3   3   3   3   3   3   3   3   3   3   3   3   3   3   3   0
17:   0   0   0   0   0   0   0   0   0   0   0   0   0   0   0   0   0   0   0   0   0
NOTEHEAD_BLACK_SMALL  distances
      0                                       1                                
      0   1   2   3   4   5   6   7   8   9   0   1   2   3   4   5   6   7   8
      -   -   -   -   -   -   -   -   -   -   -   -   -   -   -   -   -   -   -
 0:   0   0   0   0   0   0   0   0   0   0   0   0   0   0   0   0   0   0   0
 1:   0   3   3   3   3   3   3   3   3   3   3   3   3   3   3   3   3   3   0
 2:   0   3   6   6   6   6   6   4   3   3   3   3   3   4   6   6   6   3   0
 3:   0   3   6   8   7   4   3   3   0   0   0   0   0   3   4   7   6   3   0
 4:   0   3   6   7   4   3   0   0   0   0   0   0   0   0   3   6   6   3   0
 5:   0   3   6   4   3   0   0   0   0   0   0   0   0   0   3   6   6   3   0
 6:   0   3   4   3   0   0   0   0   0   0   0   0   0   0   3   6   6   3   0
 7:   0   3   3   0   0   0   0   0   0   0   0   0   0   0   3   6   6   3   0
 8:   0   3   3   0   0   0   0   0   0   0   0   0   0   0   3   6   6   3   0
 9:   0   3   3   0   0   0   0   0   0   0   0   0   0   3   4   7   6   3   0
10:   0   3   3   0   0   0   0   0   0   0   0   0   0   3   6   8   6   3   0
11:   0   3   4   3   0   0   0   0   0   0   0   3   3   4   7   9   6   3   0
12:   0   3   6   4   3   0   0   0   0   3   3   4   6   7   8   9   6   3   0
13:   0   3   6   6   4   3   3   3   3   4   6   6   6   6   6   6   6   3   0
14:   0   3   3   3   3   3   3   3   3   3   3   3   3   3   3   3   3   3   0
15:   0   0   0   0   0   0   0   0   0   0   0   0   0   0   0   0   0   0   0
NOTEHEAD_VOID  distances
      0                                       1                                       2
      0   1   2   3   4   5   6   7   8   9   0   1   2   3   4   5   6   7   8   9   0
      -   -   -   -   -   -   -   -   -   -   -   -   -   -   -   -   -   -   -   -   -
 0:   0   0   0   0   0   0   0   0   0   0   0   0   0   0   0   0   0   0   0   0   0
 1:   0   3   3   3   3   3   3   3   3   3   3   3   3   3   3   3   3   3   3   3   0
 2:   0   3   6   6   6   6   6   4   3   3   3   3   0   0   3   3   3   4   6   3   0
 3:   0   3   6   8   7   4   3   3   0   0   0   0   0   0   0   0   0   3   4   3   0
 4:   0   3   6   7   4   3   0   0   0   0   0   0   0   0   0   0   0   0   3   3   0
 5:   0   3   6   4   3   0   0   0   0   0   0   0   0   3   3   3   3   0   3   3   0
 6:   0   3   4   3   0   0   0   0   0   0   0   3   3   4   6   4   3   0   0   3   0
 7:   0   3   3   0   0   0   0   0   0   3   3   4   6   7   6   3   0   0   0   3   0
 8:   0   3   3   0   0   0   0   0   3   4   6   7   8   7   4   3   0   0   0   3   0
 9:   0   3   0   0   0   0   0   3   4   7   8   8   7   4   3   0   0   0   0   3   0
10:   0   3   0   0   0   0   3   4   7   8   7   6   4   3   0   0   0   0   0   3   0
11:   0   3   0   0   0   3   4   7   8   7   4   3   3   0   0   0   0   0   3   3   0
12:   0   3   0   0   3   4   7   7   6   4   3   0   0   0   0   0   0   0   3   3   0
13:   0   3   0   0   3   6   6   4   3   3   0   0   0   0   0   0   0   3   4   3   0
14:   0   3   0   0   3   3   3   3   0   0   0   0   0   0   0   0   3   4   6   3   0
15:   0   3   3   0   0   0   0   0   0   0   0   0   0   0   3   3   4   7   6   3   0
16:   0   3   4   3   0   0   0   0   0   0   0   0   0   3   4   6   7   8   6   3   0
17:   0   3   6   4   3   3   0   0   0   0   3   3   3   4   6   6   6   6   6   3   0
18:   0   3   3   3   3   3   3   3   3   3   3   3   3   3   3   3   3   3   3   3   0
19:   0   0   0   0   0   0   0   0   0   0   0   0   0   0   0   0   0   0   0   0   0
NOTEHEAD_VOID_SMALL  distances
      0                                       1                                
      0   1   2   3   4   5   6   7   8   9   0   1   2   3   4   5   6   7   8
      -   -   -   -   -   -   -   -   -   -   -   -   -   -   -   -   -   -   -
 0:   0   0   0   0   0   0   0   0   0   0   0   0   0   0   0   0   0   0   0
 1:   0   3   3   3   3   3   3   3   3   3   3   3   3   3   3   3   3   3   0
 2:   0   3   6   6   6   6   4   3   3   3   3   3   3   4   6   6   6   3   0
 3:   0   3   6   7   6   4   3   0   0   0   0   0   0   3   4   7   6   3   0
 4:   0   3   6   4   3   3   0   0   0   0   0   0   0   0   3   6   6   3   0
 5:   0   3   6   3   0   0   0   0   0   3   3   3   3   0   3   6   6   3   0
 6:   0   3   4   3   0   0   0   0   3   4   6   4   3   0   3   6   6   3   0
 7:   0   3   3   0   0   0   3   3   4   7   4   3   0   0   3   6   6   3   0
 8:   0   3   3   0   0   3   4   6   6   4   3   0   0   0   3   6   6   3   0
 9:   0   3   3   0   0   3   6   4   3   3   0   0   0   0   3   6   6   3   0
10:   0   3   3   0   3   3   3   3   0   0   0   0   0   3   4   7   6   3   0
11:   0   3   3   0   0   0   0   0   0   0   0   0   3   4   7   8   6   3   0
12:   0   3   4   3   0   0   0   0   0   0   3   3   4   7   8   9   6   3   0
13:   0   3   6   4   3   3   3   3   3   3   4   6   6   6   6   6   6   3   0
14:   0   3   3   3   3   3   3   3   3   3   3   3   3   3   3   3   3   3   0
15:   0   0   0   0   0   0   0   0   0   0   0   0   0   0   0   0   0   0   0
WHOLE_NOTE  distances
      0                                       1                                       2                            
      0   1   2   3   4   5   6   7   8   9   0   1   2   3   4   5   6   7   8   9   0   1   2   3   4   5   6   7
      -   -   -   -   -   -   -   -   -   -   -   -   -   -   -   -   -   -   -   -   -   -   -   -   -   -   -   -
 0:   0   0   0   0   0   0   0   0   0   0   0   0   0   0   0   0   0   0   0   0   0   0   0   0   0   0   0   0
 1:   0   3   3   3   3   3   3   3   3   3   3   3   3   3   3   3   3   3   3   3   3   3   3   3   3   3   3   0
 2:   0   3   6   6   6   4   3   3   0   0   0   0   0   0   0   0   0   0   3   3   3   4   6   6   6   6   3   0
 3:   0   3   6   4   3   3   0   0   0   0   0   3   3   3   0   0   0   0   0   0   0   3   3   4   7   6   3   0
 4:   0   3   4   3   0   0   0   0   0   0   3   4   6   4   3   0   0   0   0   0   0   0   0   3   4   6   3   0
 5:   0   3   3   0   0   0   0   0   0   3   4   7   8   7   4   3   0   0   0   0   0   0   0   0   3   4   3   0
 6:   0   3   0   0   0   0   0   0   0   3   6   8  11   8   7   4   3   0   0   0   0   0   0   0   0   3   3   0
 7:   0   3   0   0   0   0   0   0   0   3   6   9  12  11   8   6   3   0   0   0   0   0   0   0   0   3   3   0
 8:   0   3   0   0   0   0   0   0   0   3   6   8  11  12  10   7   4   3   0   0   0   0   0   0   0   3   3   0
 9:   0   3   0   0   0   0   0   0   0   3   4   7  10  12  11   8   6   3   0   0   0   0   0   0   0   3   3   0
10:   0   3   0   0   0   0   0   0   0   0   3   6   8  11  12   9   6   3   0   0   0   0   0   0   0   3   3   0
11:   0   3   0   0   0   0   0   0   0   0   3   4   7   8  11   8   6   3   0   0   0   0   0   0   0   3   3   0
12:   0   3   3   0   0   0   0   0   0   0   0   3   4   7   8   7   4   3   0   0   0   0   0   0   3   4   3   0
13:   0   3   4   3   0   0   0   0   0   0   0   0   3   4   6   4   3   0   0   0   0   0   0   3   4   6   3   0
14:   0   3   6   4   3   3   0   0   0   0   0   0   0   3   3   3   0   0   0   0   0   3   3   4   7   6   3   0
15:   0   3   6   7   6   4   3   3   0   0   0   0   0   0   0   0   0   0   0   3   3   4   6   7   8   6   3   0
16:   0   3   6   6   6   6   6   4   3   3   3   3   3   3   3   3   3   3   3   4   6   6   6   6   6   6   3   0
17:   0   3   3   3   3   3   3   3   3   3   3   3   3   3   3   3   3   3   3   3   3   3   3   3   3   3   3   0
18:   0   0   0   0   0   0   0   0   0   0   0   0   0   0   0   0   0   0   0   0   0   0   0   0   0   0   0   0
WHOLE_NOTE_SMALL  distances
      0                                       1                                       2                    
      0   1   2   3   4   5   6   7   8   9   0   1   2   3   4   5   6   7   8   9   0   1   2   3   4   5
      -   -   -   -   -   -   -   -   -   -   -   -   -   -   -   -   -   -   -   -   -   -   -   -   -   -
 0:   0   0   0   0   0   0   0   0   0   0   0   0   0   0   0   0   0   0   0   0   0   0   0   0   0   0
 1:   0   3   3   3   3   3   3   3   3   3   3   3   3   3   3   3   3   3   3   3   3   3   3   3   3   0
 2:   0   3   6   6   6   6   6   6   4   3   3   3   3   3   3   3   4   6   6   6   6   6   6   6   3   0
 3:   0   3   6   9   8   7   4   3   3   0   0   0   0   0   0   0   3   3   4   6   7   8   9   6   3   0
 4:   0   3   6   8   7   4   3   0   0   0   0   3   3   0   0   0   0   0   3   3   4   7   9   6   3   0
 5:   0   3   6   7   4   3   0   0   0   0   3   4   4   3   3   0   0   0   0   0   3   6   8   6   3   0
 6:   0   3   6   6   3   0   0   0   0   0   3   6   7   6   3   0   0   0   0   0   3   4   7   6   3   0
 7:   0   3   6   6   3   0   0   0   0   0   3   6   9   6   3   0   0   0   0   0   0   3   6   6   3   0
 8:   0   3   6   6   3   0   0   0   0   0   3   6   8   7   4   3   0   0   0   0   0   3   6   6   3   0
 9:   0   3   6   6   3   0   0   0   0   0   3   4   7   8   6   3   0   0   0   0   0   3   6   6   3   0
10:   0   3   6   7   4   3   0   0   0   0   0   3   4   6   4   3   0   0   0   0   3   4   7   6   3   0
11:   0   3   6   8   7   4   3   0   0   0   0   0   3   3   3   0   0   0   0   3   4   7   8   6   3   0
12:   0   3   6   9   8   7   4   3   3   0   0   0   0   0   0   0   3   3   3   4   7   8   9   6   3   0
13:   0   3   6   6   6   6   6   6   4   3   3   3   3   3   3   3   4   6   6   6   6   6   6   6   3   0
14:   0   3   3   3   3   3   3   3   3   3   3   3   3   3   3   3   3   3   3   3   3   3   3   3   3   0
15:   0   0   0   0   0   0   0   0   0   0   0   0   0   0   0   0   0   0   0   0   0   0   0   0   0   0
     0                             1                        
     0  1  2  3  4  5  6  7  8  9  0  1  2  3  4  5  6  7  8
     -  -  -  -  -  -  -  -  -  -  -  -  -  -  -  -  -  -  -
 0:  .  .  .  .  .  .  .  .  .  3  3  3  3  3  3  .  .  .  .
 1:  .  .  .  .  6  4  3  3  3  0  0  0  0  0  0  3  3  4  .
 2:  .  .  8  7  4  3  0  0  0  0  0  0  0  0  0  0  0  3  .
 3:  .  .  7  4  3  0  0  0  0  0  0  0  0  0  0  0  0  3  .
 4:  .  6  4  3  0  0  0  0  0  0  0  0  0  0  0  0  0  0  3
 5:  .  4  3  0  0  0  0  0  0  0  0  0  0  0  0  0  0  0  3
 6:  .  3  0  0  0  0  0  0  0  0  0  0  0  0  0  0  0  0  3
 7:  3  0  0  0  0  0  0  0  0  0  0  0  0  0  0  0  0  0  3
 8:  3  0  0  0  0  0  0  0  0  0  0  0  0  0  0  0  0  3  .
 9:  3  0  0  0  0  0  0  0  0  0  0  0  0  0  0  0  0  3  .
10:  3  0  0  0  0  0  0  0  0  0  0  0  0  0  0  0  3  4  .
11:  3  0  0  0  0  0  0  0  0  0  0  0  0  0  0  3  4  6  .
12:  .  3  0  0  0  0  0  0  0  0  0  0  0  0  3  4  7  .  .
13:  .  3  0  0  0  0  0  0  0  0  0  0  0  3  4  7  8  .  .
14:  .  4  3  3  0  0  0  0  0  0  3  3  3  4  6  .  .  .  .
15:  .  .  .  .  3  3  3  3  3  3  .  .  .  .  .  .  .  .  .
CENTER => java.awt.Point[x=9,y=8]
MIDDLE_LEFT => java.awt.Point[x=1,y=8]
MIDDLE_RIGHT => java.awt.Point[x=17,y=8]
TOP_LEFT_STEM => java.awt.Point[x=2,y=8]
LEFT_STEM => java.awt.Point[x=2,y=8]
BOTTOM_LEFT_STEM => java.awt.Point[x=2,y=10]
TOP_RIGHT_STEM => java.awt.Point[x=16,y=5]
RIGHT_STEM => java.awt.Point[x=16,y=8]
BOTTOM_RIGHT_STEM => java.awt.Point[x=16,y=8]
Image:
      0                                       1                                       2                                       3                    
      0   1   2   3   4   5   6   7   8   9   0   1   2   3   4   5   6   7   8   9   0   1   2   3   4   5   6   7   8   9   0   1   2   3   4   5
      -   -   -   -   -   -   -   -   -   -   -   -   -   -   -   -   -   -   -   -   -   -   -   -   -   -   -   -   -   -   -   -   -   -   -   -
 0: 255 255 255 255 255 255 255 255 255 255 255 255 255 255 255 255 255 255 255 255 255 255 255 255 255 255 255 255 255 255 255 255 255 255 255 255
 1: 255 255 255 255 255 255 255 255 255 255 255 255 255 255 255 255 255 255 255 255 255 255 255 255 255 255 255 255 255 255 255 255 255 255 255 255
 2: 255 255 255 255 255 255 255 255 255 255 255 255 255 255 255 255 255 255 255 255 255 255 255 255 255 255 255 255 255 255 255 255 255 255 255 255
 3: 255 255 255 255 255 255 255 255 255 255 255 255 255 255 255 255 255 255 255 255 255 255 255 255 255 255 255 255 255 255 255 255 255 255 255 255
 4: 255 255 255 255 255 255 255 255 255 255 255 255 255 255 255 255 255 255 255 255   0   0   0   0   0   0   0 255 255 255 255 255 255 255 255 255
 5: 255 255 255 255 255 255 255 255 255 255 255 255 255 255 255 255 255   0   0   0   0   0   0   0   0   0   0   0   0   0 255 255 255 255 255 255
 6: 255 255 255 255 255 255 255 255 255 255 255 255 255 255 255   0   0   0   0   0   0   0   0   0   0   0   0   0   0   0   0 255 255 255 255 255
 7: 255 255 255 255 255 255 255 255 255 255 255 255 255   0   0   0   0   0   0   0   0   0   0   0   0   0   0   0   0   0   0 255 255 255 255 255
 8: 255 255 255 255 255 255 255 255 255 255 255 255   0   0   0   0   0   0   0   0   0   0   0   0   0   0   0   0   0   0   0 255 255 255 255 255
 9: 255 255 255 255 255 255 255 255 255 255 255   0   0   0   0   0   0   0   0   0   0   0   0   0   0   0   0   0   0   0   0   0 255 255 255 255
10: 255 255 255 255 255 255 255 255 255 255 255   0   0   0   0   0   0   0   0   0   0   0   0   0   0   0   0   0   0   0   0   0 255 255 255 255
11: 255 255 255 255 255 255 255 255 255 255 255   0   0   0   0   0   0   0   0   0   0   0   0   0   0   0   0   0   0   0   0 255 255 255 255 255
12: 255 255 255 255 255 255 255 255 255 255 255   0   0   0   0   0   0   0   0   0   0   0   0   0   0   0   0   0   0   0   0 255 255 255 255 255
13: 255 255 255 255 255 255 255 255 255 255   0   0   0   0   0   0   0   0   0   0   0   0   0   0   0   0   0   0   0   0   0 255 255 255 255 255
14: 255 255 255 255 255 255 255 255 255 255 255   0   0   0   0   0   0   0   0   0   0   0   0   0   0   0   0   0   0   0 255 255 255 255 255 255
15: 255 255 255 255 255 255 255 255 255 255 255   0   0   0   0   0   0   0   0   0   0   0   0   0   0   0   0   0   0 255 255 255 255 255 255 255
16: 255 255 255 255 255 255 255 255 255 255 255 255   0   0   0   0   0   0   0   0   0   0   0   0   0   0   0   0 255 255 255 255 255 255 255 255
17: 255 255 255 255 255 255 255 255 255 255 255 255 255 255 255   0   0   0   0   0   0   0   0   0   0   0   0   0   0 255 255 255 255 255 255 255
18: 255 255 255 255 255 255 255 255 255 255 255 255 255 255 255   0   0   0   0   0   0   0   0   0   0   0   0   0   0   0 255 255 255 255 255 255
19: 255 255 255 255 255 255 255 255 255 255 255 255 255   0   0   0   0   0   0   0   0   0   0   0   0   0   0   0   0   0   0 255 255 255 255 255
20: 255 255 255 255 255 255 255 255 255 255 255 255   0   0   0   0   0   0   0   0   0   0   0   0   0   0   0   0   0   0   0 255 255 255 255 255
21: 255 255 255 255 255 255 255 255 255 255 255   0   0   0   0   0   0   0   0   0   0   0   0   0   0   0   0   0   0   0   0   0 255 255 255 255
22: 255 255 255 255 255 255 255 255 255 255 255   0   0   0   0   0   0   0   0   0   0   0   0   0   0   0   0   0   0   0   0   0 255 255 255 255
23: 255 255 255 255 255 255 255 255 255 255   0   0   0   0   0   0   0   0   0   0   0   0   0   0   0   0   0   0   0   0   0   0   0 255 255 255
24: 255 255 255 255 255 255 255 255 255 255   0   0   0   0   0   0   0   0   0   0   0   0   0   0   0   0   0   0   0   0   0   0   0 255 255 255
25: 255 255 255 255 255 255 255 255 255 255 255   0   0   0   0   0   0   0   0   0   0   0   0   0   0   0   0   0   0   0   0   0   0 255 255 255
26: 255 255 255 255 255 255 255 255 255 255 255 255   0   0   0   0   0   0   0   0   0   0   0   0   0   0   0   0   0   0   0   0   0 255 255 255
27: 255 255 255 255 255 255 255 255 255 255 255 255 255   0   0   0   0   0   0   0   0   0   0   0   0   0   0   0   0   0   0   0 255 255 255 255
28: 255 255 255 255 255 255 255 255 255 255 255 255 255 255   0   0   0   0   0   0   0   0   0   0   0   0   0   0   0   0   0 255 255 255 255 255
29: 255 255 255 255 255 255 255 255 255 255 255 255 255 255 255   0   0   0   0   0   0   0   0   0   0   0   0   0   0 255 255 255 255 255 255 255
30: 255 255 255 255 255 255 255 255 255 255 255 255 255 255 255 255 255   0   0   0   0   0   0   0   0   0 255 255 255 255 255 255 255 255 255 255
Distances:
      0                                       1                                       2                                       3                    
      0   1   2   3   4   5   6   7   8   9   0   1   2   3   4   5   6   7   8   9   0   1   2   3   4   5   6   7   8   9   0   1   2   3   4   5
      -   -   -   -   -   -   -   -   -   -   -   -   -   -   -   -   -   -   -   -   -   -   -   -   -   -   -   -   -   -   -   -   -   -   -   -
 0:  42  39  36  35  32  31  28  27  26  24  23  22  20  19  18  17  16  15  14  13  12  12  12  12  12  12  12  13  14  15  16  17  18  19  20  23
 1:  41  38  35  32  31  28  27  24  23  22  20  19  18  16  15  14  13  12  11  10   9   9   9   9   9   9   9  10  11  12  13  14  15  16  19  20
 2:  40  37  34  31  28  27  24  23  20  19  18  16  15  14  12  11  10   9   8   7   6   6   6   6   6   6   6   7   8   9  10  11  12  15  16  19
 3:  39  36  33  30  27  24  23  20  19  16  15  14  12  11  10   8   7   6   6   4   3   3   3   3   3   3   3   4   6   6   7   8  11  12  15  18
 4:  38  35  32  29  26  23  20  19  16  15  12  11  10   8   7   6   4   3   3   3   0   0   0   0   0   0   0   3   3   3   4   7   8  11  14  17
 5:  37  34  31  28  25  22  19  16  15  12  11   8   7   6   4   3   3   0   0   0   0   0   0   0   0   0   0   0   0   0   3   4   7  10  13  16
 6:  36  33  30  27  24  21  18  15  12  11   8   7   4   3   3   0   0   0   0   0   0   0   0   0   0   0   0   0   0   0   0   3   6   9  12  15
 7:  35  32  29  26  23  20  17  14  11   8   7   4   3   0   0   0   0   0   0   0   0   0   0   0   0   0   0   0   0   0   0   3   6   8  11  14
 8:  34  31  28  25  22  19  16  13  10   7   4   3   0   0   0   0   0   0   0   0   0   0   0   0   0   0   0   0   0   0   0   3   4   7  10  13
 9:  33  30  27  24  21  18  15  12   9   6   3   0   0   0   0   0   0   0   0   0   0   0   0   0   0   0   0   0   0   0   0   0   3   6   9  12
10:  33  30  27  24  21  18  15  12   9   6   3   0   0   0   0   0   0   0   0   0   0   0   0   0   0   0   0   0   0   0   0   0   3   6   9  12
11:  32  29  26  23  20  17  14  11   8   6   3   0   0   0   0   0   0   0   0   0   0   0   0   0   0   0   0   0   0   0   0   3   4   7  10  13
12:  31  28  25  22  19  16  13  10   7   4   3   0   0   0   0   0   0   0   0   0   0   0   0   0   0   0   0   0   0   0   0   3   6   8  11  14
13:  30  27  24  21  18  15  12   9   6   3   0   0   0   0   0   0   0   0   0   0   0   0   0   0   0   0   0   0   0   0   0   3   6   9  12  15
14:  31  28  25  22  19  16  13  10   7   4   3   0   0   0   0   0   0   0   0   0   0   0   0   0   0   0   0   0   0   0   3   4   7  10  13  16
15:  32  29  26  23  20  17  14  11   8   6   3   0   0   0   0   0   0   0   0   0   0   0   0   0   0   0   0   0   0   3   4   7   8  11  14  17
16:  33  30  27  24  21  18  15  12  10   7   4   3   0   0   0   0   0   0   0   0   0   0   0   0   0   0   0   0   3   4   7   8  11  12  15  18
17:  34  31  28  25  22  19  16  14  11   8   7   4   3   3   3   0   0   0   0   0   0   0   0   0   0   0   0   0   0   3   4   7   8  11  14  16
18:  35  32  29  26  23  20  18  15  12  11   8   7   4   3   3   0   0   0   0   0   0   0   0   0   0   0   0   0   0   0   3   4   7  10  12  15
19:  34  31  28  25  22  19  16  14  11   8   7   4   3   0   0   0   0   0   0   0   0   0   0   0   0   0   0   0   0   0   0   3   6   8  11  14
20:  33  30  27  24  21  18  15  12  10   7   4   3   0   0   0   0   0   0   0   0   0   0   0   0   0   0   0   0   0   0   0   3   4   7  10  12
21:  32  29  26  23  20  17  14  11   8   6   3   0   0   0   0   0   0   0   0   0   0   0   0   0   0   0   0   0   0   0   0   0   3   6   8  11
22:  31  28  25  22  19  16  13  10   7   4   3   0   0   0   0   0   0   0   0   0   0   0   0   0   0   0   0   0   0   0   0   0   3   4   7  10
23:  30  27  24  21  18  15  12   9   6   3   0   0   0   0   0   0   0   0   0   0   0   0   0   0   0   0   0   0   0   0   0   0   0   3   6   9
24:  30  27  24  21  18  15  12   9   6   3   0   0   0   0   0   0   0   0   0   0   0   0   0   0   0   0   0   0   0   0   0   0   0   3   6   9
25:  31  28  25  22  19  16  13  10   7   4   3   0   0   0   0   0   0   0   0   0   0   0   0   0   0   0   0   0   0   0   0   0   0   3   6   9
26:  32  29  26  23  20  17  14  11   8   7   4   3   0   0   0   0   0   0   0   0   0   0   0   0   0   0   0   0   0   0   0   0   0   3   6   9
27:  33  30  27  24  21  18  15  12  11   8   7   4   3   0   0   0   0   0   0   0   0   0   0   0   0   0   0   0   0   0   0   0   3   4   7  10
28:  34  31  28  25  22  19  16  15  12  11   8   7   4   3   0   0   0   0   0   0   0   0   0   0   0   0   0   0   0   0   0   3   4   7   8  11
29:  35  32  29  26  23  20  19  16  15  12  11   8   7   4   3   0   0   0   0   0   0   0   0   0   0   0   0   0   0   3   3   4   7   8  11  12
30:  36  33  30  27  24  23  20  19  16  15  12  11   8   7   4   3   3   0   0   0   0   0   0   0   0   0   3   3   3   4   6   7   8  11  12  15

Best matches:
(x:  10 y:   3 dist:0,161)
(x:   9 y:   3 dist:0,177)
(x:  11 y:   3 dist:0,181)
(x:  14 y:   3 dist:0,181)
(x:  10 y:   2 dist:0,189)
(x:  13 y:   3 dist:0,189)
(x:  12 y:   3 dist:0,193)
(x:  14 y:   4 dist:0,193)
(x:  14 y:   2 dist:0,201)
(x:  13 y:   2 dist:0,205)
(x:  15 y:   3 dist:0,205)
(x:   9 y:   2 dist:0,209)
(x:  10 y:  14 dist:0,209)
(x:   9 y:   4 dist:0,213)
(x:  11 y:   2 dist:0,213)
(x:  15 y:   2 dist:0,213)
(x:  10 y:   4 dist:0,217)
(x:  12 y:   2 dist:0,217)
(x:  13 y:   4 dist:0,225)
(x:  14 y:   5 dist:0,225)
(x:  15 y:   4 dist:0,225)
(x:   8 y:   3 dist:0,229)
(x:   8 y:   4 dist:0,229)
(x:  13 y:   5 dist:0,229)
(x:   9 y:  14 dist:0,233)
(x:  11 y:  14 dist:0,233)
(x:  11 y:  13 dist:0,237)
(x:  16 y:   2 dist:0,237)
(x:  13 y:   1 dist:0,241)
(x:  13 y:   6 dist:0,241)
(x:  10 y:  13 dist:0,245)
(x:  12 y:  14 dist:0,245)
(x:  14 y:   6 dist:0,245)
(x:  15 y:   1 dist:0,245)
(x:   8 y:   2 dist:0,249)
(x:   9 y:  13 dist:0,249)
(x:  11 y:   4 dist:0,249)
(x:  12 y:   1 dist:0,249)
(x:  12 y:   4 dist:0,249)
(x:  12 y:  13 dist:0,249)
(x:   9 y:   5 dist:0,253)
(x:  10 y:   1 dist:0,253)
(x:  11 y:   1 dist:0,253)
(x:  13 y:   7 dist:0,253)
(x:  14 y:   1 dist:0,253)
(x:  15 y:   5 dist:0,253)
(x:  12 y:  12 dist:0,257)
(x:  13 y:  14 dist:0,257)
(x:  16 y:   3 dist:0,257)
(x:  10 y:   5 dist:0,261)
(x:  12 y:   5 dist:0,261)
(x:  12 y:   6 dist:0,261)
(x:  13 y:  13 dist:0,261)
(x:  16 y:   4 dist:0,261)
(x:  10 y:  12 dist:0,265)
(x:  11 y:  12 dist:0,265)
(x:  14 y:   7 dist:0,265)
(x:   8 y:   5 dist:0,269)
(x:  11 y:   5 dist:0,269)
(x:  12 y:   7 dist:0,269)
(x:  12 y:   8 dist:0,269)
(x:  13 y:   8 dist:0,269)
(x:  13 y:  12 dist:0,269)
(x:  15 y:   6 dist:0,269)
(x:  16 y:   1 dist:0,269)
(x:   8 y:  14 dist:0,273)
(x:  11 y:   6 dist:0,273)
(x:  11 y:  11 dist:0,273)
(x:  12 y:   9 dist:0,273)
(x:  12 y:  11 dist:0,273)
(x:  14 y:   8 dist:0,273)
(x:  14 y:  14 dist:0,273)
(x:   7 y:   4 dist:0,277)
(x:   9 y:  12 dist:0,277)
(x:  11 y:   7 dist:0,277)
(x:  11 y:   8 dist:0,277)
(x:  11 y:   9 dist:0,277)
(x:  11 y:  10 dist:0,277)
(x:  12 y:  10 dist:0,277)
(x:  13 y:   9 dist:0,277)
(x:  14 y:   9 dist:0,277)
(x:  14 y:  10 dist:0,277)
(x:  15 y:   7 dist:0,277)
(x:   7 y:   3 dist:0,281)
(x:   8 y:  13 dist:0,281)
(x:   9 y:   6 dist:0,281)
(x:  10 y:   6 dist:0,281)
(x:  10 y:  11 dist:0,281)
(x:  13 y:  11 dist:0,281)
(x:   7 y:   5 dist:0,285)
(x:   8 y:  12 dist:0,285)
(x:   9 y:   1 dist:0,285)
(x:  10 y:   7 dist:0,285)
(x:  13 y:  10 dist:0,285)
(x:  14 y:  11 dist:0,285)
(x:  16 y:   5 dist:0,285)
(x:   8 y:   6 dist:0,289)
(x:  10 y:  10 dist:0,289)
(x:  14 y:  13 dist:0,289)
(x:  10 y:   8 dist:0,293)
(x:  13 y:   0 dist:0,293)
(x:  14 y:  12 dist:0,293)
(x:   7 y:   2 dist:0,297)
(x:   9 y:  11 dist:0,297)
(x:  10 y:   9 dist:0,297)
(x:  14 y:   0 dist:0,297)
(x:  15 y:   0 dist:0,297)
(x:  15 y:   8 dist:0,297)
(x:  15 y:  14 dist:0,297)
(x:  16 y:   6 dist:0,297)
(x:   9 y:   7 dist:0,301)
(x:   9 y:   8 dist:0,301)
(x:  12 y:   0 dist:0,301)
(x:  15 y:  13 dist:0,301)
(x:  16 y:   0 dist:0,301)
(x:   8 y:   7 dist:0,305)
(x:   8 y:  11 dist:0,305)
(x:   9 y:   9 dist:0,305)
(x:   9 y:  10 dist:0,305)
(x:  15 y:   9 dist:0,305)
(x:  15 y:  10 dist:0,305)
(x:  16 y:   7 dist:0,305)
(x:  15 y:  11 dist:0,309)
(x:  15 y:  12 dist:0,309)
(x:  16 y:  14 dist:0,309)
(x:   7 y:   6 dist:0,313)
(x:   7 y:  13 dist:0,313)
(x:   7 y:  14 dist:0,313)
(x:   8 y:   8 dist:0,313)
(x:   8 y:  10 dist:0,313)
(x:  11 y:   0 dist:0,313)
(x:   7 y:  12 dist:0,317)
(x:   8 y:   1 dist:0,317)
(x:   8 y:   9 dist:0,317)
(x:  10 y:   0 dist:0,317)
(x:  16 y:   8 dist:0,317)
(x:   7 y:   7 dist:0,321)
(x:   7 y:  11 dist:0,321)
(x:   6 y:   4 dist:0,325)
(x:   6 y:   5 dist:0,325)
(x:   7 y:   8 dist:0,325)
(x:  16 y:   9 dist:0,325)
(x:  16 y:  10 dist:0,329)
(x:  16 y:  11 dist:0,329)
(x:  16 y:  12 dist:0,329)
(x:  16 y:  13 dist:0,329)
(x:   6 y:   3 dist:0,333)
(x:   7 y:  10 dist:0,333)
(x:   7 y:   9 dist:0,337)
(x:   9 y:   0 dist:0,337)
(x:   6 y:   6 dist:0,341)
(x:   6 y:   2 dist:0,345)
(x:   6 y:   7 dist:0,349)
(x:   6 y:  11 dist:0,349)
(x:   6 y:  12 dist:0,349)
(x:   6 y:  13 dist:0,349)
(x:   6 y:  14 dist:0,349)
(x:   6 y:   9 dist:0,353)
(x:   6 y:  10 dist:0,353)
(x:   7 y:   1 dist:0,353)
(x:   6 y:   8 dist:0,357)
(x:   8 y:   0 dist:0,369)
(x:   5 y:   4 dist:0,373)
(x:   5 y:   5 dist:0,373)
(x:   5 y:   6 dist:0,382)
(x:   5 y:  10 dist:0,382)
(x:   5 y:   3 dist:0,386)
(x:   5 y:   7 dist:0,386)
(x:   5 y:  11 dist:0,386)
(x:   5 y:  12 dist:0,386)
(x:   5 y:  13 dist:0,386)
(x:   5 y:   9 dist:0,390)
(x:   5 y:   2 dist:0,394)
(x:   5 y:   8 dist:0,394)
(x:   5 y:  14 dist:0,394)
(x:   6 y:   1 dist:0,398)
(x:   7 y:   0 dist:0,406)
(x:   4 y:   4 dist:0,418)
(x:   4 y:   5 dist:0,422)
(x:   4 y:   6 dist:0,422)
(x:   4 y:  11 dist:0,422)
(x:   4 y:   3 dist:0,426)
(x:   4 y:  10 dist:0,426)
(x:   4 y:   7 dist:0,430)
(x:   4 y:  12 dist:0,430)
(x:   4 y:  13 dist:0,430)
(x:   4 y:   9 dist:0,434)
(x:   4 y:   8 dist:0,438)
(x:   4 y:  14 dist:0,442)
(x:   5 y:   1 dist:0,442)
(x:   4 y:   2 dist:0,446)
(x:   6 y:   0 dist:0,446)
(x:   3 y:   4 dist:0,462)
(x:   3 y:   3 dist:0,466)
(x:   3 y:  11 dist:0,466)
(x:   3 y:   5 dist:0,470)
(x:   3 y:   6 dist:0,470)
(x:   3 y:   7 dist:0,470)
(x:   3 y:  10 dist:0,470)
(x:   3 y:  12 dist:0,474)
(x:   3 y:   9 dist:0,478)
(x:   3 y:  13 dist:0,478)
(x:   3 y:   8 dist:0,482)
(x:   3 y:  14 dist:0,482)
(x:   4 y:   1 dist:0,486)
(x:   5 y:   0 dist:0,486)
(x:   3 y:   2 dist:0,498)
(x:   2 y:   3 dist:0,506)
(x:   2 y:   4 dist:0,510)
(x:   2 y:   5 dist:0,510)
(x:   2 y:  11 dist:0,510)
(x:   2 y:  10 dist:0,514)
(x:   2 y:   6 dist:0,518)
(x:   2 y:   7 dist:0,518)
(x:   2 y:  13 dist:0,518)
(x:   2 y:   8 dist:0,522)
(x:   2 y:   9 dist:0,522)
(x:   2 y:  12 dist:0,522)
(x:   2 y:  14 dist:0,522)
(x:   4 y:   0 dist:0,526)
(x:   3 y:   1 dist:0,530)
(x:   1 y:   4 dist:0,542)
(x:   2 y:   2 dist:0,542)
(x:   1 y:   3 dist:0,550)
(x:   1 y:   5 dist:0,550)
(x:   1 y:   6 dist:0,558)
(x:   1 y:  12 dist:0,558)
(x:   1 y:  10 dist:0,562)
(x:   1 y:  11 dist:0,562)
(x:   1 y:   7 dist:0,566)
(x:   1 y:  13 dist:0,566)
(x:   1 y:  14 dist:0,566)
(x:   2 y:   1 dist:0,566)
(x:   3 y:   0 dist:0,566)
(x:   1 y:   8 dist:0,570)
(x:   1 y:   9 dist:0,570)
(x:   0 y:   4 dist:0,574)
(x:   0 y:   5 dist:0,582)
(x:   1 y:   2 dist:0,582)
(x:   0 y:   3 dist:0,594)
(x:   0 y:   6 dist:0,594)
(x:   0 y:  12 dist:0,602)
(x:   0 y:  11 dist:0,606)
(x:   2 y:   0 dist:0,606)
(x:   0 y:   7 dist:0,610)
(x:   0 y:   8 dist:0,610)
(x:   0 y:  13 dist:0,610)
(x:   0 y:  14 dist:0,610)
(x:   1 y:   1 dist:0,610)
(x:   0 y:  10 dist:0,614)
(x:   0 y:   9 dist:0,618)
(x:   0 y:   2 dist:0,622)
(x:   1 y:   0 dist:0,639)
(x:   0 y:   1 dist:0,647)
(x:   0 y:   0 dist:0,671)
]]></system-out>
  <system-err><![CDATA[]]></system-err>
</testsuite>
