<?xml version="1.0" encoding="UTF-8"?>
<testsuite name="org.audiveris.omr.image.MedianGrayFilterTest" tests="1" skipped="0" failures="0" errors="0" timestamp="2019-05-16T20:57:10" hostname="MacBook-Air-de-Maria.local" time="0.013">
  <properties/>
  <testcase name="testProcess_ex_1" classname="org.audiveris.omr.image.MedianGrayFilterTest" time="0.013"/>
  <system-out><![CDATA[
process_ex_1
initial ex:
 255 255 255 255 255 255 255 255
 255 255 255 255 255 255 255 255
 255 255 255   0   0 255 255 255
 255 255 255   0   0 255 255 255
 255 255 255   0 255 255 255 255
 255 255   0 255 255 255 255 255
 255 255 255 255 255 255 255 255
 255 255 255 255 255 255 255 255
Expected:
 255 255 255 255 255 255 255 255
 255 255 255 255 255 255 255 255
 255 255 255 255 255 255 255 255
 255 255 255   0   0 255 255 255
 255 255 255 255 255 255 255 255
 255 255 255 255 255 255 255 255
 255 255 255 255 255 255 255 255
 255 255 255 255 255 255 255 255
result:
 255 255 255 255 255 255 255 255
 255 255 255 255 255 255 255 255
 255 255 255 255 255 255 255 255
 255 255 255   0   0 255 255 255
 255 255 255 255 255 255 255 255
 255 255 255 255 255 255 255 255
 255 255 255 255 255 255 255 255
 255 255 255 255 255 255 255 255
]]></system-out>
  <system-err><![CDATA[]]></system-err>
</testsuite>
