<?xml version="1.0" encoding="UTF-8"?>
<testsuite name="org.audiveris.omr.image.MaskTest" tests="2" skipped="0" failures="0" errors="0" timestamp="2019-04-22T15:57:20" hostname="MacBook-Air-de-Maria.local" time="0.002">
  <properties/>
  <testcase name="testApply" classname="org.audiveris.omr.image.MaskTest" time="0.001"/>
  <testcase name="testGetPointCount" classname="org.audiveris.omr.image.MaskTest" time="0.001"/>
  <system-out><![CDATA[apply
x:10 y:20
x:11 y:20
x:12 y:20
x:10 y:21
x:11 y:21
x:12 y:21
getPointCount
]]></system-out>
  <system-err><![CDATA[]]></system-err>
</testsuite>
