<?xml version="1.0" encoding="UTF-8"?>
<testsuite name="org.audiveris.omr.glyph.GlyphFactoryTest" tests="1" skipped="0" failures="0" errors="0" timestamp="2019-05-16T20:57:11" hostname="MacBook-Air-de-Maria.local" time="0.003">
  <properties/>
  <testcase name="testCreateGlyphs" classname="org.audiveris.omr.glyph.GlyphFactoryTest" time="0.003"/>
  <system-out><![CDATA[createGlyphs
15:57:11.592 [Test worker] DEBUG org.audiveris.omr.glyph.GlyphFactory - glyphs: 3
]]></system-out>
  <system-err><![CDATA[]]></system-err>
</testsuite>
