<?xml version="1.0" encoding="UTF-8"?>
<testsuite name="org.audiveris.omr.glyph.GlyphFactoryTest" tests="1" skipped="0" failures="0" errors="0" timestamp="2019-04-22T15:57:20" hostname="MacBook-Air-de-Maria.local" time="0.008">
  <properties/>
  <testcase name="testCreateGlyphs" classname="org.audiveris.omr.glyph.GlyphFactoryTest" time="0.008"/>
  <system-out><![CDATA[createGlyphs
10:57:20.708 [Test worker] DEBUG org.audiveris.omr.glyph.GlyphFactory - glyphs: 3
]]></system-out>
  <system-err><![CDATA[]]></system-err>
</testsuite>
