<?xml version="1.0" encoding="UTF-8"?>
<testsuite name="org.audiveris.omr.util.StopWatchTest" tests="4" skipped="0" failures="0" errors="0" timestamp="2019-04-22T15:57:19" hostname="MacBook-Air-de-Maria.local" time="0.189">
  <properties/>
  <testcase name="testOne" classname="org.audiveris.omr.util.StopWatchTest" time="0.001"/>
  <testcase name="testOverlap" classname="org.audiveris.omr.util.StopWatchTest" time="0.181"/>
  <testcase name="testSimple" classname="org.audiveris.omr.util.StopWatchTest" time="0.005"/>
  <testcase name="testVoid" classname="org.audiveris.omr.util.StopWatchTest" time="0.0"/>
  <system-out><![CDATA[void

StopWatch "Utility Watch"
-----------------------------------
   ms    % Task
-----------------------------------
    0 100% task #1
-----------------------------------
    0 100% Total
overlap

StopWatch "Utility Watch"
-----------------------------------
   ms    % Task
-----------------------------------
   92  50% task #1
   86  47% task #2
    3   1% task #3
-----------------------------------
  181 100% Total
simple

StopWatch "Utility Watch"
-----------------------------------
   ms    % Task
-----------------------------------
    1  25% task #1
    1  25% task #2
    2  50% task #3
-----------------------------------
    4 100% Total
void

StopWatch "Utility Watch"
-----------------------------------
   ms    % Task
-----------------------------------
-----------------------------------
    0 100% Total
]]></system-out>
  <system-err><![CDATA[]]></system-err>
</testsuite>
