<?xml version="1.0" encoding="UTF-8"?>
<testsuite name="org.audiveris.omr.jaxb.basic.BasicTest" tests="2" skipped="0" failures="0" errors="0" timestamp="2019-04-22T15:57:20" hostname="MacBook-Air-de-Maria.local" time="0.148">
  <properties/>
  <testcase name="testMarshall" classname="org.audiveris.omr.jaxb.basic.BasicTest" time="0.147"/>
  <testcase name="testDummy" classname="org.audiveris.omr.jaxb.basic.BasicTest" time="0.0"/>
  <system-out><![CDATA[
---
testMarshall:

tips:
1.0
2.345
4.5
Marshalling ...
getTitles
Marshalled to data/temp/basic-data.xml
+++ End testMarshall(org.audiveris.omr.jaxb.basic.BasicTest)

---
testDummy:
+++ End testDummy(org.audiveris.omr.jaxb.basic.BasicTest)
]]></system-out>
  <system-err><![CDATA[]]></system-err>
</testsuite>
