<?xml version="1.0" encoding="UTF-8"?>
<testsuite name="AudiverisTest" tests="1" skipped="0" failures="0" errors="0" timestamp="2019-04-22T15:57:21" hostname="MacBook-Air-de-Maria.local" time="0.0">
  <properties/>
  <testcase name="testMultipleCalls" classname="AudiverisTest" time="0.0"/>
  <system-out><![CDATA[testMultipleCalls
]]></system-out>
  <system-err><![CDATA[]]></system-err>
</testsuite>
